#
# There is insufficient memory for the Java Runtime Environment to continue.
# Native memory allocation (malloc) failed to allocate 1284880 bytes for Chunk::new
# Possible reasons:
#   The system is out of physical RAM or swap space
#   The process is running with CompressedOops enabled, and the Java Heap may be blocking the growth of the native heap
# Possible solutions:
#   Reduce memory load on the system
#   Increase physical memory or swap space
#   Check if swap backing store is full
#   Decrease Java heap size (-Xmx/-Xms)
#   Decrease number of Java threads
#   Decrease Java thread stack sizes (-Xss)
#   Set larger code cache with -XX:ReservedCodeCacheSize=
#   JVM is running with Unscaled Compressed Oops mode in which the Java heap is
#     placed in the first 4GB address space. The Java Heap base address is the
#     maximum limit for the native heap growth. Please use -XX:HeapBaseMinAddress
#     to set the Java Heap base and to place the Java Heap above 4GB virtual address.
# This output file may be truncated or incomplete.
#
#  Out of Memory Error (allocation.cpp:389), pid=21080, tid=0x0000000000003868
#
# JRE version: Java(TM) SE Runtime Environment (8.0_251-b08) (build 1.8.0_251-b08)
# Java VM: Java HotSpot(TM) 64-Bit Server VM (25.251-b08 mixed mode windows-amd64 compressed oops)
# Failed to write core dump. Minidumps are not enabled by default on client versions of Windows
#

---------------  T H R E A D  ---------------

Current thread (0x0000000018a14000):  JavaThread "C2 CompilerThread0" daemon [_thread_in_native, id=14440, stack(0x0000000019320000,0x0000000019420000)]

Stack: [0x0000000019320000,0x0000000019420000]
[error occurred during error reporting (printing stack bounds), id 0xc0000005]

Native frames: (J=compiled Java code, j=interpreted, Vv=VM code, C=native code)


Current CompileTask:
C2:  17161 5410   !   4       com.sun.beans.TypeResolver::resolve (274 bytes)


---------------  P R O C E S S  ---------------

Java Threads: ( => current thread )
  0x000000001e1ab000 JavaThread "Unknown thread" [_thread_blocked, id=11096, stack(0x00000000245e0000,0x00000000246e0000)]
  0x000000001e1b1800 
[error occurred during error reporting (printing all threads), id 0xc0000005]

VM state:at safepoint (normal execution)

VM Mutex/Monitor currently owned by a thread:  ([mutex/lock_event])
[0x0000000002cfd990] Threads_lock - owner thread: 0x0000000016bfa000
[0x0000000002cfe690] Heap_lock - owner thread: 0x000000001b07a000

heap address: 0x00000000a0000000, size: 1536 MB, Compressed Oops mode: 32-bit
Narrow klass base: 0x0000000000000000, Narrow klass shift: 3
Compressed class space size: 1073741824 Address: 0x0000000100000000

Heap:
 PSYoungGen      total 244224K, used 16726K [0x00000000e0000000, 0x00000000f1e00000, 0x0000000100000000)
  eden space 222208K, 0% used [0x00000000e0000000,0x00000000e0000000,0x00000000ed900000)
  from space 22016K, 75% used [0x00000000f0880000,0x00000000f18d5820,0x00000000f1e00000)
  to   space 15872K, 0% used [0x00000000ed900000,0x00000000ed900000,0x00000000ee880000)
 ParOldGen       total 93184K, used 31855K [0x00000000a0000000, 0x00000000a5b00000, 0x00000000e0000000)
  object space 93184K, 34% used [0x00000000a0000000,0x00000000a1f1bcf0,0x00000000a5b00000)
 Metaspace       used 56937K, capacity 58984K, committed 59096K, reserved 1099776K
  class space    used 7688K, capacity 8170K, committed 8192K, reserved 1048576K

Card table byte_map: [0x00000000121e0000,0x00000000124f0000] byte_map_base: 0x0000000011ce0000

Marking Bits: (ParMarkBitMap*) 0x000000005a70af90
 Begin Bits: [0x0000000012ef0000, 0x00000000146f0000)
 End Bits:   [0x00000000146f0000, 0x0000000015ef0000)

Polling page: 0x0000000002ce0000

CodeCache: size=245760Kb used=17630Kb max_used=17667Kb free=228129Kb
 bounds [0x0000000002e20000, 0x0000000003f70000, 0x0000000011e20000]
 total_blobs=5865 nmethods=5068 adapters=708
 compilation: enabled

Compilation events (10 events):
Event: 16.900 Thread 0x0000000018a20000 5509       1       com.android.build.gradle.internal.publishing.OutputSpecImpl::getPublishedConfigTypes (5 bytes)
Event: 16.900 Thread 0x0000000018a20000 nmethod 5509 0x0000000003f4af50 code [0x0000000003f4b0a0, 0x0000000003f4b1b0]
Event: 16.920 Thread 0x0000000018a20000 5510       3       org.gradle.internal.instantiation.generator.AbstractClassGenerator$ExtensibleTypePropertyHandler::applyTo (228 bytes)
Event: 16.922 Thread 0x0000000018a20000 nmethod 5510 0x0000000003f4b450 code [0x0000000003f4b7c0, 0x0000000003f4d508]
Event: 16.934 Thread 0x0000000018a20000 5511       3       org.gradle.internal.instantiation.generator.AbstractClassGenerator::assembleProperties (239 bytes)
Event: 16.938 Thread 0x0000000018a20000 nmethod 5511 0x0000000003f4e2d0 code [0x0000000003f4e7e0, 0x0000000003f51958]
Event: 16.938 Thread 0x0000000018a20000 5512       1       kotlin.reflect.jvm.internal.pcollections.ConsPStack::size (5 bytes)
Event: 16.938 Thread 0x0000000018a20000 nmethod 5512 0x0000000003f53890 code [0x0000000003f539e0, 0x0000000003f53af0]
Event: 17.017 Thread 0x0000000018a1a000 nmethod 5418 0x0000000003f5ce50 code [0x0000000003f5d4c0, 0x0000000003f63998]
Event: 17.017 Thread 0x0000000018a1a000 5436       4       java.beans.Introspector::addMethod (196 bytes)

GC Heap History (10 events):
Event: 9.352 GC heap after
Heap after GC invocations=8 (full 1):
 PSYoungGen      total 144384K, used 11244K [0x00000000e0000000, 0x00000000efc00000, 0x0000000100000000)
  eden space 133120K, 0% used [0x00000000e0000000,0x00000000e0000000,0x00000000e8200000)
  from space 11264K, 99% used [0x00000000e8200000,0x00000000e8cfb120,0x00000000e8d00000)
  to   space 15360K, 0% used [0x00000000eed00000,0x00000000eed00000,0x00000000efc00000)
 ParOldGen       total 55808K, used 11945K [0x00000000a0000000, 0x00000000a3680000, 0x00000000e0000000)
  object space 55808K, 21% used [0x00000000a0000000,0x00000000a0baa760,0x00000000a3680000)
 Metaspace       used 34379K, capacity 35296K, committed 35456K, reserved 1079296K
  class space    used 4614K, capacity 4886K, committed 4992K, reserved 1048576K
}
Event: 9.352 GC heap before
{Heap before GC invocations=9 (full 2):
 PSYoungGen      total 144384K, used 11244K [0x00000000e0000000, 0x00000000efc00000, 0x0000000100000000)
  eden space 133120K, 0% used [0x00000000e0000000,0x00000000e0000000,0x00000000e8200000)
  from space 11264K, 99% used [0x00000000e8200000,0x00000000e8cfb120,0x00000000e8d00000)
  to   space 15360K, 0% used [0x00000000eed00000,0x00000000eed00000,0x00000000efc00000)
 ParOldGen       total 55808K, used 11945K [0x00000000a0000000, 0x00000000a3680000, 0x00000000e0000000)
  object space 55808K, 21% used [0x00000000a0000000,0x00000000a0baa760,0x00000000a3680000)
 Metaspace       used 34379K, capacity 35296K, committed 35456K, reserved 1079296K
  class space    used 4614K, capacity 4886K, committed 4992K, reserved 1048576K
Event: 9.422 GC heap after
Heap after GC invocations=9 (full 2):
 PSYoungGen      total 144384K, used 0K [0x00000000e0000000, 0x00000000efc00000, 0x0000000100000000)
  eden space 133120K, 0% used [0x00000000e0000000,0x00000000e0000000,0x00000000e8200000)
  from space 11264K, 0% used [0x00000000e8200000,0x00000000e8200000,0x00000000e8d00000)
  to   space 15360K, 0% used [0x00000000eed00000,0x00000000eed00000,0x00000000efc00000)
 ParOldGen       total 93184K, used 22003K [0x00000000a0000000, 0x00000000a5b00000, 0x00000000e0000000)
  object space 93184K, 23% used [0x00000000a0000000,0x00000000a157cf28,0x00000000a5b00000)
 Metaspace       used 34364K, capacity 35278K, committed 35456K, reserved 1079296K
  class space    used 4609K, capacity 4880K, committed 4992K, reserved 1048576K
}
Event: 11.765 GC heap before
{Heap before GC invocations=10 (full 2):
 PSYoungGen      total 144384K, used 133120K [0x00000000e0000000, 0x00000000efc00000, 0x0000000100000000)
  eden space 133120K, 100% used [0x00000000e0000000,0x00000000e8200000,0x00000000e8200000)
  from space 11264K, 0% used [0x00000000e8200000,0x00000000e8200000,0x00000000e8d00000)
  to   space 15360K, 0% used [0x00000000eed00000,0x00000000eed00000,0x00000000efc00000)
 ParOldGen       total 93184K, used 22003K [0x00000000a0000000, 0x00000000a5b00000, 0x00000000e0000000)
  object space 93184K, 23% used [0x00000000a0000000,0x00000000a157cf28,0x00000000a5b00000)
 Metaspace       used 40350K, capacity 41808K, committed 41984K, reserved 1085440K
  class space    used 5540K, capacity 5883K, committed 5888K, reserved 1048576K
Event: 11.786 GC heap after
Heap after GC invocations=10 (full 2):
 PSYoungGen      total 206336K, used 10992K [0x00000000e0000000, 0x00000000ef800000, 0x0000000100000000)
  eden space 195072K, 0% used [0x00000000e0000000,0x00000000e0000000,0x00000000ebe80000)
  from space 11264K, 97% used [0x00000000eed00000,0x00000000ef7bc0f0,0x00000000ef800000)
  to   space 15872K, 0% used [0x00000000ed900000,0x00000000ed900000,0x00000000ee880000)
 ParOldGen       total 93184K, used 22011K [0x00000000a0000000, 0x00000000a5b00000, 0x00000000e0000000)
  object space 93184K, 23% used [0x00000000a0000000,0x00000000a157ef28,0x00000000a5b00000)
 Metaspace       used 40350K, capacity 41808K, committed 41984K, reserved 1085440K
  class space    used 5540K, capacity 5883K, committed 5888K, reserved 1048576K
}
Event: 16.397 GC heap before
{Heap before GC invocations=11 (full 2):
 PSYoungGen      total 206336K, used 206064K [0x00000000e0000000, 0x00000000ef800000, 0x0000000100000000)
  eden space 195072K, 100% used [0x00000000e0000000,0x00000000ebe80000,0x00000000ebe80000)
  from space 11264K, 97% used [0x00000000eed00000,0x00000000ef7bc0f0,0x00000000ef800000)
  to   space 15872K, 0% used [0x00000000ed900000,0x00000000ed900000,0x00000000ee880000)
 ParOldGen       total 93184K, used 22011K [0x00000000a0000000, 0x00000000a5b00000, 0x00000000e0000000)
  object space 93184K, 23% used [0x00000000a0000000,0x00000000a157ef28,0x00000000a5b00000)
 Metaspace       used 55864K, capacity 57936K, committed 58240K, reserved 1099776K
  class space    used 7543K, capacity 7998K, committed 8064K, reserved 1048576K
Event: 16.457 GC heap after
Heap after GC invocations=11 (full 2):
 PSYoungGen      total 238080K, used 15864K [0x00000000e0000000, 0x00000000f1e00000, 0x0000000100000000)
  eden space 222208K, 0% used [0x00000000e0000000,0x00000000e0000000,0x00000000ed900000)
  from space 15872K, 99% used [0x00000000ed900000,0x00000000ee87e258,0x00000000ee880000)
  to   space 22016K, 0% used [0x00000000f0880000,0x00000000f0880000,0x00000000f1e00000)
 ParOldGen       total 93184K, used 31847K [0x00000000a0000000, 0x00000000a5b00000, 0x00000000e0000000)
  object space 93184K, 34% used [0x00000000a0000000,0x00000000a1f19cf0,0x00000000a5b00000)
 Metaspace       used 55864K, capacity 57936K, committed 58240K, reserved 1099776K
  class space    used 7543K, capacity 7998K, committed 8064K, reserved 1048576K
}
Event: 17.020 GC heap before
{Heap before GC invocations=12 (full 2):
 PSYoungGen      total 238080K, used 39951K [0x00000000e0000000, 0x00000000f1e00000, 0x0000000100000000)
  eden space 222208K, 10% used [0x00000000e0000000,0x00000000e1785a60,0x00000000ed900000)
  from space 15872K, 99% used [0x00000000ed900000,0x00000000ee87e258,0x00000000ee880000)
  to   space 22016K, 0% used [0x00000000f0880000,0x00000000f0880000,0x00000000f1e00000)
 ParOldGen       total 93184K, used 31847K [0x00000000a0000000, 0x00000000a5b00000, 0x00000000e0000000)
  object space 93184K, 34% used [0x00000000a0000000,0x00000000a1f19cf0,0x00000000a5b00000)
 Metaspace       used 56937K, capacity 58984K, committed 59096K, reserved 1099776K
  class space    used 7688K, capacity 8170K, committed 8192K, reserved 1048576K
Event: 17.069 GC heap after
Heap after GC invocations=12 (full 2):
 PSYoungGen      total 244224K, used 16726K [0x00000000e0000000, 0x00000000f1e00000, 0x0000000100000000)
  eden space 222208K, 0% used [0x00000000e0000000,0x00000000e0000000,0x00000000ed900000)
  from space 22016K, 75% used [0x00000000f0880000,0x00000000f18d5820,0x00000000f1e00000)
  to   space 15872K, 0% used [0x00000000ed900000,0x00000000ed900000,0x00000000ee880000)
 ParOldGen       total 93184K, used 31855K [0x00000000a0000000, 0x00000000a5b00000, 0x00000000e0000000)
  object space 93184K, 34% used [0x00000000a0000000,0x00000000a1f1bcf0,0x00000000a5b00000)
 Metaspace       used 56937K, capacity 58984K, committed 59096K, reserved 1099776K
  class space    used 7688K, capacity 8170K, committed 8192K, reserved 1048576K
}
Event: 17.069 GC heap before
{Heap before GC invocations=13 (full 3):
 PSYoungGen      total 244224K, used 16726K [0x00000000e0000000, 0x00000000f1e00000, 0x0000000100000000)
  eden space 222208K, 0% used [0x00000000e0000000,0x00000000e0000000,0x00000000ed900000)
  from space 22016K, 75% used [0x00000000f0880000,0x00000000f18d5820,0x00000000f1e00000)
  to   space 15872K, 0% used [0x00000000ed900000,0x00000000ed900000,0x00000000ee880000)
 ParOldGen       total 93184K, used 31855K [0x00000000a0000000, 0x00000000a5b00000, 0x00000000e0000000)
  object space 93184K, 34% used [0x00000000a0000000,0x00000000a1f1bcf0,0x00000000a5b00000)
 Metaspace       used 56937K, capacity 58984K, committed 59096K, reserved 1099776K
  class space    used 7688K, capacity 8170K, committed 8192K, reserved 1048576K

Deoptimization events (10 events):
Event: 15.202 Thread 0x000000001b07a000 Uncommon trap: reason=unstable_if action=reinterpret pc=0x00000000038b251c method=org.codehaus.groovy.runtime.metaclass.MetaMethodIndex.isNonRealMethod(Lgroovy/lang/MetaMethod;)Z @ 4
Event: 15.203 Thread 0x000000001b07a000 Uncommon trap: reason=unstable_if action=reinterpret pc=0x0000000003b270e0 method=groovy.lang.MetaClassImpl$1MOPIter.methodNameAction(Ljava/lang/Class;Lorg/codehaus/groovy/runtime/metaclass/MetaMethodIndex$Entry;)V @ 182
Event: 15.320 Thread 0x000000001b07a000 Uncommon trap: reason=unstable_if action=reinterpret pc=0x0000000003929968 method=java.lang.CharacterDataLatin1.digit(II)I @ 31
Event: 15.459 Thread 0x000000001b07a000 Uncommon trap: reason=unstable_if action=reinterpret pc=0x00000000030962c0 method=sun.net.www.protocol.jar.Handler.parseURL(Ljava/net/URL;Ljava/lang/String;II)V @ 116
Event: 15.485 Thread 0x000000001b07a000 Uncommon trap: reason=unstable_if action=reinterpret pc=0x0000000003c096f8 method=java.util.concurrent.ConcurrentHashMap.putVal(Ljava/lang/Object;Ljava/lang/Object;Z)Ljava/lang/Object; @ 195
Event: 15.826 Thread 0x000000001b07a000 Uncommon trap: reason=unstable_if action=reinterpret pc=0x000000000311712c method=org.objectweb.asm.ByteVector.putInt(I)Lorg/objectweb/asm/ByteVector; @ 13
Event: 15.998 Thread 0x000000001b07a000 Uncommon trap: reason=bimorphic action=maybe_recompile pc=0x0000000003d726fc method=java.util.regex.Pattern$5.isSatisfiedBy(I)Z @ 16
Event: 16.014 Thread 0x000000001b07a000 Uncommon trap: reason=null_check action=make_not_entrant pc=0x00000000031e0750 method=java.lang.Class.searchMethods([Ljava/lang/reflect/Method;Ljava/lang/String;[Ljava/lang/Class;)Ljava/lang/reflect/Method; @ 59
Event: 16.548 Thread 0x000000001b07a000 Uncommon trap: reason=unstable_if action=reinterpret pc=0x0000000003f167a8 method=org.codehaus.groovy.runtime.metaclass.MetaMethodIndex.addMethodToList(Ljava/lang/Object;Lgroovy/lang/MetaMethod;)Ljava/lang/Object; @ 256
Event: 16.657 Thread 0x000000001b07a000 Uncommon trap: reason=bimorphic action=maybe_recompile pc=0x0000000003d726fc method=java.util.regex.Pattern$5.isSatisfiedBy(I)Z @ 16

Classes redefined (0 events):
No events

Internal exceptions (10 events):
Event: 16.552 Thread 0x000000001b07a000 Exception <a 'java/lang/ClassNotFoundException': org/gradle/api/internal/artifacts/dependencies/DefaultExternalModuleDependency_DecoratedBeanInfo> (0x00000000e04ecce8) thrown at [C:\jenkins\workspace\8-2-build-windows-amd64-cygwin\jdk8u251\737\hotspot\src
Event: 16.553 Thread 0x000000001b07a000 Exception <a 'java/lang/ClassNotFoundException': org/gradle/api/internal/artifacts/dependencies/DefaultExternalModuleDependencyBeanInfo> (0x00000000e0559510) thrown at [C:\jenkins\workspace\8-2-build-windows-amd64-cygwin\jdk8u251\737\hotspot\src\share\vm\
Event: 16.556 Thread 0x000000001b07a000 Exception <a 'java/lang/ClassNotFoundException': org/gradle/api/internal/artifacts/dependencies/AbstractExternalModuleDependencyBeanInfo> (0x00000000e05c71c0) thrown at [C:\jenkins\workspace\8-2-build-windows-amd64-cygwin\jdk8u251\737\hotspot\src\share\vm
Event: 16.560 Thread 0x000000001b07a000 Exception <a 'java/lang/ClassNotFoundException': org/gradle/api/internal/artifacts/dependencies/AbstractModuleDependencyBeanInfo> (0x00000000e06155b8) thrown at [C:\jenkins\workspace\8-2-build-windows-amd64-cygwin\jdk8u251\737\hotspot\src\share\vm\classfi
Event: 16.564 Thread 0x000000001b07a000 Exception <a 'java/lang/ClassNotFoundException': org/gradle/api/internal/artifacts/dependencies/AbstractDependencyBeanInfo> (0x00000000e065f0c8) thrown at [C:\jenkins\workspace\8-2-build-windows-amd64-cygwin\jdk8u251\737\hotspot\src\share\vm\classfile\sys
Event: 16.567 Thread 0x000000001b07a000 Exception <a 'java/lang/ClassNotFoundException': org/gradle/api/internal/artifacts/dependencies/AbstractDependencyCustomizer> (0x00000000e06ab628) thrown at [C:\jenkins\workspace\8-2-build-windows-amd64-cygwin\jdk8u251\737\hotspot\src\share\vm\classfile\s
Event: 16.568 Thread 0x000000001b07a000 Exception <a 'java/lang/ClassNotFoundException': org/gradle/api/internal/artifacts/dependencies/AbstractModuleDependencyCustomizer> (0x00000000e06fe120) thrown at [C:\jenkins\workspace\8-2-build-windows-amd64-cygwin\jdk8u251\737\hotspot\src\share\vm\class
Event: 16.573 Thread 0x000000001b07a000 Exception <a 'java/lang/ClassNotFoundException': org/gradle/api/internal/artifacts/dependencies/AbstractExternalModuleDependencyCustomizer> (0x00000000e0794628) thrown at [C:\jenkins\workspace\8-2-build-windows-amd64-cygwin\jdk8u251\737\hotspot\src\share\
Event: 16.579 Thread 0x000000001b07a000 Exception <a 'java/lang/ClassNotFoundException': org/gradle/api/internal/artifacts/dependencies/DefaultExternalModuleDependencyCustomizer> (0x00000000e0819518) thrown at [C:\jenkins\workspace\8-2-build-windows-amd64-cygwin\jdk8u251\737\hotspot\src\share\v
Event: 16.581 Thread 0x000000001b07a000 Exception <a 'java/lang/ClassNotFoundException': org/gradle/api/internal/artifacts/dependencies/DefaultExternalModuleDependency_DecoratedCustomizer> (0x00000000e089f2e8) thrown at [C:\jenkins\workspace\8-2-build-windows-amd64-cygwin\jdk8u251\737\hotspot\s

Events (10 events):
Event: 17.000 loading class com/android/build/gradle/internal/core/VariantDslInfo$DefaultImpls done
Event: 17.002 loading class com/android/build/gradle/internal/variant/ComponentInfo
Event: 17.002 loading class com/android/build/gradle/internal/variant/ComponentInfo done
Event: 17.005 loading class com/google/wireless/android/sdk/stats/ApiVersionOrBuilder
Event: 17.005 loading class com/google/wireless/android/sdk/stats/ApiVersionOrBuilder done
Event: 17.013 loading class com/google/wireless/android/sdk/stats/GradleBuildVariant$1
Event: 17.013 loading class com/google/wireless/android/sdk/stats/GradleBuildVariant$1 done
Event: 17.016 loading class com/google/wireless/android/sdk/stats/GradleBuildVariant$Builder
Event: 17.016 loading class com/google/wireless/android/sdk/stats/GradleBuildVariant$Builder done
Event: 17.020 Executing VM operation: CollectForMetadataAllocation


Dynamic libraries:
0x00007ff7f9670000 - 0x00007ff7f96a7000 	C:\Program Files\Java\jdk1.8.0_251\bin\java.exe
0x00007ffe01110000 - 0x00007ffe01309000 	C:\WINDOWS\SYSTEM32\ntdll.dll
0x00007ffe002b0000 - 0x00007ffe0036c000 	C:\WINDOWS\System32\KERNEL32.DLL
0x00007ffdfee00000 - 0x00007ffdff0e1000 	C:\WINDOWS\System32\KERNELBASE.dll
0x00007ffdfbe10000 - 0x00007ffdfbea2000 	C:\WINDOWS\SYSTEM32\apphelp.dll
0x00007ffe00020000 - 0x00007ffe000cc000 	C:\WINDOWS\System32\ADVAPI32.dll
0x00007ffe001e0000 - 0x00007ffe00282000 	C:\WINDOWS\System32\msvcrt.dll
0x00007ffe000d0000 - 0x00007ffe0016b000 	C:\WINDOWS\System32\sechost.dll
0x00007ffe00370000 - 0x00007ffe0048d000 	C:\WINDOWS\System32\RPCRT4.dll
0x00007ffe00bd0000 - 0x00007ffe00d71000 	C:\WINDOWS\System32\USER32.dll
0x00007ffdff0f0000 - 0x00007ffdff116000 	C:\WINDOWS\System32\win32u.dll
0x00007ffe00ba0000 - 0x00007ffe00bcb000 	C:\WINDOWS\System32\GDI32.dll
0x00007ffdfec60000 - 0x00007ffdfed6b000 	C:\WINDOWS\System32\gdi32full.dll
0x00007ffdfebc0000 - 0x00007ffdfec5c000 	C:\WINDOWS\System32\msvcp_win.dll
0x00007ffdfe820000 - 0x00007ffdfe925000 	C:\WINDOWS\System32\ucrtbase.dll
0x00007ffde1d30000 - 0x00007ffde1fc5000 	C:\WINDOWS\WinSxS\amd64_microsoft.windows.common-controls_6595b64144ccf1df_6.0.19613.1000_none_6d9931b592293f71\COMCTL32.dll
0x00007ffe00b70000 - 0x00007ffe00b9f000 	C:\WINDOWS\System32\IMM32.DLL
0x000000005a790000 - 0x000000005a862000 	C:\Program Files\Java\jdk1.8.0_251\jre\bin\msvcr100.dll
0x0000000059ee0000 - 0x000000005a78b000 	C:\Program Files\Java\jdk1.8.0_251\jre\bin\server\jvm.dll
0x00007ffdff170000 - 0x00007ffdff178000 	C:\WINDOWS\System32\PSAPI.DLL
0x00007ffdf3540000 - 0x00007ffdf3549000 	C:\WINDOWS\SYSTEM32\WSOCK32.dll
0x00007ffde5ef0000 - 0x00007ffde5f17000 	C:\WINDOWS\SYSTEM32\WINMM.dll
0x00007ffdf6ec0000 - 0x00007ffdf6eca000 	C:\WINDOWS\SYSTEM32\VERSION.dll
0x00007ffe006f0000 - 0x00007ffe0075f000 	C:\WINDOWS\System32\WS2_32.dll
0x00007ffdf2b70000 - 0x00007ffdf2b7f000 	C:\Program Files\Java\jdk1.8.0_251\jre\bin\verify.dll
0x00007ffddc890000 - 0x00007ffddc8b9000 	C:\Program Files\Java\jdk1.8.0_251\jre\bin\java.dll
0x00007ffddf2d0000 - 0x00007ffddf2e6000 	C:\Program Files\Java\jdk1.8.0_251\jre\bin\zip.dll
0x00007ffdff180000 - 0x00007ffdff8b4000 	C:\WINDOWS\System32\SHELL32.dll
0x00007ffdfc9c0000 - 0x00007ffdfd184000 	C:\WINDOWS\SYSTEM32\windows.storage.dll
0x00007ffe00810000 - 0x00007ffe00b61000 	C:\WINDOWS\System32\combase.dll
0x00007ffe00760000 - 0x00007ffe0080c000 	C:\WINDOWS\System32\SHCORE.dll
0x00007ffe00fe0000 - 0x00007ffe01035000 	C:\WINDOWS\System32\shlwapi.dll
0x00007ffdfe760000 - 0x00007ffdfe77f000 	C:\WINDOWS\SYSTEM32\profapi.dll
0x00007ffdd6260000 - 0x00007ffdd627a000 	C:\Program Files\Java\jdk1.8.0_251\jre\bin\net.dll
0x00007ffdfdf80000 - 0x00007ffdfdfe7000 	C:\WINDOWS\system32\mswsock.dll
0x00007ffdd6160000 - 0x00007ffdd6172000 	C:\Program Files\Java\jdk1.8.0_251\jre\bin\nio.dll
0x00007ffdd5540000 - 0x00007ffdd5567000 	C:\Users\Dwayne Ewens\.gradle\native\481b90ef2c2b5ab96622bab5346fdaaafe5c91895d4d4de1c4fe4b2e89a8011f\windows-amd64\native-platform.dll
0x00007ffdef620000 - 0x00007ffdef62d000 	C:\Program Files\Java\jdk1.8.0_251\jre\bin\management.dll
0x00007ffdfe200000 - 0x00007ffdfe218000 	C:\WINDOWS\SYSTEM32\CRYPTSP.dll
0x00007ffdfd8d0000 - 0x00007ffdfd904000 	C:\WINDOWS\system32\rsaenh.dll
0x00007ffdfe720000 - 0x00007ffdfe74d000 	C:\WINDOWS\SYSTEM32\USERENV.dll
0x00007ffdfed70000 - 0x00007ffdfed97000 	C:\WINDOWS\System32\bcrypt.dll
0x00007ffdfeb40000 - 0x00007ffdfebbe000 	C:\WINDOWS\System32\bcryptprimitives.dll
0x00007ffdfe130000 - 0x00007ffdfe13c000 	C:\WINDOWS\SYSTEM32\CRYPTBASE.dll
0x00007ffdfdc60000 - 0x00007ffdfdc8d000 	C:\WINDOWS\SYSTEM32\IPHLPAPI.DLL
0x00007ffe00170000 - 0x00007ffe00179000 	C:\WINDOWS\System32\NSI.dll
0x00007ffdf8a30000 - 0x00007ffdf8a47000 	C:\WINDOWS\SYSTEM32\dhcpcsvc6.DLL
0x00007ffdf8670000 - 0x00007ffdf868d000 	C:\WINDOWS\SYSTEM32\dhcpcsvc.DLL
0x00007ffdfdca0000 - 0x00007ffdfdd6c000 	C:\WINDOWS\SYSTEM32\DNSAPI.dll

VM Arguments:
jvm_args: -Xmx1536m -Dfile.encoding=utf8 -Duser.country=US -Duser.language=en -Duser.variant 
java_command: org.gradle.launcher.daemon.bootstrap.GradleDaemon 6.5-20200420220036+0000
java_class_path (initial): C:\Users\Dwayne Ewens\.gradle\wrapper\dists\gradle-6.5-20200420220036+0000-all\6pah0wzcvn7nd2swheubg6njr\gradle-6.5-20200420220036+0000\lib\gradle-launcher-6.5.jar
Launcher Type: SUN_STANDARD

Environment Variables:
JAVA_HOME=C:\Program Files\Java\jdk1.8.0_251
PATH=C:\Program Files\Python39\Scripts\;C:\Program Files\Python39\;C:\Program Files (x86)\Common Files\Oracle\Java\javapath;C:\WINDOWS\system32;C:\WINDOWS;C:\WINDOWS\System32\Wbem;C:\WINDOWS\System32\WindowsPowerShell\v1.0\;C:\WINDOWS\System32\OpenSSH\;C:\Program Files\Git\cmd;C:\Program Files (x86)\Yarn\bin\;C:\ProgramData\chocolatey\bin;C:\Program Files\nodejs\;C:\Program Files (x86)\Windows Kits\10\Windows Performance Toolkit\;C:\Program Files\Docker\Docker\resources\bin;C:\Program Files\Java\jdk-14.0.1\bin;C:\Program Files\Java\jdk1.8.0_251\bin;C:\Users\Dwayne Ewens\AppData\Local\Microsoft\WindowsApps;C:\Users\Dwayne Ewens\AppData\Local\GitHubDesktop\bin;C:\Users\Dwayne Ewens\AppData\Local\Yarn\bin;C:\Users\Dwayne Ewens\AppData\Roaming\npm;C:\Users\Dwayne Ewens\AppData\Local\Programs\Microsoft VS Code\bin;;C:\Program Files\JetBrains\IntelliJ IDEA Community Edition 2019.3.1\bin;C:\Users\Dwayne Ewens\.dotnet\tools;%USERPROFILE%\AppData\Local\Microsoft\WindowsApps
USERNAME=Dwayne Ewens
OS=Windows_NT
PROCESSOR_IDENTIFIER=Intel64 Family 6 Model 142 Stepping 10, GenuineIntel



---------------  S Y S T E M  ---------------

OS: Windows 10.0 , 64 bit Build 19613 (10.0.19613.1000)

CPU:total 8 (initial active 8) (4 cores per cpu, 2 threads per core) family 6 model 142 stepping 10, cmov, cx8, fxsr, mmx, sse, sse2, sse3, ssse3, sse4.1, sse4.2, popcnt, avx, avx2, aes, clmul, erms, rtm, 3dnowpref, lzcnt, ht, tsc, tscinvbit, bmi1, bmi2, adx

Memory: 4k page, physical 8308080k(165228k free), swap 10263920k(10072k free)

vm_info: Java HotSpot(TM) 64-Bit Server VM (25.251-b08) for windows-amd64 JRE (1.8.0_251-b08), built on Mar 12 2020 06:31:49 by "" with MS VC++ 10.0 (VS2010)

time: Mon Apr 27 12:11:12 2020
timezone: Central Daylight Time
elapsed time: 17 seconds (0d 0h 0m 17s)

