#
# There is insufficient memory for the Java Runtime Environment to continue.
# Native memory allocation (malloc) failed to allocate 2781760 bytes for Chunk::new
# Possible reasons:
#   The system is out of physical RAM or swap space
#   The process is running with CompressedOops enabled, and the Java Heap may be blocking the growth of the native heap
# Possible solutions:
#   Reduce memory load on the system
#   Increase physical memory or swap space
#   Check if swap backing store is full
#   Decrease Java heap size (-Xmx/-Xms)
#   Decrease number of Java threads
#   Decrease Java thread stack sizes (-Xss)
#   Set larger code cache with -XX:ReservedCodeCacheSize=
#   JVM is running with Unscaled Compressed Oops mode in which the Java heap is
#     placed in the first 4GB address space. The Java Heap base address is the
#     maximum limit for the native heap growth. Please use -XX:HeapBaseMinAddress
#     to set the Java Heap base and to place the Java Heap above 4GB virtual address.
# This output file may be truncated or incomplete.
#
#  Out of Memory Error (t:/workspace/open/src/hotspot/share/memory/arena.cpp:196), pid=17764, tid=11824
#
# JRE version: Java(TM) SE Runtime Environment (13.0.2+8) (build 13.0.2+8)
# Java VM: Java HotSpot(TM) 64-Bit Server VM (13.0.2+8, mixed mode, sharing, tiered, compressed oops, g1 gc, windows-amd64)
# No core dump will be written. Minidumps are not enabled by default on client versions of Windows
#

---------------  S U M M A R Y ------------

Command Line: --add-opens=java.base/java.util=ALL-UNNAMED --add-opens=java.base/java.lang=ALL-UNNAMED --add-opens=java.base/java.lang.invoke=ALL-UNNAMED --add-opens=java.prefs/java.util.prefs=ALL-UNNAMED -Xmx1536m -Dfile.encoding=windows-1252 -Djava.net.preferIPv4Stack=true -Duser.country=US -Duser.language=en -Duser.variant org.gradle.launcher.daemon.bootstrap.GradleDaemon 6.5-20200420220036+0000

Host: Intel(R) Core(TM) i7-3770 CPU @ 3.40GHz, 8 cores, 15G,  Windows 10 , 64 bit Build 19608 (10.0.19608.1000)
Time: Tue Apr 21 11:27:07 2020 Central Daylight Time elapsed time: 7 seconds (0d 0h 0m 7s)

---------------  T H R E A D  ---------------

Current thread (0x00000166a7bc1800):  JavaThread "C2 CompilerThread1" daemon [_thread_in_native, id=11824, stack(0x0000002116e00000,0x0000002116f00000)]


Current CompileTask:
C2:   7524 2268   !   4       java.lang.ClassLoader::loadClass (122 bytes)

Stack: [0x0000002116e00000,0x0000002116f00000]
Native frames: (J=compiled Java code, j=interpreted, Vv=VM code, C=native code)
V  [jvm.dll+0x624f9a]
V  [jvm.dll+0x770cfa]
V  [jvm.dll+0x7724af]
V  [jvm.dll+0x772ab3]
V  [jvm.dll+0x24bf08]
V  [jvm.dll+0xc1e47]
V  [jvm.dll+0xc23cc]
V  [jvm.dll+0x35c0c5]
V  [jvm.dll+0x327803]
V  [jvm.dll+0x326bda]
V  [jvm.dll+0x205c27]
V  [jvm.dll+0x204e3f]
V  [jvm.dll+0x189c2c]
V  [jvm.dll+0x213e6d]
V  [jvm.dll+0x2120bb]
V  [jvm.dll+0x736bb6]
V  [jvm.dll+0x72fcaa]
V  [jvm.dll+0x623ea6]
C  [ucrtbase.dll+0x8a32]
C  [KERNEL32.DLL+0x19784]
C  [ntdll.dll+0x96a1]


---------------  P R O C E S S  ---------------

Threads class SMR info:
_java_thread_list=0x00000166aa1793d0, length=28, elements={
0x00000166871a1800, 0x00000166a566b000, 0x00000166a566f000, 0x00000166a568d800,
0x00000166a568f800, 0x00000166a5691000, 0x00000166a5693000, 0x00000166a5698000,
0x00000166a57d4800, 0x00000166a57dc000, 0x00000166a6703000, 0x00000166a638b800,
0x00000166a6f32800, 0x00000166a6700000, 0x00000166a73be000, 0x00000166a7269800,
0x00000166a729e800, 0x00000166a728f800, 0x00000166a7290800, 0x00000166a7291000,
0x00000166a60c3800, 0x00000166a60bd800, 0x00000166a60be800, 0x00000166a60c1800,
0x00000166a60bf000, 0x00000166a7bc1800, 0x00000166a60c0000, 0x00000166a60c1000
}

Java Threads: ( => current thread )
  0x00000166871a1800 JavaThread "main" [_thread_blocked, id=12936, stack(0x0000002114900000,0x0000002114a00000)]
  0x00000166a566b000 JavaThread "Reference Handler" daemon [_thread_blocked, id=3572, stack(0x0000002115000000,0x0000002115100000)]
  0x00000166a566f000 JavaThread "Finalizer" daemon [_thread_blocked, id=20904, stack(0x0000002115100000,0x0000002115200000)]
  0x00000166a568d800 JavaThread "Signal Dispatcher" daemon [_thread_blocked, id=20728, stack(0x0000002115200000,0x0000002115300000)]
  0x00000166a568f800 JavaThread "Attach Listener" daemon [_thread_blocked, id=7608, stack(0x0000002115300000,0x0000002115400000)]
  0x00000166a5691000 JavaThread "C2 CompilerThread0" daemon [_thread_in_native, id=11204, stack(0x0000002115400000,0x0000002115500000)]
  0x00000166a5693000 JavaThread "C1 CompilerThread0" daemon [_thread_in_native, id=4728, stack(0x0000002115500000,0x0000002115600000)]
  0x00000166a5698000 JavaThread "Sweeper thread" daemon [_thread_blocked, id=11396, stack(0x0000002115600000,0x0000002115700000)]
  0x00000166a57d4800 JavaThread "Common-Cleaner" daemon [_thread_blocked, id=3876, stack(0x0000002115700000,0x0000002115800000)]
  0x00000166a57dc000 JavaThread "Service Thread" daemon [_thread_blocked, id=16348, stack(0x0000002115800000,0x0000002115900000)]
  0x00000166a6703000 JavaThread "Daemon health stats" [_thread_blocked, id=12408, stack(0x0000002115a00000,0x0000002115b00000)]
  0x00000166a638b800 JavaThread "Incoming local TCP Connector on port 60354" [_thread_in_native, id=19224, stack(0x0000002116000000,0x0000002116100000)]
  0x00000166a6f32800 JavaThread "Daemon periodic checks" [_thread_blocked, id=17784, stack(0x0000002116100000,0x0000002116200000)]
  0x00000166a6700000 JavaThread "Daemon" [_thread_blocked, id=21144, stack(0x0000002116200000,0x0000002116300000)]
  0x00000166a73be000 JavaThread "Handler for socket connection from /127.0.0.1:60354 to /127.0.0.1:60356" [_thread_in_native, id=12536, stack(0x0000002116300000,0x0000002116400000)]
  0x00000166a7269800 JavaThread "Cancel handler" [_thread_blocked, id=8676, stack(0x0000002116400000,0x0000002116500000)]
  0x00000166a729e800 JavaThread "Daemon worker" [_thread_in_vm, id=20932, stack(0x0000002116500000,0x0000002116600000)]
  0x00000166a728f800 JavaThread "Asynchronous log dispatcher for DefaultDaemonConnection: socket connection from /127.0.0.1:60354 to /127.0.0.1:60356" [_thread_blocked, id=18728, stack(0x0000002116600000,0x0000002116700000)]
  0x00000166a7290800 JavaThread "Stdin handler" [_thread_blocked, id=12840, stack(0x0000002116700000,0x0000002116800000)]
  0x00000166a7291000 JavaThread "Thread-8" [_thread_blocked, id=1908, stack(0x0000002116800000,0x0000002116900000)]
  0x00000166a60c3800 JavaThread "Cache worker for journal cache (C:\Users\ewens\.gradle\caches\journal-1)" [_thread_blocked, id=7740, stack(0x0000002116900000,0x0000002116a00000)]
  0x00000166a60bd800 JavaThread "File lock request listener" [_thread_in_native, id=17672, stack(0x0000002116a00000,0x0000002116b00000)]
  0x00000166a60be800 JavaThread "Cache worker for file hash cache (C:\Users\ewens\.gradle\caches\6.5-20200420220036+0000\fileHashes)" [_thread_blocked, id=7328, stack(0x0000002116b00000,0x0000002116c00000)]
  0x00000166a60c1800 JavaThread "File watcher consumer" daemon [_thread_blocked, id=17740, stack(0x0000002116c00000,0x0000002116d00000)]
  0x00000166a60bf000 JavaThread "File lock release action executor" [_thread_blocked, id=4924, stack(0x0000002116d00000,0x0000002116e00000)]
=>0x00000166a7bc1800 JavaThread "C2 CompilerThread1" daemon [_thread_in_native, id=11824, stack(0x0000002116e00000,0x0000002116f00000)]
  0x00000166a60c0000 JavaThread "Cache worker for file hash cache (C:\Users\ewens\Documents\Github\Mobile-SDK-Android\Sample Code\.gradle\6.5-20200420220036+0000\fileHashes)" [_thread_blocked, id=8692, stack(0x0000002116f00000,0x0000002117000000)]
  0x00000166a60c1000 JavaThread "Cache worker for checksums cache (C:\Users\ewens\Documents\Github\Mobile-SDK-Android\Sample Code\.gradle\checksums)" [_thread_blocked, id=13104, stack(0x0000002117000000,0x0000002117100000)]

Other Threads:
  0x00000166a5668800 VMThread "VM Thread" [stack: 0x0000002114f00000,0x0000002115000000] [id=20364]
  0x00000166a57df000 WatcherThread [stack: 0x0000002115900000,0x0000002115a00000] [id=21100]
  0x00000166871dc000 GCTaskThread "GC Thread#0" [stack: 0x0000002114a00000,0x0000002114b00000] [id=15100]
  0x00000166a62d7800 GCTaskThread "GC Thread#1" [stack: 0x0000002115b00000,0x0000002115c00000] [id=19860]
  0x00000166a5f6a800 GCTaskThread "GC Thread#2" [stack: 0x0000002115c00000,0x0000002115d00000] [id=9456]
  0x00000166a5f6b000 GCTaskThread "GC Thread#3" [stack: 0x0000002115d00000,0x0000002115e00000] [id=20832]
  0x00000166a5f6c800 GCTaskThread "GC Thread#4" [stack: 0x0000002115e00000,0x0000002115f00000] [id=14640]
  0x00000166a5f6d000 GCTaskThread "GC Thread#5" [stack: 0x0000002115f00000,0x0000002116000000] [id=19128]
  0x00000166871ec800 ConcurrentGCThread "G1 Main Marker" [stack: 0x0000002114b00000,0x0000002114c00000] [id=20496]
  0x00000166871ee000 ConcurrentGCThread "G1 Conc#0" [stack: 0x0000002114c00000,0x0000002114d00000] [id=708]
  0x00000166a4ce2800 ConcurrentGCThread "G1 Refine#0" [stack: 0x0000002114d00000,0x0000002114e00000] [id=17488]
  0x00000166a4ce3800 ConcurrentGCThread "G1 Young RemSet Sampling" [stack: 0x0000002114e00000,0x0000002114f00000] [id=21008]

Threads with active compile tasks:
C2 CompilerThread0     7572 2370   !   4       java.net.URLClassLoader::findClass (47 bytes)
C2 CompilerThread1     7572 2268   !   4       java.lang.ClassLoader::loadClass (122 bytes)

VM state:not at safepoint (normal execution)

VM Mutex/Monitor currently owned by a thread: None

Heap address: 0x00000000a0000000, size: 1536 MB, Compressed Oops mode: 32-bit
Narrow klass base: 0x0000000800000000, Narrow klass shift: 3
Compressed class space size: 1073741824 Address: 0x0000000800b40000

Heap:
 garbage-first heap   total 262144K, used 165936K [0x00000000a0000000, 0x0000000100000000)
  region size 1024K, 144 young (147456K), 3 survivors (3072K)
 Metaspace       used 19224K, capacity 19937K, committed 20224K, reserved 1067008K
  class space    used 2760K, capacity 3024K, committed 3072K, reserved 1048576K
Heap Regions: E=young(eden), S=young(survivor), O=old, HS=humongous(starts), HC=humongous(continues), CS=collection set, F=free, A=archive, TAMS=top-at-mark-start (previous, next)
|   0|0x00000000a0000000, 0x00000000a0100000, 0x00000000a0100000|100%|HS|  |TAMS 0x00000000a0000000, 0x00000000a0000000| Complete 
|   1|0x00000000a0100000, 0x00000000a0200000, 0x00000000a0200000|100%|HS|  |TAMS 0x00000000a0100000, 0x00000000a0100000| Complete 
|   2|0x00000000a0200000, 0x00000000a0300000, 0x00000000a0300000|100%|HC|  |TAMS 0x00000000a0200000, 0x00000000a0200000| Complete 
|   3|0x00000000a0300000, 0x00000000a0400000, 0x00000000a0400000|100%|HS|  |TAMS 0x00000000a0300000, 0x00000000a0300000| Complete 
|   4|0x00000000a0400000, 0x00000000a0500000, 0x00000000a0500000|100%|HC|  |TAMS 0x00000000a0400000, 0x00000000a0400000| Complete 
|   5|0x00000000a0500000, 0x00000000a0600000, 0x00000000a0600000|100%|HC|  |TAMS 0x00000000a0500000, 0x00000000a0500000| Complete 
|   6|0x00000000a0600000, 0x00000000a0700000, 0x00000000a0700000|100%| O|  |TAMS 0x00000000a0600000, 0x00000000a0600000| Untracked 
|   7|0x00000000a0700000, 0x00000000a0800000, 0x00000000a0800000|100%| O|  |TAMS 0x00000000a0700000, 0x00000000a0700000| Untracked 
|   8|0x00000000a0800000, 0x00000000a080c000, 0x00000000a0900000|  4%| O|  |TAMS 0x00000000a0800000, 0x00000000a0800000| Untracked 
|   9|0x00000000a0900000, 0x00000000a0a00000, 0x00000000a0a00000|100%|HS|  |TAMS 0x00000000a0900000, 0x00000000a0900000| Complete 
|  10|0x00000000a0a00000, 0x00000000a0b00000, 0x00000000a0b00000|100%|HC|  |TAMS 0x00000000a0a00000, 0x00000000a0a00000| Complete 
|  11|0x00000000a0b00000, 0x00000000a0c00000, 0x00000000a0c00000|100%|HC|  |TAMS 0x00000000a0b00000, 0x00000000a0b00000| Complete 
|  12|0x00000000a0c00000, 0x00000000a0d00000, 0x00000000a0d00000|100%|HS|  |TAMS 0x00000000a0c00000, 0x00000000a0c00000| Complete 
|  13|0x00000000a0d00000, 0x00000000a0e00000, 0x00000000a0e00000|100%|HC|  |TAMS 0x00000000a0d00000, 0x00000000a0d00000| Complete 
|  14|0x00000000a0e00000, 0x00000000a0f00000, 0x00000000a0f00000|100%|HC|  |TAMS 0x00000000a0e00000, 0x00000000a0e00000| Complete 
|  15|0x00000000a0f00000, 0x00000000a1000000, 0x00000000a1000000|100%|HC|  |TAMS 0x00000000a0f00000, 0x00000000a0f00000| Complete 
|  16|0x00000000a1000000, 0x00000000a1100000, 0x00000000a1100000|100%|HS|  |TAMS 0x00000000a1000000, 0x00000000a1000000| Complete 
|  17|0x00000000a1100000, 0x00000000a1200000, 0x00000000a1200000|100%|HC|  |TAMS 0x00000000a1100000, 0x00000000a1100000| Complete 
|  18|0x00000000a1200000, 0x00000000a1300000, 0x00000000a1300000|100%|HC|  |TAMS 0x00000000a1200000, 0x00000000a1200000| Complete 
|  19|0x00000000a1300000, 0x00000000a1400000, 0x00000000a1400000|100%|HC|  |TAMS 0x00000000a1300000, 0x00000000a1300000| Complete 
|  20|0x00000000a1400000, 0x00000000a1400000, 0x00000000a1500000|  0%| F|  |TAMS 0x00000000a1400000, 0x00000000a1400000| Untracked 
|  21|0x00000000a1500000, 0x00000000a1500000, 0x00000000a1600000|  0%| F|  |TAMS 0x00000000a1500000, 0x00000000a1500000| Untracked 
|  22|0x00000000a1600000, 0x00000000a1600000, 0x00000000a1700000|  0%| F|  |TAMS 0x00000000a1600000, 0x00000000a1600000| Untracked 
|  23|0x00000000a1700000, 0x00000000a1700000, 0x00000000a1800000|  0%| F|  |TAMS 0x00000000a1700000, 0x00000000a1700000| Untracked 
|  24|0x00000000a1800000, 0x00000000a1800000, 0x00000000a1900000|  0%| F|  |TAMS 0x00000000a1800000, 0x00000000a1800000| Untracked 
|  25|0x00000000a1900000, 0x00000000a1900000, 0x00000000a1a00000|  0%| F|  |TAMS 0x00000000a1900000, 0x00000000a1900000| Untracked 
|  26|0x00000000a1a00000, 0x00000000a1a00000, 0x00000000a1b00000|  0%| F|  |TAMS 0x00000000a1a00000, 0x00000000a1a00000| Untracked 
|  27|0x00000000a1b00000, 0x00000000a1b00000, 0x00000000a1c00000|  0%| F|  |TAMS 0x00000000a1b00000, 0x00000000a1b00000| Untracked 
|  28|0x00000000a1c00000, 0x00000000a1c00000, 0x00000000a1d00000|  0%| F|  |TAMS 0x00000000a1c00000, 0x00000000a1c00000| Untracked 
|  29|0x00000000a1d00000, 0x00000000a1d00000, 0x00000000a1e00000|  0%| F|  |TAMS 0x00000000a1d00000, 0x00000000a1d00000| Untracked 
|  30|0x00000000a1e00000, 0x00000000a1e00000, 0x00000000a1f00000|  0%| F|  |TAMS 0x00000000a1e00000, 0x00000000a1e00000| Untracked 
|  31|0x00000000a1f00000, 0x00000000a1f00000, 0x00000000a2000000|  0%| F|  |TAMS 0x00000000a1f00000, 0x00000000a1f00000| Untracked 
|  32|0x00000000a2000000, 0x00000000a2000000, 0x00000000a2100000|  0%| F|  |TAMS 0x00000000a2000000, 0x00000000a2000000| Untracked 
|  33|0x00000000a2100000, 0x00000000a2100000, 0x00000000a2200000|  0%| F|  |TAMS 0x00000000a2100000, 0x00000000a2100000| Untracked 
|  34|0x00000000a2200000, 0x00000000a2200000, 0x00000000a2300000|  0%| F|  |TAMS 0x00000000a2200000, 0x00000000a2200000| Untracked 
|  35|0x00000000a2300000, 0x00000000a2300000, 0x00000000a2400000|  0%| F|  |TAMS 0x00000000a2300000, 0x00000000a2300000| Untracked 
|  36|0x00000000a2400000, 0x00000000a2400000, 0x00000000a2500000|  0%| F|  |TAMS 0x00000000a2400000, 0x00000000a2400000| Untracked 
|  37|0x00000000a2500000, 0x00000000a2500000, 0x00000000a2600000|  0%| F|  |TAMS 0x00000000a2500000, 0x00000000a2500000| Untracked 
|  38|0x00000000a2600000, 0x00000000a2600000, 0x00000000a2700000|  0%| F|  |TAMS 0x00000000a2600000, 0x00000000a2600000| Untracked 
|  39|0x00000000a2700000, 0x00000000a2700000, 0x00000000a2800000|  0%| F|  |TAMS 0x00000000a2700000, 0x00000000a2700000| Untracked 
|  40|0x00000000a2800000, 0x00000000a2800000, 0x00000000a2900000|  0%| F|  |TAMS 0x00000000a2800000, 0x00000000a2800000| Untracked 
|  41|0x00000000a2900000, 0x00000000a2900000, 0x00000000a2a00000|  0%| F|  |TAMS 0x00000000a2900000, 0x00000000a2900000| Untracked 
|  42|0x00000000a2a00000, 0x00000000a2a00000, 0x00000000a2b00000|  0%| F|  |TAMS 0x00000000a2a00000, 0x00000000a2a00000| Untracked 
|  43|0x00000000a2b00000, 0x00000000a2b00000, 0x00000000a2c00000|  0%| F|  |TAMS 0x00000000a2b00000, 0x00000000a2b00000| Untracked 
|  44|0x00000000a2c00000, 0x00000000a2c00000, 0x00000000a2d00000|  0%| F|  |TAMS 0x00000000a2c00000, 0x00000000a2c00000| Untracked 
|  45|0x00000000a2d00000, 0x00000000a2d00000, 0x00000000a2e00000|  0%| F|  |TAMS 0x00000000a2d00000, 0x00000000a2d00000| Untracked 
|  46|0x00000000a2e00000, 0x00000000a2e00000, 0x00000000a2f00000|  0%| F|  |TAMS 0x00000000a2e00000, 0x00000000a2e00000| Untracked 
|  47|0x00000000a2f00000, 0x00000000a2f00000, 0x00000000a3000000|  0%| F|  |TAMS 0x00000000a2f00000, 0x00000000a2f00000| Untracked 
|  48|0x00000000a3000000, 0x00000000a3000000, 0x00000000a3100000|  0%| F|  |TAMS 0x00000000a3000000, 0x00000000a3000000| Untracked 
|  49|0x00000000a3100000, 0x00000000a3100000, 0x00000000a3200000|  0%| F|  |TAMS 0x00000000a3100000, 0x00000000a3100000| Untracked 
|  50|0x00000000a3200000, 0x00000000a3200000, 0x00000000a3300000|  0%| F|  |TAMS 0x00000000a3200000, 0x00000000a3200000| Untracked 
|  51|0x00000000a3300000, 0x00000000a3300000, 0x00000000a3400000|  0%| F|  |TAMS 0x00000000a3300000, 0x00000000a3300000| Untracked 
|  52|0x00000000a3400000, 0x00000000a3400000, 0x00000000a3500000|  0%| F|  |TAMS 0x00000000a3400000, 0x00000000a3400000| Untracked 
|  53|0x00000000a3500000, 0x00000000a3500000, 0x00000000a3600000|  0%| F|  |TAMS 0x00000000a3500000, 0x00000000a3500000| Untracked 
|  54|0x00000000a3600000, 0x00000000a3600000, 0x00000000a3700000|  0%| F|  |TAMS 0x00000000a3600000, 0x00000000a3600000| Untracked 
|  55|0x00000000a3700000, 0x00000000a3700000, 0x00000000a3800000|  0%| F|  |TAMS 0x00000000a3700000, 0x00000000a3700000| Untracked 
|  56|0x00000000a3800000, 0x00000000a3800000, 0x00000000a3900000|  0%| F|  |TAMS 0x00000000a3800000, 0x00000000a3800000| Untracked 
|  57|0x00000000a3900000, 0x00000000a3900000, 0x00000000a3a00000|  0%| F|  |TAMS 0x00000000a3900000, 0x00000000a3900000| Untracked 
|  58|0x00000000a3a00000, 0x00000000a3a00000, 0x00000000a3b00000|  0%| F|  |TAMS 0x00000000a3a00000, 0x00000000a3a00000| Untracked 
|  59|0x00000000a3b00000, 0x00000000a3b00000, 0x00000000a3c00000|  0%| F|  |TAMS 0x00000000a3b00000, 0x00000000a3b00000| Untracked 
|  60|0x00000000a3c00000, 0x00000000a3c00000, 0x00000000a3d00000|  0%| F|  |TAMS 0x00000000a3c00000, 0x00000000a3c00000| Untracked 
|  61|0x00000000a3d00000, 0x00000000a3d00000, 0x00000000a3e00000|  0%| F|  |TAMS 0x00000000a3d00000, 0x00000000a3d00000| Untracked 
|  62|0x00000000a3e00000, 0x00000000a3e00000, 0x00000000a3f00000|  0%| F|  |TAMS 0x00000000a3e00000, 0x00000000a3e00000| Untracked 
|  63|0x00000000a3f00000, 0x00000000a3f00000, 0x00000000a4000000|  0%| F|  |TAMS 0x00000000a3f00000, 0x00000000a3f00000| Untracked 
|  64|0x00000000a4000000, 0x00000000a4000000, 0x00000000a4100000|  0%| F|  |TAMS 0x00000000a4000000, 0x00000000a4000000| Untracked 
|  65|0x00000000a4100000, 0x00000000a4100000, 0x00000000a4200000|  0%| F|  |TAMS 0x00000000a4100000, 0x00000000a4100000| Untracked 
|  66|0x00000000a4200000, 0x00000000a4200000, 0x00000000a4300000|  0%| F|  |TAMS 0x00000000a4200000, 0x00000000a4200000| Untracked 
|  67|0x00000000a4300000, 0x00000000a4300000, 0x00000000a4400000|  0%| F|  |TAMS 0x00000000a4300000, 0x00000000a4300000| Untracked 
|  68|0x00000000a4400000, 0x00000000a4400000, 0x00000000a4500000|  0%| F|  |TAMS 0x00000000a4400000, 0x00000000a4400000| Untracked 
|  69|0x00000000a4500000, 0x00000000a4500000, 0x00000000a4600000|  0%| F|  |TAMS 0x00000000a4500000, 0x00000000a4500000| Untracked 
|  70|0x00000000a4600000, 0x00000000a4600000, 0x00000000a4700000|  0%| F|  |TAMS 0x00000000a4600000, 0x00000000a4600000| Untracked 
|  71|0x00000000a4700000, 0x00000000a4700000, 0x00000000a4800000|  0%| F|  |TAMS 0x00000000a4700000, 0x00000000a4700000| Untracked 
|  72|0x00000000a4800000, 0x00000000a4800000, 0x00000000a4900000|  0%| F|  |TAMS 0x00000000a4800000, 0x00000000a4800000| Untracked 
|  73|0x00000000a4900000, 0x00000000a4900000, 0x00000000a4a00000|  0%| F|  |TAMS 0x00000000a4900000, 0x00000000a4900000| Untracked 
|  74|0x00000000a4a00000, 0x00000000a4a00000, 0x00000000a4b00000|  0%| F|  |TAMS 0x00000000a4a00000, 0x00000000a4a00000| Untracked 
|  75|0x00000000a4b00000, 0x00000000a4b00000, 0x00000000a4c00000|  0%| F|  |TAMS 0x00000000a4b00000, 0x00000000a4b00000| Untracked 
|  76|0x00000000a4c00000, 0x00000000a4c00000, 0x00000000a4d00000|  0%| F|  |TAMS 0x00000000a4c00000, 0x00000000a4c00000| Untracked 
|  77|0x00000000a4d00000, 0x00000000a4d00000, 0x00000000a4e00000|  0%| F|  |TAMS 0x00000000a4d00000, 0x00000000a4d00000| Untracked 
|  78|0x00000000a4e00000, 0x00000000a4e00000, 0x00000000a4f00000|  0%| F|  |TAMS 0x00000000a4e00000, 0x00000000a4e00000| Untracked 
|  79|0x00000000a4f00000, 0x00000000a4f00000, 0x00000000a5000000|  0%| F|  |TAMS 0x00000000a4f00000, 0x00000000a4f00000| Untracked 
|  80|0x00000000a5000000, 0x00000000a5000000, 0x00000000a5100000|  0%| F|  |TAMS 0x00000000a5000000, 0x00000000a5000000| Untracked 
|  81|0x00000000a5100000, 0x00000000a5100000, 0x00000000a5200000|  0%| F|  |TAMS 0x00000000a5100000, 0x00000000a5100000| Untracked 
|  82|0x00000000a5200000, 0x00000000a5200000, 0x00000000a5300000|  0%| F|  |TAMS 0x00000000a5200000, 0x00000000a5200000| Untracked 
|  83|0x00000000a5300000, 0x00000000a5300000, 0x00000000a5400000|  0%| F|  |TAMS 0x00000000a5300000, 0x00000000a5300000| Untracked 
|  84|0x00000000a5400000, 0x00000000a5400000, 0x00000000a5500000|  0%| F|  |TAMS 0x00000000a5400000, 0x00000000a5400000| Untracked 
|  85|0x00000000a5500000, 0x00000000a5500000, 0x00000000a5600000|  0%| F|  |TAMS 0x00000000a5500000, 0x00000000a5500000| Untracked 
|  86|0x00000000a5600000, 0x00000000a5600000, 0x00000000a5700000|  0%| F|  |TAMS 0x00000000a5600000, 0x00000000a5600000| Untracked 
|  87|0x00000000a5700000, 0x00000000a5700000, 0x00000000a5800000|  0%| F|  |TAMS 0x00000000a5700000, 0x00000000a5700000| Untracked 
|  88|0x00000000a5800000, 0x00000000a5800000, 0x00000000a5900000|  0%| F|  |TAMS 0x00000000a5800000, 0x00000000a5800000| Untracked 
|  89|0x00000000a5900000, 0x00000000a5900000, 0x00000000a5a00000|  0%| F|  |TAMS 0x00000000a5900000, 0x00000000a5900000| Untracked 
|  90|0x00000000a5a00000, 0x00000000a5a00000, 0x00000000a5b00000|  0%| F|  |TAMS 0x00000000a5a00000, 0x00000000a5a00000| Untracked 
|  91|0x00000000a5b00000, 0x00000000a5b00000, 0x00000000a5c00000|  0%| F|  |TAMS 0x00000000a5b00000, 0x00000000a5b00000| Untracked 
|  92|0x00000000a5c00000, 0x00000000a5c00000, 0x00000000a5d00000|  0%| F|  |TAMS 0x00000000a5c00000, 0x00000000a5c00000| Untracked 
|  93|0x00000000a5d00000, 0x00000000a5d00000, 0x00000000a5e00000|  0%| F|  |TAMS 0x00000000a5d00000, 0x00000000a5d00000| Untracked 
|  94|0x00000000a5e00000, 0x00000000a5e00000, 0x00000000a5f00000|  0%| F|  |TAMS 0x00000000a5e00000, 0x00000000a5e00000| Untracked 
|  95|0x00000000a5f00000, 0x00000000a5f00000, 0x00000000a6000000|  0%| F|  |TAMS 0x00000000a5f00000, 0x00000000a5f00000| Untracked 
|  96|0x00000000a6000000, 0x00000000a6000000, 0x00000000a6100000|  0%| F|  |TAMS 0x00000000a6000000, 0x00000000a6000000| Untracked 
|  97|0x00000000a6100000, 0x00000000a6100000, 0x00000000a6200000|  0%| F|  |TAMS 0x00000000a6100000, 0x00000000a6100000| Untracked 
|  98|0x00000000a6200000, 0x00000000a6200000, 0x00000000a6300000|  0%| F|  |TAMS 0x00000000a6200000, 0x00000000a6200000| Untracked 
|  99|0x00000000a6300000, 0x00000000a6300000, 0x00000000a6400000|  0%| F|  |TAMS 0x00000000a6300000, 0x00000000a6300000| Untracked 
| 100|0x00000000a6400000, 0x00000000a6400000, 0x00000000a6500000|  0%| F|  |TAMS 0x00000000a6400000, 0x00000000a6400000| Untracked 
| 101|0x00000000a6500000, 0x00000000a6500000, 0x00000000a6600000|  0%| F|  |TAMS 0x00000000a6500000, 0x00000000a6500000| Untracked 
| 102|0x00000000a6600000, 0x00000000a6600000, 0x00000000a6700000|  0%| F|  |TAMS 0x00000000a6600000, 0x00000000a6600000| Untracked 
| 103|0x00000000a6700000, 0x00000000a6700000, 0x00000000a6800000|  0%| F|  |TAMS 0x00000000a6700000, 0x00000000a6700000| Untracked 
| 104|0x00000000a6800000, 0x00000000a6800000, 0x00000000a6900000|  0%| F|  |TAMS 0x00000000a6800000, 0x00000000a6800000| Untracked 
| 105|0x00000000a6900000, 0x00000000a6900000, 0x00000000a6a00000|  0%| F|  |TAMS 0x00000000a6900000, 0x00000000a6900000| Untracked 
| 106|0x00000000a6a00000, 0x00000000a6a00000, 0x00000000a6b00000|  0%| F|  |TAMS 0x00000000a6a00000, 0x00000000a6a00000| Untracked 
| 107|0x00000000a6b00000, 0x00000000a6b00000, 0x00000000a6c00000|  0%| F|  |TAMS 0x00000000a6b00000, 0x00000000a6b00000| Untracked 
| 108|0x00000000a6c00000, 0x00000000a6c00000, 0x00000000a6d00000|  0%| F|  |TAMS 0x00000000a6c00000, 0x00000000a6c00000| Untracked 
| 109|0x00000000a6d00000, 0x00000000a6d00000, 0x00000000a6e00000|  0%| F|  |TAMS 0x00000000a6d00000, 0x00000000a6d00000| Untracked 
| 110|0x00000000a6e00000, 0x00000000a6e00000, 0x00000000a6f00000|  0%| F|  |TAMS 0x00000000a6e00000, 0x00000000a6e00000| Untracked 
| 111|0x00000000a6f00000, 0x00000000a6f80800, 0x00000000a7000000| 50%| E|  |TAMS 0x00000000a6f00000, 0x00000000a6f00000| Complete 
| 112|0x00000000a7000000, 0x00000000a7100000, 0x00000000a7100000|100%| E|CS|TAMS 0x00000000a7000000, 0x00000000a7000000| Complete 
| 113|0x00000000a7100000, 0x00000000a7200000, 0x00000000a7200000|100%| E|CS|TAMS 0x00000000a7100000, 0x00000000a7100000| Complete 
| 114|0x00000000a7200000, 0x00000000a7300000, 0x00000000a7300000|100%| E|CS|TAMS 0x00000000a7200000, 0x00000000a7200000| Complete 
| 115|0x00000000a7300000, 0x00000000a7400000, 0x00000000a7400000|100%| E|CS|TAMS 0x00000000a7300000, 0x00000000a7300000| Complete 
| 116|0x00000000a7400000, 0x00000000a7500000, 0x00000000a7500000|100%| E|CS|TAMS 0x00000000a7400000, 0x00000000a7400000| Complete 
| 117|0x00000000a7500000, 0x00000000a7600000, 0x00000000a7600000|100%| E|CS|TAMS 0x00000000a7500000, 0x00000000a7500000| Complete 
| 118|0x00000000a7600000, 0x00000000a7700000, 0x00000000a7700000|100%| E|CS|TAMS 0x00000000a7600000, 0x00000000a7600000| Complete 
| 119|0x00000000a7700000, 0x00000000a7800000, 0x00000000a7800000|100%| E|CS|TAMS 0x00000000a7700000, 0x00000000a7700000| Complete 
| 120|0x00000000a7800000, 0x00000000a7900000, 0x00000000a7900000|100%| E|CS|TAMS 0x00000000a7800000, 0x00000000a7800000| Complete 
| 121|0x00000000a7900000, 0x00000000a7a00000, 0x00000000a7a00000|100%| E|CS|TAMS 0x00000000a7900000, 0x00000000a7900000| Complete 
| 122|0x00000000a7a00000, 0x00000000a7b00000, 0x00000000a7b00000|100%| E|CS|TAMS 0x00000000a7a00000, 0x00000000a7a00000| Complete 
| 123|0x00000000a7b00000, 0x00000000a7c00000, 0x00000000a7c00000|100%| E|CS|TAMS 0x00000000a7b00000, 0x00000000a7b00000| Complete 
| 124|0x00000000a7c00000, 0x00000000a7d00000, 0x00000000a7d00000|100%| E|CS|TAMS 0x00000000a7c00000, 0x00000000a7c00000| Complete 
| 125|0x00000000a7d00000, 0x00000000a7e00000, 0x00000000a7e00000|100%| E|CS|TAMS 0x00000000a7d00000, 0x00000000a7d00000| Complete 
| 126|0x00000000a7e00000, 0x00000000a7f00000, 0x00000000a7f00000|100%| E|CS|TAMS 0x00000000a7e00000, 0x00000000a7e00000| Complete 
| 127|0x00000000a7f00000, 0x00000000a8000000, 0x00000000a8000000|100%| E|CS|TAMS 0x00000000a7f00000, 0x00000000a7f00000| Complete 
| 128|0x00000000a8000000, 0x00000000a8100000, 0x00000000a8100000|100%| E|CS|TAMS 0x00000000a8000000, 0x00000000a8000000| Complete 
| 129|0x00000000a8100000, 0x00000000a8200000, 0x00000000a8200000|100%| E|CS|TAMS 0x00000000a8100000, 0x00000000a8100000| Complete 
| 130|0x00000000a8200000, 0x00000000a8300000, 0x00000000a8300000|100%| E|CS|TAMS 0x00000000a8200000, 0x00000000a8200000| Complete 
| 131|0x00000000a8300000, 0x00000000a8400000, 0x00000000a8400000|100%| E|CS|TAMS 0x00000000a8300000, 0x00000000a8300000| Complete 
| 132|0x00000000a8400000, 0x00000000a8500000, 0x00000000a8500000|100%| E|CS|TAMS 0x00000000a8400000, 0x00000000a8400000| Complete 
| 133|0x00000000a8500000, 0x00000000a8600000, 0x00000000a8600000|100%| E|CS|TAMS 0x00000000a8500000, 0x00000000a8500000| Complete 
| 134|0x00000000a8600000, 0x00000000a8700000, 0x00000000a8700000|100%| E|CS|TAMS 0x00000000a8600000, 0x00000000a8600000| Complete 
| 135|0x00000000a8700000, 0x00000000a8800000, 0x00000000a8800000|100%| E|CS|TAMS 0x00000000a8700000, 0x00000000a8700000| Complete 
| 136|0x00000000a8800000, 0x00000000a8900000, 0x00000000a8900000|100%| E|CS|TAMS 0x00000000a8800000, 0x00000000a8800000| Complete 
| 137|0x00000000a8900000, 0x00000000a8a00000, 0x00000000a8a00000|100%| E|CS|TAMS 0x00000000a8900000, 0x00000000a8900000| Complete 
| 138|0x00000000a8a00000, 0x00000000a8b00000, 0x00000000a8b00000|100%| E|CS|TAMS 0x00000000a8a00000, 0x00000000a8a00000| Complete 
| 139|0x00000000a8b00000, 0x00000000a8c00000, 0x00000000a8c00000|100%| E|CS|TAMS 0x00000000a8b00000, 0x00000000a8b00000| Complete 
| 140|0x00000000a8c00000, 0x00000000a8d00000, 0x00000000a8d00000|100%| E|CS|TAMS 0x00000000a8c00000, 0x00000000a8c00000| Complete 
| 141|0x00000000a8d00000, 0x00000000a8e00000, 0x00000000a8e00000|100%| E|CS|TAMS 0x00000000a8d00000, 0x00000000a8d00000| Complete 
| 142|0x00000000a8e00000, 0x00000000a8f00000, 0x00000000a8f00000|100%| E|CS|TAMS 0x00000000a8e00000, 0x00000000a8e00000| Complete 
| 143|0x00000000a8f00000, 0x00000000a9000000, 0x00000000a9000000|100%| E|CS|TAMS 0x00000000a8f00000, 0x00000000a8f00000| Complete 
| 144|0x00000000a9000000, 0x00000000a9100000, 0x00000000a9100000|100%| E|CS|TAMS 0x00000000a9000000, 0x00000000a9000000| Complete 
| 145|0x00000000a9100000, 0x00000000a9200000, 0x00000000a9200000|100%| E|CS|TAMS 0x00000000a9100000, 0x00000000a9100000| Complete 
| 146|0x00000000a9200000, 0x00000000a9300000, 0x00000000a9300000|100%| E|CS|TAMS 0x00000000a9200000, 0x00000000a9200000| Complete 
| 147|0x00000000a9300000, 0x00000000a9400000, 0x00000000a9400000|100%| E|CS|TAMS 0x00000000a9300000, 0x00000000a9300000| Complete 
| 148|0x00000000a9400000, 0x00000000a9500000, 0x00000000a9500000|100%| E|CS|TAMS 0x00000000a9400000, 0x00000000a9400000| Complete 
| 149|0x00000000a9500000, 0x00000000a9600000, 0x00000000a9600000|100%| E|CS|TAMS 0x00000000a9500000, 0x00000000a9500000| Complete 
| 150|0x00000000a9600000, 0x00000000a9700000, 0x00000000a9700000|100%| E|CS|TAMS 0x00000000a9600000, 0x00000000a9600000| Complete 
| 151|0x00000000a9700000, 0x00000000a9800000, 0x00000000a9800000|100%| E|CS|TAMS 0x00000000a9700000, 0x00000000a9700000| Complete 
| 152|0x00000000a9800000, 0x00000000a9900000, 0x00000000a9900000|100%| E|CS|TAMS 0x00000000a9800000, 0x00000000a9800000| Complete 
| 153|0x00000000a9900000, 0x00000000a9a00000, 0x00000000a9a00000|100%| E|CS|TAMS 0x00000000a9900000, 0x00000000a9900000| Complete 
| 154|0x00000000a9a00000, 0x00000000a9b00000, 0x00000000a9b00000|100%| E|CS|TAMS 0x00000000a9a00000, 0x00000000a9a00000| Complete 
| 155|0x00000000a9b00000, 0x00000000a9c00000, 0x00000000a9c00000|100%| E|CS|TAMS 0x00000000a9b00000, 0x00000000a9b00000| Complete 
| 156|0x00000000a9c00000, 0x00000000a9d00000, 0x00000000a9d00000|100%| E|CS|TAMS 0x00000000a9c00000, 0x00000000a9c00000| Complete 
| 157|0x00000000a9d00000, 0x00000000a9e00000, 0x00000000a9e00000|100%| E|CS|TAMS 0x00000000a9d00000, 0x00000000a9d00000| Complete 
| 158|0x00000000a9e00000, 0x00000000a9f00000, 0x00000000a9f00000|100%| E|CS|TAMS 0x00000000a9e00000, 0x00000000a9e00000| Complete 
| 159|0x00000000a9f00000, 0x00000000aa000000, 0x00000000aa000000|100%| E|CS|TAMS 0x00000000a9f00000, 0x00000000a9f00000| Complete 
| 160|0x00000000aa000000, 0x00000000aa100000, 0x00000000aa100000|100%| E|CS|TAMS 0x00000000aa000000, 0x00000000aa000000| Complete 
| 161|0x00000000aa100000, 0x00000000aa200000, 0x00000000aa200000|100%| E|CS|TAMS 0x00000000aa100000, 0x00000000aa100000| Complete 
| 162|0x00000000aa200000, 0x00000000aa300000, 0x00000000aa300000|100%| E|CS|TAMS 0x00000000aa200000, 0x00000000aa200000| Complete 
| 163|0x00000000aa300000, 0x00000000aa400000, 0x00000000aa400000|100%| E|CS|TAMS 0x00000000aa300000, 0x00000000aa300000| Complete 
| 164|0x00000000aa400000, 0x00000000aa500000, 0x00000000aa500000|100%| E|CS|TAMS 0x00000000aa400000, 0x00000000aa400000| Complete 
| 165|0x00000000aa500000, 0x00000000aa600000, 0x00000000aa600000|100%| E|CS|TAMS 0x00000000aa500000, 0x00000000aa500000| Complete 
| 166|0x00000000aa600000, 0x00000000aa700000, 0x00000000aa700000|100%| E|CS|TAMS 0x00000000aa600000, 0x00000000aa600000| Complete 
| 167|0x00000000aa700000, 0x00000000aa800000, 0x00000000aa800000|100%| E|CS|TAMS 0x00000000aa700000, 0x00000000aa700000| Complete 
| 168|0x00000000aa800000, 0x00000000aa900000, 0x00000000aa900000|100%| E|CS|TAMS 0x00000000aa800000, 0x00000000aa800000| Complete 
| 169|0x00000000aa900000, 0x00000000aaa00000, 0x00000000aaa00000|100%| E|CS|TAMS 0x00000000aa900000, 0x00000000aa900000| Complete 
| 170|0x00000000aaa00000, 0x00000000aab00000, 0x00000000aab00000|100%| E|CS|TAMS 0x00000000aaa00000, 0x00000000aaa00000| Complete 
| 171|0x00000000aab00000, 0x00000000aac00000, 0x00000000aac00000|100%| E|CS|TAMS 0x00000000aab00000, 0x00000000aab00000| Complete 
| 172|0x00000000aac00000, 0x00000000aad00000, 0x00000000aad00000|100%| E|CS|TAMS 0x00000000aac00000, 0x00000000aac00000| Complete 
| 173|0x00000000aad00000, 0x00000000aae00000, 0x00000000aae00000|100%| E|CS|TAMS 0x00000000aad00000, 0x00000000aad00000| Complete 
| 174|0x00000000aae00000, 0x00000000aaf00000, 0x00000000aaf00000|100%| E|CS|TAMS 0x00000000aae00000, 0x00000000aae00000| Complete 
| 175|0x00000000aaf00000, 0x00000000ab000000, 0x00000000ab000000|100%| E|CS|TAMS 0x00000000aaf00000, 0x00000000aaf00000| Complete 
| 176|0x00000000ab000000, 0x00000000ab100000, 0x00000000ab100000|100%| E|CS|TAMS 0x00000000ab000000, 0x00000000ab000000| Complete 
| 177|0x00000000ab100000, 0x00000000ab200000, 0x00000000ab200000|100%| E|CS|TAMS 0x00000000ab100000, 0x00000000ab100000| Complete 
| 178|0x00000000ab200000, 0x00000000ab300000, 0x00000000ab300000|100%| E|CS|TAMS 0x00000000ab200000, 0x00000000ab200000| Complete 
| 179|0x00000000ab300000, 0x00000000ab400000, 0x00000000ab400000|100%| E|CS|TAMS 0x00000000ab300000, 0x00000000ab300000| Complete 
| 180|0x00000000ab400000, 0x00000000ab500000, 0x00000000ab500000|100%| E|CS|TAMS 0x00000000ab400000, 0x00000000ab400000| Complete 
| 181|0x00000000ab500000, 0x00000000ab600000, 0x00000000ab600000|100%| E|CS|TAMS 0x00000000ab500000, 0x00000000ab500000| Complete 
| 182|0x00000000ab600000, 0x00000000ab700000, 0x00000000ab700000|100%| E|CS|TAMS 0x00000000ab600000, 0x00000000ab600000| Complete 
| 183|0x00000000ab700000, 0x00000000ab800000, 0x00000000ab800000|100%| E|CS|TAMS 0x00000000ab700000, 0x00000000ab700000| Complete 
| 184|0x00000000ab800000, 0x00000000ab900000, 0x00000000ab900000|100%| E|CS|TAMS 0x00000000ab800000, 0x00000000ab800000| Complete 
| 185|0x00000000ab900000, 0x00000000aba00000, 0x00000000aba00000|100%| E|CS|TAMS 0x00000000ab900000, 0x00000000ab900000| Complete 
| 186|0x00000000aba00000, 0x00000000abb00000, 0x00000000abb00000|100%| E|CS|TAMS 0x00000000aba00000, 0x00000000aba00000| Complete 
| 187|0x00000000abb00000, 0x00000000abc00000, 0x00000000abc00000|100%| E|CS|TAMS 0x00000000abb00000, 0x00000000abb00000| Complete 
| 188|0x00000000abc00000, 0x00000000abd00000, 0x00000000abd00000|100%| E|CS|TAMS 0x00000000abc00000, 0x00000000abc00000| Complete 
| 189|0x00000000abd00000, 0x00000000abe00000, 0x00000000abe00000|100%| E|CS|TAMS 0x00000000abd00000, 0x00000000abd00000| Complete 
| 190|0x00000000abe00000, 0x00000000abf00000, 0x00000000abf00000|100%| E|CS|TAMS 0x00000000abe00000, 0x00000000abe00000| Complete 
| 191|0x00000000abf00000, 0x00000000ac000000, 0x00000000ac000000|100%| E|CS|TAMS 0x00000000abf00000, 0x00000000abf00000| Complete 
| 192|0x00000000ac000000, 0x00000000ac100000, 0x00000000ac100000|100%| E|CS|TAMS 0x00000000ac000000, 0x00000000ac000000| Complete 
| 193|0x00000000ac100000, 0x00000000ac200000, 0x00000000ac200000|100%| E|CS|TAMS 0x00000000ac100000, 0x00000000ac100000| Complete 
| 194|0x00000000ac200000, 0x00000000ac300000, 0x00000000ac300000|100%| E|CS|TAMS 0x00000000ac200000, 0x00000000ac200000| Complete 
| 195|0x00000000ac300000, 0x00000000ac400000, 0x00000000ac400000|100%| E|CS|TAMS 0x00000000ac300000, 0x00000000ac300000| Complete 
| 196|0x00000000ac400000, 0x00000000ac500000, 0x00000000ac500000|100%| E|CS|TAMS 0x00000000ac400000, 0x00000000ac400000| Complete 
| 197|0x00000000ac500000, 0x00000000ac600000, 0x00000000ac600000|100%| E|CS|TAMS 0x00000000ac500000, 0x00000000ac500000| Complete 
| 198|0x00000000ac600000, 0x00000000ac700000, 0x00000000ac700000|100%| E|CS|TAMS 0x00000000ac600000, 0x00000000ac600000| Complete 
| 199|0x00000000ac700000, 0x00000000ac800000, 0x00000000ac800000|100%| E|CS|TAMS 0x00000000ac700000, 0x00000000ac700000| Complete 
| 200|0x00000000ac800000, 0x00000000ac900000, 0x00000000ac900000|100%| E|CS|TAMS 0x00000000ac800000, 0x00000000ac800000| Complete 
| 201|0x00000000ac900000, 0x00000000aca00000, 0x00000000aca00000|100%| E|CS|TAMS 0x00000000ac900000, 0x00000000ac900000| Complete 
| 202|0x00000000aca00000, 0x00000000acb00000, 0x00000000acb00000|100%| E|CS|TAMS 0x00000000aca00000, 0x00000000aca00000| Complete 
| 203|0x00000000acb00000, 0x00000000acc00000, 0x00000000acc00000|100%| E|CS|TAMS 0x00000000acb00000, 0x00000000acb00000| Complete 
| 204|0x00000000acc00000, 0x00000000acd00000, 0x00000000acd00000|100%| E|CS|TAMS 0x00000000acc00000, 0x00000000acc00000| Complete 
| 205|0x00000000acd00000, 0x00000000ace00000, 0x00000000ace00000|100%| E|CS|TAMS 0x00000000acd00000, 0x00000000acd00000| Complete 
| 206|0x00000000ace00000, 0x00000000acf00000, 0x00000000acf00000|100%| E|CS|TAMS 0x00000000ace00000, 0x00000000ace00000| Complete 
| 207|0x00000000acf00000, 0x00000000ad000000, 0x00000000ad000000|100%| E|CS|TAMS 0x00000000acf00000, 0x00000000acf00000| Complete 
| 208|0x00000000ad000000, 0x00000000ad100000, 0x00000000ad100000|100%| E|CS|TAMS 0x00000000ad000000, 0x00000000ad000000| Complete 
| 209|0x00000000ad100000, 0x00000000ad200000, 0x00000000ad200000|100%| E|CS|TAMS 0x00000000ad100000, 0x00000000ad100000| Complete 
| 210|0x00000000ad200000, 0x00000000ad300000, 0x00000000ad300000|100%| E|CS|TAMS 0x00000000ad200000, 0x00000000ad200000| Complete 
| 211|0x00000000ad300000, 0x00000000ad400000, 0x00000000ad400000|100%| E|CS|TAMS 0x00000000ad300000, 0x00000000ad300000| Complete 
| 212|0x00000000ad400000, 0x00000000ad500000, 0x00000000ad500000|100%| E|CS|TAMS 0x00000000ad400000, 0x00000000ad400000| Complete 
| 213|0x00000000ad500000, 0x00000000ad600000, 0x00000000ad600000|100%| E|CS|TAMS 0x00000000ad500000, 0x00000000ad500000| Complete 
| 214|0x00000000ad600000, 0x00000000ad700000, 0x00000000ad700000|100%| E|CS|TAMS 0x00000000ad600000, 0x00000000ad600000| Complete 
| 215|0x00000000ad700000, 0x00000000ad800000, 0x00000000ad800000|100%| E|CS|TAMS 0x00000000ad700000, 0x00000000ad700000| Complete 
| 216|0x00000000ad800000, 0x00000000ad900000, 0x00000000ad900000|100%| E|CS|TAMS 0x00000000ad800000, 0x00000000ad800000| Complete 
| 217|0x00000000ad900000, 0x00000000ada00000, 0x00000000ada00000|100%| E|CS|TAMS 0x00000000ad900000, 0x00000000ad900000| Complete 
| 218|0x00000000ada00000, 0x00000000adb00000, 0x00000000adb00000|100%| E|CS|TAMS 0x00000000ada00000, 0x00000000ada00000| Complete 
| 219|0x00000000adb00000, 0x00000000adc00000, 0x00000000adc00000|100%| E|CS|TAMS 0x00000000adb00000, 0x00000000adb00000| Complete 
| 220|0x00000000adc00000, 0x00000000add00000, 0x00000000add00000|100%| E|CS|TAMS 0x00000000adc00000, 0x00000000adc00000| Complete 
| 221|0x00000000add00000, 0x00000000ade00000, 0x00000000ade00000|100%| E|CS|TAMS 0x00000000add00000, 0x00000000add00000| Complete 
| 222|0x00000000ade00000, 0x00000000adf00000, 0x00000000adf00000|100%| E|CS|TAMS 0x00000000ade00000, 0x00000000ade00000| Complete 
| 223|0x00000000adf00000, 0x00000000ae000000, 0x00000000ae000000|100%| E|CS|TAMS 0x00000000adf00000, 0x00000000adf00000| Complete 
| 224|0x00000000ae000000, 0x00000000ae100000, 0x00000000ae100000|100%| E|CS|TAMS 0x00000000ae000000, 0x00000000ae000000| Complete 
| 225|0x00000000ae100000, 0x00000000ae200000, 0x00000000ae200000|100%| E|CS|TAMS 0x00000000ae100000, 0x00000000ae100000| Complete 
| 226|0x00000000ae200000, 0x00000000ae300000, 0x00000000ae300000|100%| E|CS|TAMS 0x00000000ae200000, 0x00000000ae200000| Complete 
| 227|0x00000000ae300000, 0x00000000ae400000, 0x00000000ae400000|100%| E|CS|TAMS 0x00000000ae300000, 0x00000000ae300000| Complete 
| 228|0x00000000ae400000, 0x00000000ae500000, 0x00000000ae500000|100%| E|CS|TAMS 0x00000000ae400000, 0x00000000ae400000| Complete 
| 229|0x00000000ae500000, 0x00000000ae600000, 0x00000000ae600000|100%| S|CS|TAMS 0x00000000ae500000, 0x00000000ae500000| Complete 
| 230|0x00000000ae600000, 0x00000000ae700000, 0x00000000ae700000|100%| S|CS|TAMS 0x00000000ae600000, 0x00000000ae600000| Complete 
| 231|0x00000000ae700000, 0x00000000ae800000, 0x00000000ae800000|100%| S|CS|TAMS 0x00000000ae700000, 0x00000000ae700000| Complete 
| 232|0x00000000ae800000, 0x00000000ae900000, 0x00000000ae900000|100%| E|CS|TAMS 0x00000000ae800000, 0x00000000ae800000| Complete 
| 233|0x00000000ae900000, 0x00000000aea00000, 0x00000000aea00000|100%| E|CS|TAMS 0x00000000ae900000, 0x00000000ae900000| Complete 
| 234|0x00000000aea00000, 0x00000000aeb00000, 0x00000000aeb00000|100%| E|CS|TAMS 0x00000000aea00000, 0x00000000aea00000| Complete 
| 235|0x00000000aeb00000, 0x00000000aec00000, 0x00000000aec00000|100%| E|CS|TAMS 0x00000000aeb00000, 0x00000000aeb00000| Complete 
| 236|0x00000000aec00000, 0x00000000aed00000, 0x00000000aed00000|100%| E|CS|TAMS 0x00000000aec00000, 0x00000000aec00000| Complete 
| 237|0x00000000aed00000, 0x00000000aee00000, 0x00000000aee00000|100%| E|CS|TAMS 0x00000000aed00000, 0x00000000aed00000| Complete 
| 238|0x00000000aee00000, 0x00000000aef00000, 0x00000000aef00000|100%| E|CS|TAMS 0x00000000aee00000, 0x00000000aee00000| Complete 
| 239|0x00000000aef00000, 0x00000000af000000, 0x00000000af000000|100%| E|CS|TAMS 0x00000000aef00000, 0x00000000aef00000| Complete 
| 240|0x00000000af000000, 0x00000000af100000, 0x00000000af100000|100%| E|CS|TAMS 0x00000000af000000, 0x00000000af000000| Complete 
| 241|0x00000000af100000, 0x00000000af200000, 0x00000000af200000|100%| E|CS|TAMS 0x00000000af100000, 0x00000000af100000| Complete 
| 242|0x00000000af200000, 0x00000000af300000, 0x00000000af300000|100%| E|CS|TAMS 0x00000000af200000, 0x00000000af200000| Complete 
| 243|0x00000000af300000, 0x00000000af400000, 0x00000000af400000|100%| E|CS|TAMS 0x00000000af300000, 0x00000000af300000| Complete 
| 244|0x00000000af400000, 0x00000000af500000, 0x00000000af500000|100%| E|CS|TAMS 0x00000000af400000, 0x00000000af400000| Complete 
| 245|0x00000000af500000, 0x00000000af600000, 0x00000000af600000|100%| E|CS|TAMS 0x00000000af500000, 0x00000000af500000| Complete 
| 246|0x00000000af600000, 0x00000000af700000, 0x00000000af700000|100%| E|CS|TAMS 0x00000000af600000, 0x00000000af600000| Complete 
| 247|0x00000000af700000, 0x00000000af800000, 0x00000000af800000|100%| E|CS|TAMS 0x00000000af700000, 0x00000000af700000| Complete 
| 248|0x00000000af800000, 0x00000000af900000, 0x00000000af900000|100%| E|CS|TAMS 0x00000000af800000, 0x00000000af800000| Complete 
| 249|0x00000000af900000, 0x00000000afa00000, 0x00000000afa00000|100%| E|CS|TAMS 0x00000000af900000, 0x00000000af900000| Complete 
| 250|0x00000000afa00000, 0x00000000afb00000, 0x00000000afb00000|100%| E|CS|TAMS 0x00000000afa00000, 0x00000000afa00000| Complete 
| 251|0x00000000afb00000, 0x00000000afc00000, 0x00000000afc00000|100%| E|CS|TAMS 0x00000000afb00000, 0x00000000afb00000| Complete 
| 252|0x00000000afc00000, 0x00000000afd00000, 0x00000000afd00000|100%| E|CS|TAMS 0x00000000afc00000, 0x00000000afc00000| Complete 
| 253|0x00000000afd00000, 0x00000000afe00000, 0x00000000afe00000|100%| E|CS|TAMS 0x00000000afd00000, 0x00000000afd00000| Complete 
| 254|0x00000000afe00000, 0x00000000aff00000, 0x00000000aff00000|100%| E|CS|TAMS 0x00000000afe00000, 0x00000000afe00000| Complete 
| 255|0x00000000aff00000, 0x00000000b0000000, 0x00000000b0000000|100%| E|CS|TAMS 0x00000000aff00000, 0x00000000aff00000| Complete 

Card table byte_map: [0x000001669ede0000,0x000001669f0e0000] _byte_map_base: 0x000001669e8e0000

Marking Bits (Prev, Next): (CMBitMap*) 0x00000166871de1c8, (CMBitMap*) 0x00000166871de208
 Prev Bits: [0x000001669f3e0000, 0x00000166a0be0000)
 Next Bits: [0x00000166a0be0000, 0x00000166a23e0000)

Polling page: 0x0000016685190000

Metaspace:

Usage:
  Non-class:     16.58 MB capacity,    16.11 MB ( 97%) used,   443.24 KB (  3%) free+waste,    44.44 KB ( <1%) overhead. 
      Class:      2.96 MB capacity,     2.71 MB ( 91%) used,   233.72 KB (  8%) free+waste,    24.19 KB ( <1%) overhead. 
       Both:     19.54 MB capacity,    18.81 MB ( 96%) used,   676.96 KB (  3%) free+waste,    68.63 KB ( <1%) overhead. 

Virtual space:
  Non-class space:       18.00 MB reserved,      16.75 MB ( 93%) committed 
      Class space:        1.00 GB reserved,       3.00 MB ( <1%) committed 
             Both:        1.02 GB reserved,      19.75 MB (  2%) committed 

Chunk freelists:
   Non-Class:  41.00 KB
       Class:  12.00 KB
        Both:  53.00 KB

MaxMetaspaceSize: 17179869184.00 GB
CompressedClassSpaceSize: 1.00 GB

CodeHeap 'non-profiled nmethods': size=120000Kb used=1074Kb max_used=1074Kb free=118925Kb
 bounds [0x0000016697170000, 0x00000166973e0000, 0x000001669e6a0000]
CodeHeap 'profiled nmethods': size=120000Kb used=4696Kb max_used=4696Kb free=115303Kb
 bounds [0x000001668fc40000, 0x00000166900e0000, 0x0000016697170000]
CodeHeap 'non-nmethods': size=5760Kb used=1231Kb max_used=1280Kb free=4528Kb
 bounds [0x000001668f6a0000, 0x000001668f910000, 0x000001668fc40000]
 total_blobs=3796 nmethods=2156 adapters=399
 compilation: enabled
              stopped_count=0, restarted_count=0
 full_count=0

Compilation events (20 events):
Event: 7.378 Thread 0x00000166a5693000 2381   !   3       org.gradle.internal.service.ReflectionBasedServiceMethod::invoke (16 bytes)
Event: 7.379 Thread 0x00000166a5693000 nmethod 2381 0x00000166900ce910 code [0x00000166900ceac0, 0x00000166900cece0]
Event: 7.382 Thread 0x00000166a5693000 2382   !   3       org.gradle.internal.service.DefaultServiceRegistry$FactoryMethodService::invokeMethod (151 bytes)
Event: 7.384 Thread 0x00000166a5693000 nmethod 2382 0x00000166900cee10 code [0x00000166900cf280, 0x00000166900d1990]
Event: 7.426 Thread 0x00000166a5693000 2384       1       sun.nio.ch.NativeThread::current (2 bytes)
Event: 7.426 Thread 0x00000166a5693000 nmethod 2384 0x000001669727b590 code [0x000001669727b720, 0x000001669727b818]
Event: 7.428 Thread 0x00000166a5693000 2385       3       java.nio.channels.spi.AbstractInterruptibleChannel::isOpen (13 bytes)
Event: 7.428 Thread 0x00000166a5693000 nmethod 2385 0x00000166900d2910 code [0x00000166900d2ac0, 0x00000166900d2c98]
Event: 7.461 Thread 0x00000166a5693000 2386       3       org.objectweb.asm.MethodWriter::visitAbstractType (8 bytes)
Event: 7.462 Thread 0x00000166a5693000 nmethod 2386 0x00000166900d2d10 code [0x00000166900d2ec0, 0x00000166900d3078]
Event: 7.462 Thread 0x00000166a5693000 2387       3       org.objectweb.asm.ByteVector::putInt (74 bytes)
Event: 7.462 Thread 0x00000166a5693000 nmethod 2387 0x00000166900d3190 code [0x00000166900d3340, 0x00000166900d3610]
Event: 7.463 Thread 0x00000166a5693000 2388       3       org.objectweb.asm.SymbolTable::addType (81 bytes)
Event: 7.464 Thread 0x00000166a5693000 nmethod 2388 0x00000166900d3790 code [0x00000166900d39a0, 0x00000166900d4000]
Event: 7.464 Thread 0x00000166a5693000 2389       3       java.util.regex.Pattern$LastNode::match (45 bytes)
Event: 7.464 Thread 0x00000166a5693000 nmethod 2389 0x00000166900d4310 code [0x00000166900d44c0, 0x00000166900d4738]
Event: 7.464 Thread 0x00000166a5693000 2391       3       org.objectweb.asm.Frame::pop (44 bytes)
Event: 7.464 Thread 0x00000166a5693000 nmethod 2391 0x00000166900d4890 code [0x00000166900d4a40, 0x00000166900d4c38]
Event: 7.464 Thread 0x00000166a5693000 2390       1       java.lang.AbstractStringBuilder::length (5 bytes)
Event: 7.464 Thread 0x00000166a5693000 nmethod 2390 0x000001669727b890 code [0x000001669727ba20, 0x000001669727bb58]

GC Heap History (2 events):
Event: 2.235 GC heap before
{Heap before GC invocations=0 (full 0):
 garbage-first heap   total 262144K, used 29696K [0x00000000a0000000, 0x0000000100000000)
  region size 1024K, 24 young (24576K), 0 survivors (0K)
 Metaspace       used 3743K, capacity 6556K, committed 6656K, reserved 1056768K
  class space    used 483K, capacity 760K, committed 768K, reserved 1048576K
}
Event: 2.249 GC heap after
{Heap after GC invocations=1 (full 0):
 garbage-first heap   total 262144K, used 8240K [0x00000000a0000000, 0x0000000100000000)
  region size 1024K, 3 young (3072K), 3 survivors (3072K)
 Metaspace       used 3743K, capacity 6556K, committed 6656K, reserved 1056768K
  class space    used 483K, capacity 760K, committed 768K, reserved 1048576K
}

Deoptimization events (20 events):
Event: 7.116 Thread 0x00000166a729e800 DEOPT PACKING pc=0x000001668fd04d63 sp=0x00000021165f7310
Event: 7.116 Thread 0x00000166a729e800 DEOPT UNPACKING pc=0x000001668f6e964e sp=0x00000021165f6840 mode 0
Event: 7.351 Thread 0x00000166a729e800 Uncommon trap: trap_request=0xffffff45 fr.pc=0x00000166971a4a50 relative=0x0000000000000230
Event: 7.351 Thread 0x00000166a729e800 Uncommon trap: reason=unstable_if action=reinterpret pc=0x00000166971a4a50 method=java.util.HashMap.hash(Ljava/lang/Object;)I @ 1 c2
Event: 7.351 Thread 0x00000166a729e800 DEOPT PACKING pc=0x00000166971a4a50 sp=0x00000021165f9340
Event: 7.351 Thread 0x00000166a729e800 DEOPT UNPACKING pc=0x000001668f6e912f sp=0x00000021165f9278 mode 2
Event: 7.368 Thread 0x00000166a729e800 Uncommon trap: trap_request=0xffffff45 fr.pc=0x0000016697214b3c relative=0x000000000000009c
Event: 7.368 Thread 0x00000166a729e800 Uncommon trap: reason=unstable_if action=reinterpret pc=0x0000016697214b3c method=java.util.HashMap.hash(Ljava/lang/Object;)I @ 1 c2
Event: 7.368 Thread 0x00000166a729e800 DEOPT PACKING pc=0x0000016697214b3c sp=0x00000021165f8c80
Event: 7.368 Thread 0x00000166a729e800 DEOPT UNPACKING pc=0x000001668f6e912f sp=0x00000021165f8c18 mode 2
Event: 7.375 Thread 0x00000166a729e800 DEOPT PACKING pc=0x000001668fff16c4 sp=0x00000021165fab50
Event: 7.375 Thread 0x00000166a729e800 DEOPT UNPACKING pc=0x000001668f6e964e sp=0x00000021165fa0b0 mode 0
Event: 7.376 Thread 0x00000166a729e800 DEOPT PACKING pc=0x000001668fff19bc sp=0x00000021165fb0a0
Event: 7.376 Thread 0x00000166a729e800 DEOPT UNPACKING pc=0x000001668f6e964e sp=0x00000021165fa600 mode 0
Event: 7.436 Thread 0x00000166a729e800 DEOPT PACKING pc=0x000001668fff19bc sp=0x00000021165fb560
Event: 7.436 Thread 0x00000166a729e800 DEOPT UNPACKING pc=0x000001668f6e964e sp=0x00000021165faac0 mode 0
Event: 7.436 Thread 0x00000166a729e800 DEOPT PACKING pc=0x000001668fff19bc sp=0x00000021165fba20
Event: 7.436 Thread 0x00000166a729e800 DEOPT UNPACKING pc=0x000001668f6e964e sp=0x00000021165faf80 mode 0
Event: 7.436 Thread 0x00000166a729e800 DEOPT PACKING pc=0x000001668fff19bc sp=0x00000021165fbee0
Event: 7.436 Thread 0x00000166a729e800 DEOPT UNPACKING pc=0x000001668f6e964e sp=0x00000021165fb450 mode 0

Classes unloaded (0 events):
No events

Classes redefined (0 events):
No events

Internal exceptions (20 events):
Event: 7.166 Thread 0x00000166a729e800 Exception <a 'java/lang/NoSuchMethodError'{0x00000000a7c346f8}: static Lorg/jetbrains/kotlin/allopen/ide/AllOpenModel;.<clinit>()V> (0x00000000a7c346f8) 
thrown [t:/workspace/open/src/hotspot/share/prims/jni.cpp, line 1347]
Event: 7.169 Thread 0x00000166a729e800 Exception <a 'java/lang/NoSuchMethodError'{0x00000000a7c46f98}: static Lorg/jetbrains/kotlin/android/synthetic/idea/AndroidExtensionsGradleModel;.<clinit>()V> (0x00000000a7c46f98) 
thrown [t:/workspace/open/src/hotspot/share/prims/jni.cpp, line 1347]
Event: 7.189 Thread 0x00000166a729e800 Exception <a 'java/lang/NoSuchMethodError'{0x00000000a7cdcf58}: static Lcom/android/tools/idea/gradle/project/sync/idea/svs/AndroidExtraModelProvider;.<clinit>()V> (0x00000000a7cdcf58) 
thrown [t:/workspace/open/src/hotspot/share/prims/jni.cpp, line 1347]
Event: 7.191 Thread 0x00000166a729e800 Exception <a 'java/lang/NoSuchMethodError'{0x00000000a7cf09e0}: static Lcom/android/tools/idea/gradle/project/sync/SyncActionOptions;.<clinit>()V> (0x00000000a7cf09e0) 
thrown [t:/workspace/open/src/hotspot/share/prims/jni.cpp, line 1347]
Event: 7.195 Thread 0x00000166a729e800 Exception <a 'java/lang/NoSuchMethodError'{0x00000000a7b09ca8}: static Lorg/jetbrains/plugins/gradle/model/AnnotationProcessingModel;.<clinit>()V> (0x00000000a7b09ca8) 
thrown [t:/workspace/open/src/hotspot/share/prims/jni.cpp, line 1347]
Event: 7.201 Thread 0x00000166a729e800 Exception <a 'java/lang/NoSuchMethodError'{0x00000000a7ba9b48}: static Lorg/jetbrains/kotlin/noarg/ide/NoArgModel;.<clinit>()V> (0x00000000a7ba9b48) 
thrown [t:/workspace/open/src/hotspot/share/prims/jni.cpp, line 1347]
Event: 7.205 Thread 0x00000166a729e800 Exception <a 'java/lang/NoSuchMethodError'{0x00000000a7bc9878}: static Lorg/jetbrains/plugins/gradle/model/RepositoriesModel;.<clinit>()V> (0x00000000a7bc9878) 
thrown [t:/workspace/open/src/hotspot/share/prims/jni.cpp, line 1347]
Event: 7.208 Thread 0x00000166a729e800 Exception <a 'java/lang/NoSuchMethodError'{0x00000000a7bdcdc0}: static Lorg/jetbrains/plugins/gradle/model/ExternalProjectDependency;.<clinit>()V> (0x00000000a7bdcdc0) 
thrown [t:/workspace/open/src/hotspot/share/prims/jni.cpp, line 1347]
Event: 7.208 Thread 0x00000166a729e800 Exception <a 'java/lang/NoSuchMethodError'{0x00000000a7be6970}: static Lorg/jetbrains/plugins/gradle/model/UnresolvedExternalDependency;.<clinit>()V> (0x00000000a7be6970) 
thrown [t:/workspace/open/src/hotspot/share/prims/jni.cpp, line 1347]
Event: 7.209 Thread 0x00000166a729e800 Exception <a 'java/lang/NoSuchMethodError'{0x00000000a7befec8}: static Lorg/jetbrains/plugins/gradle/model/FileCollectionDependency;.<clinit>()V> (0x00000000a7befec8) 
thrown [t:/workspace/open/src/hotspot/share/prims/jni.cpp, line 1347]
Event: 7.211 Thread 0x00000166a729e800 Exception <a 'java/lang/NoSuchMethodError'{0x00000000a7bf95e8}: static Lorg/jetbrains/plugins/gradle/model/ExternalLibraryDependency;.<clinit>()V> (0x00000000a7bf95e8) 
thrown [t:/workspace/open/src/hotspot/share/prims/jni.cpp, line 1347]
Event: 7.222 Thread 0x00000166a729e800 Exception <a 'java/lang/NoSuchMethodError'{0x00000000a7aa06e0}: static Lorg/gradle/tooling/internal/consumer/versioning/VersionDetails;.<clinit>()V> (0x00000000a7aa06e0) 
thrown [t:/workspace/open/src/hotspot/share/prims/jni.cpp, line 1347]
Event: 7.223 Thread 0x00000166a729e800 Exception <a 'java/lang/NoSuchMethodError'{0x00000000a7aa3198}: static Lorg/gradle/tooling/internal/consumer/versioning/VersionDetails$R26VersionDetails;.<clinit>()V> (0x00000000a7aa3198) 
thrown [t:/workspace/open/src/hotspot/share/prims/jni.cpp, line 1347]
Event: 7.223 Thread 0x00000166a729e800 Exception <a 'java/lang/NoSuchMethodError'{0x00000000a7aa4820}: static Lorg/gradle/tooling/internal/consumer/versioning/VersionDetails$R28VersionDetails;.<clinit>()V> (0x00000000a7aa4820) 
thrown [t:/workspace/open/src/hotspot/share/prims/jni.cpp, line 1347]
Event: 7.223 Thread 0x00000166a729e800 Exception <a 'java/lang/NoSuchMethodError'{0x00000000a7aa5e38}: static Lorg/gradle/tooling/internal/consumer/versioning/VersionDetails$R35VersionDetails;.<clinit>()V> (0x00000000a7aa5e38) 
thrown [t:/workspace/open/src/hotspot/share/prims/jni.cpp, line 1347]
Event: 7.223 Thread 0x00000166a729e800 Exception <a 'java/lang/NoSuchMethodError'{0x00000000a7aa7618}: static Lorg/gradle/tooling/internal/consumer/versioning/VersionDetails$R44VersionDetails;.<clinit>()V> (0x00000000a7aa7618) 
thrown [t:/workspace/open/src/hotspot/share/prims/jni.cpp, line 1347]
Event: 7.223 Thread 0x00000166a729e800 Exception <a 'java/lang/NoSuchMethodError'{0x00000000a7aa8a88}: static Lorg/gradle/tooling/internal/consumer/versioning/VersionDetails$R48VersionDetails;.<clinit>()V> (0x00000000a7aa8a88) 
thrown [t:/workspace/open/src/hotspot/share/prims/jni.cpp, line 1347]
Event: 7.223 Thread 0x00000166a729e800 Exception <a 'java/lang/NoSuchMethodError'{0x00000000a7aa9d98}: static Lorg/gradle/tooling/internal/consumer/versioning/VersionDetails$R51VersionDetails;.<clinit>()V> (0x00000000a7aa9d98) 
thrown [t:/workspace/open/src/hotspot/share/prims/jni.cpp, line 1347]
Event: 7.351 Thread 0x00000166a729e800 Implicit null exception at 0x00000166971a4865 to 0x00000166971a4a3e
Event: 7.368 Thread 0x00000166a729e800 Implicit null exception at 0x0000016697214aaf to 0x0000016697214b2d

Events (20 events):
Event: 7.465 loading class org/gradle/internal/component/external/model/PreferJavaRuntimeVariant$PreferJarVariantUsageDisambiguationRule done
Event: 7.466 loading class org/gradle/api/internal/artifacts/repositories/metadata/MavenImmutableAttributesFactory
Event: 7.466 loading class org/gradle/api/internal/artifacts/repositories/metadata/MavenImmutableAttributesFactory done
Event: 7.467 loading class org/gradle/internal/component/external/model/maven/MutableMavenModuleResolveMetadata
Event: 7.467 loading class org/gradle/internal/component/external/model/maven/MutableMavenModuleResolveMetadata done
Event: 7.467 loading class org/gradle/internal/component/external/model/MutableModuleComponentResolveMetadata
Event: 7.467 loading class org/gradle/internal/component/external/model/MutableModuleComponentResolveMetadata done
Event: 7.468 loading class org/gradle/api/internal/artifacts/repositories/metadata/DefaultMavenImmutableAttributesFactory
Event: 7.468 loading class org/gradle/api/internal/artifacts/repositories/metadata/DefaultMavenImmutableAttributesFactory done
Event: 7.469 loading class org/gradle/internal/component/external/model/ivy/MutableIvyModuleResolveMetadata
Event: 7.469 loading class org/gradle/internal/component/external/model/ivy/MutableIvyModuleResolveMetadata done
Event: 7.470 loading class org/gradle/internal/component/model/IvyArtifactName
Event: 7.470 loading class org/gradle/internal/component/model/IvyArtifactName done
Event: 7.470 loading class org/gradle/internal/component/external/descriptor/Configuration
Event: 7.470 loading class org/gradle/internal/component/external/descriptor/Configuration done
Event: 7.473 loading class org/gradle/internal/hash/DefaultChecksumService
Event: 7.473 loading class org/gradle/internal/hash/DefaultChecksumService done
Event: 7.473 loading class org/gradle/internal/hash/ChecksumHasher
Event: 7.473 loading class org/gradle/internal/hash/ChecksumHasher done
Event: 7.474 Thread 0x00000166a60c1000 Thread added: 0x00000166a60c1000


Dynamic libraries:
0x00007ff68aab0000 - 0x00007ff68aabf000 	C:\Program Files\Java\jdk-13.0.2\bin\java.exe
0x00007ff9663d0000 - 0x00007ff9665c9000 	C:\WINDOWS\SYSTEM32\ntdll.dll
0x00007ff9645c0000 - 0x00007ff96467c000 	C:\WINDOWS\System32\KERNEL32.DLL
0x00007ff963d80000 - 0x00007ff96405f000 	C:\WINDOWS\System32\KERNELBASE.dll
0x00007ff960f00000 - 0x00007ff960f92000 	C:\WINDOWS\SYSTEM32\apphelp.dll
0x00007ff964060000 - 0x00007ff964165000 	C:\WINDOWS\System32\ucrtbase.dll
0x00007ff94f470000 - 0x00007ff94f485000 	C:\Program Files\Java\jdk-13.0.2\bin\VCRUNTIME140.dll
0x00007ff94f490000 - 0x00007ff94f4a8000 	C:\Program Files\Java\jdk-13.0.2\bin\jli.dll
0x00007ff965770000 - 0x00007ff96581c000 	C:\WINDOWS\System32\ADVAPI32.dll
0x00007ff9662e0000 - 0x00007ff966382000 	C:\WINDOWS\System32\msvcrt.dll
0x00007ff964f30000 - 0x00007ff964fcb000 	C:\WINDOWS\System32\sechost.dll
0x00007ff9655f0000 - 0x00007ff96570d000 	C:\WINDOWS\System32\RPCRT4.dll
0x00007ff965060000 - 0x00007ff965202000 	C:\WINDOWS\System32\USER32.dll
0x00007ff933b90000 - 0x00007ff933e25000 	C:\WINDOWS\WinSxS\amd64_microsoft.windows.common-controls_6595b64144ccf1df_6.0.19608.1000_none_706a959b0f6f598f\COMCTL32.dll
0x00007ff9641f0000 - 0x00007ff964216000 	C:\WINDOWS\System32\win32u.dll
0x00007ff9647a0000 - 0x00007ff9647ca000 	C:\WINDOWS\System32\GDI32.dll
0x00007ff963c70000 - 0x00007ff963d7b000 	C:\WINDOWS\System32\gdi32full.dll
0x00007ff963af0000 - 0x00007ff963b8a000 	C:\WINDOWS\System32\msvcp_win.dll
0x00007ff95bc20000 - 0x00007ff95bc2a000 	C:\WINDOWS\SYSTEM32\VERSION.dll
0x00007ff9659a0000 - 0x00007ff9659cf000 	C:\WINDOWS\System32\IMM32.DLL
0x00007ff92b1c0000 - 0x00007ff92b25b000 	C:\Program Files\Java\jdk-13.0.2\bin\msvcp140.dll
0x00007ff921ae0000 - 0x00007ff92263d000 	C:\Program Files\Java\jdk-13.0.2\bin\server\jvm.dll
0x00007ff964fd0000 - 0x00007ff964fd8000 	C:\WINDOWS\System32\PSAPI.DLL
0x00007ff94f9e0000 - 0x00007ff94f9e9000 	C:\WINDOWS\SYSTEM32\WSOCK32.dll
0x00007ff958ce0000 - 0x00007ff958d07000 	C:\WINDOWS\SYSTEM32\WINMM.dll
0x00007ff965570000 - 0x00007ff9655df000 	C:\WINDOWS\System32\WS2_32.dll
0x00007ff961b20000 - 0x00007ff961b33000 	C:\WINDOWS\SYSTEM32\kernel.appcore.dll
0x00007ff9610d0000 - 0x00007ff9610e0000 	C:\Program Files\Java\jdk-13.0.2\bin\verify.dll
0x00007ff945120000 - 0x00007ff94531a000 	C:\WINDOWS\SYSTEM32\DBGHELP.DLL
0x00007ff9450f0000 - 0x00007ff94511d000 	C:\WINDOWS\SYSTEM32\dbgcore.DLL
0x00007ff963bf0000 - 0x00007ff963c6e000 	C:\WINDOWS\System32\bcryptPrimitives.dll
0x00007ff93d010000 - 0x00007ff93d036000 	C:\Program Files\Java\jdk-13.0.2\bin\java.dll
0x00007ff93d0e0000 - 0x00007ff93d0f7000 	C:\Program Files\Java\jdk-13.0.2\bin\zip.dll
0x00007ff9610b0000 - 0x00007ff9610ba000 	C:\Program Files\Java\jdk-13.0.2\bin\jimage.dll
0x00007ff9659e0000 - 0x00007ff966114000 	C:\WINDOWS\System32\SHELL32.dll
0x00007ff961c90000 - 0x00007ff96243a000 	C:\WINDOWS\SYSTEM32\windows.storage.dll
0x00007ff965210000 - 0x00007ff965561000 	C:\WINDOWS\System32\combase.dll
0x00007ff963490000 - 0x00007ff9634b9000 	C:\WINDOWS\SYSTEM32\Wldp.dll
0x00007ff966120000 - 0x00007ff9661cc000 	C:\WINDOWS\System32\SHCORE.dll
0x00007ff964560000 - 0x00007ff9645b5000 	C:\WINDOWS\System32\shlwapi.dll
0x00007ff963a30000 - 0x00007ff963a4f000 	C:\WINDOWS\SYSTEM32\profapi.dll
0x00007ff93cbb0000 - 0x00007ff93cbc9000 	C:\Program Files\Java\jdk-13.0.2\bin\net.dll
0x00007ff95cce0000 - 0x00007ff95cdd7000 	C:\WINDOWS\SYSTEM32\WINHTTP.dll
0x00007ff963250000 - 0x00007ff9632b7000 	C:\WINDOWS\system32\mswsock.dll
0x00007ff93c300000 - 0x00007ff93c313000 	C:\Program Files\Java\jdk-13.0.2\bin\nio.dll
0x00007ff92d500000 - 0x00007ff92d527000 	C:\Users\ewens\.gradle\native\481b90ef2c2b5ab96622bab5346fdaaafe5c91895d4d4de1c4fe4b2e89a8011f\windows-amd64\native-platform.dll
0x00007ff94e950000 - 0x00007ff94e959000 	C:\Program Files\Java\jdk-13.0.2\bin\management.dll
0x00007ff93cba0000 - 0x00007ff93cbab000 	C:\Program Files\Java\jdk-13.0.2\bin\management_ext.dll
0x00007ff9637d0000 - 0x00007ff9637e8000 	C:\WINDOWS\SYSTEM32\CRYPTSP.dll
0x00007ff962ba0000 - 0x00007ff962bd4000 	C:\WINDOWS\system32\rsaenh.dll
0x00007ff964170000 - 0x00007ff964197000 	C:\WINDOWS\System32\bcrypt.dll
0x00007ff9639c0000 - 0x00007ff9639ed000 	C:\WINDOWS\SYSTEM32\USERENV.dll
0x00007ff963400000 - 0x00007ff96340c000 	C:\WINDOWS\SYSTEM32\CRYPTBASE.dll
0x00007ff962f30000 - 0x00007ff962f5d000 	C:\WINDOWS\SYSTEM32\IPHLPAPI.DLL
0x00007ff9659d0000 - 0x00007ff9659d9000 	C:\WINDOWS\System32\NSI.dll
0x00007ff95d040000 - 0x00007ff95d057000 	C:\WINDOWS\SYSTEM32\dhcpcsvc6.DLL
0x00007ff95d020000 - 0x00007ff95d03d000 	C:\WINDOWS\SYSTEM32\dhcpcsvc.DLL
0x00007ff962f70000 - 0x00007ff96303c000 	C:\WINDOWS\SYSTEM32\DNSAPI.dll

dbghelp: loaded successfully - version: 4.0.5 - missing functions: none
symbol engine: initialized successfully - sym options: 0x614 - pdb path: .;C:\Program Files\Java\jdk-13.0.2\bin;C:\WINDOWS\SYSTEM32;C:\WINDOWS\WinSxS\amd64_microsoft.windows.common-controls_6595b64144ccf1df_6.0.19608.1000_none_706a959b0f6f598f;C:\Program Files\Java\jdk-13.0.2\bin\server;C:\Users\ewens\.gradle\native\481b90ef2c2b5ab96622bab5346fdaaafe5c91895d4d4de1c4fe4b2e89a8011f\windows-amd64

VM Arguments:
jvm_args: --add-opens=java.base/java.util=ALL-UNNAMED --add-opens=java.base/java.lang=ALL-UNNAMED --add-opens=java.base/java.lang.invoke=ALL-UNNAMED --add-opens=java.prefs/java.util.prefs=ALL-UNNAMED -Xmx1536m -Dfile.encoding=windows-1252 -Djava.net.preferIPv4Stack=true -Duser.country=US -Duser.language=en -Duser.variant 
java_command: org.gradle.launcher.daemon.bootstrap.GradleDaemon 6.5-20200420220036+0000
java_class_path (initial): C:\Users\ewens\.gradle\wrapper\dists\gradle-6.5-20200420220036+0000-all\6pah0wzcvn7nd2swheubg6njr\gradle-6.5-20200420220036+0000\lib\gradle-launcher-6.5.jar
Launcher Type: SUN_STANDARD

[Global flags]
     intx CICompilerCount                          = 4                                         {product} {ergonomic}
     uint ConcGCThreads                            = 2                                         {product} {ergonomic}
     uint G1ConcRefinementThreads                  = 8                                         {product} {ergonomic}
   size_t G1HeapRegionSize                         = 1048576                                   {product} {ergonomic}
    uintx GCDrainStackTargetSize                   = 64                                        {product} {ergonomic}
   size_t InitialHeapSize                          = 268435456                                 {product} {ergonomic}
   size_t MarkStackSize                            = 4194304                                   {product} {ergonomic}
   size_t MaxHeapSize                              = 1610612736                                {product} {command line}
   size_t MaxNewSize                               = 965738496                                 {product} {ergonomic}
   size_t MinHeapDeltaBytes                        = 1048576                                   {product} {ergonomic}
   size_t MinHeapSize                              = 8388608                                   {product} {ergonomic}
    uintx NonNMethodCodeHeapSize                   = 5839372                                {pd product} {ergonomic}
    uintx NonProfiledCodeHeapSize                  = 122909434                              {pd product} {ergonomic}
    uintx ProfiledCodeHeapSize                     = 122909434                              {pd product} {ergonomic}
    uintx ReservedCodeCacheSize                    = 251658240                              {pd product} {ergonomic}
     bool SegmentedCodeCache                       = true                                      {product} {ergonomic}
   size_t SoftMaxHeapSize                          = 1610612736                             {manageable} {ergonomic}
     bool UseCompressedClassPointers               = true                                 {lp64_product} {ergonomic}
     bool UseCompressedOops                        = true                                 {lp64_product} {ergonomic}
     bool UseG1GC                                  = true                                      {product} {ergonomic}
     bool UseLargePagesIndividualAllocation        = false                                  {pd product} {ergonomic}

Logging:
Log output configuration:
 #0: stdout all=warning uptime,level,tags
 #1: stderr all=off uptime,level,tags

Environment Variables:
JAVA_HOME=C:\Program Files\Java\jdk1.8.0_241
PATH=C:\Program Files (x86)\Common Files\Oracle\Java\javapath;C:\Program Files\Microsoft MPI\Bin\;C:\Python27\;C:\Python27\Scripts;C:\app\ewens\product\18.0.0\dbhomeXE\bin;C:\WINDOWS\system32;C:\WINDOWS;C:\WINDOWS\System32\Wbem;C:\WINDOWS\System32\WindowsPowerShell\v1.0\;C:\WINDOWS\System32\OpenSSH\;C:\Program Files\Microsoft SQL Server\Client SDK\ODBC\170\Tools\Binn\;C:\Program Files (x86)\Microsoft SQL Server\150\Tools\Binn\;C:\Program Files\Microsoft SQL Server\150\Tools\Binn\;C:\Program Files\Microsoft SQL Server\150\DTS\Binn\;C:\Program Files\dotnet\;C:\Program Files\Microsoft SQL Server Migration Assistant for Oracle\bin\;C:\Program Files\nodejs\;C:\ProgramData\chocolatey\bin;C:\Program Files\Microsoft SQL Server\130\Tools\Binn\;C:\Program Files (x86)\Microsoft SQL Server\140\Tools\Binn\;C:\Program Files\Microsoft SQL Server\140\Tools\Binn\;C:\Program Files (x86)\Microsoft SQL Server\140\DTS\Binn\;C:\Program Files\Microsoft SQL Server\140\DTS\Binn\;C:\Program Files\Microsoft SQL Server\Client SDK\ODBC\130\Tools\Binn\;C:\Program Files (x86)\HP\Common\HPDestPlgIn\;C:\Program Files (x86)\HP\IdrsOCR_15.3.1129.0\;C:\Program Files\Docker\Docker\resources\bin;C:\ProgramData\DockerDesktop\version-bin;C:\Program Files\Git\cmd;C:\Program Files (x86)\Microsoft SQL Server\150\DTS\Binn\;C:\Users\ewens\AppData\Local\Microsoft\WindowsApps;C:\Users\ewens\AppData\Local\Programs\Microsoft VS Code\bin;C:\Users\ewens\AppData\Roaming\npm;C:\Users\ewens\AppData\Local\GitHubDesktop\bin;C:\Users\ewens\AppData\Local\Microsoft\WindowsApps;C:\Program Files (x86)\HP\Common\HPDestPlgIn\;;C:\Program Files\JetBrains\IntelliJ IDEA Community Edition 2020.1\bin;
USERNAME=ewens
OS=Windows_NT
PROCESSOR_IDENTIFIER=Intel64 Family 6 Model 58 Stepping 9, GenuineIntel



---------------  S Y S T E M  ---------------

OS: Windows 10 , 64 bit Build 19608 (10.0.19608.1000)
HyperV virtualization detected

CPU:total 8 (initial active 8) (4 cores per cpu, 2 threads per core) family 6 model 58 stepping 9, cmov, cx8, fxsr, mmx, sse, sse2, sse3, ssse3, sse4.1, sse4.2, popcnt, avx, aes, clmul, erms, ht, tsc, tscinvbit, tscinv

Memory: 4k page, system-wide physical 16338M (3591M free)
TotalPageFile size 19276M (AvailPageFile size 141M)
current process WorkingSet (physical memory assigned to process): 274M, peak: 274M
current process commit charge ("private bytes"): 429M, peak: 431M

vm_info: Java HotSpot(TM) 64-Bit Server VM (13.0.2+8) for windows-amd64 JRE (13.0.2+8), built on Dec 11 2019 09:20:33 by "mach5one" with unknown MS VC++:1916

END.
