#
# There is insufficient memory for the Java Runtime Environment to continue.
# Native memory allocation (malloc) failed to allocate 1319616 bytes for Chunk::new
# Possible reasons:
#   The system is out of physical RAM or swap space
#   The process is running with CompressedOops enabled, and the Java Heap may be blocking the growth of the native heap
# Possible solutions:
#   Reduce memory load on the system
#   Increase physical memory or swap space
#   Check if swap backing store is full
#   Decrease Java heap size (-Xmx/-Xms)
#   Decrease number of Java threads
#   Decrease Java thread stack sizes (-Xss)
#   Set larger code cache with -XX:ReservedCodeCacheSize=
#   JVM is running with Unscaled Compressed Oops mode in which the Java heap is
#     placed in the first 4GB address space. The Java Heap base address is the
#     maximum limit for the native heap growth. Please use -XX:HeapBaseMinAddress
#     to set the Java Heap base and to place the Java Heap above 4GB virtual address.
# This output file may be truncated or incomplete.
#
#  Out of Memory Error (allocation.cpp:389), pid=21300, tid=0x0000000000004b10
#
# JRE version: Java(TM) SE Runtime Environment (8.0_251-b08) (build 1.8.0_251-b08)
# Java VM: Java HotSpot(TM) 64-Bit Server VM (25.251-b08 mixed mode windows-amd64 compressed oops)
# Failed to write core dump. Minidumps are not enabled by default on client versions of Windows
#

---------------  T H R E A D  ---------------

Current thread (0x00000000186ff000):  JavaThread "C2 CompilerThread0" daemon [_thread_in_native, id=19216, stack(0x0000000018fd0000,0x00000000190d0000)]

Stack: [0x0000000018fd0000,0x00000000190d0000]
[error occurred during error reporting (printing stack bounds), id 0xc0000005]

Native frames: (J=compiled Java code, j=interpreted, Vv=VM code, C=native code)


Current CompileTask:
C2:8223179 42185   !   4       org.gradle.cache.internal.LockOnDemandCrossProcessCacheAccess::withFileLock (24 bytes)


---------------  P R O C E S S  ---------------

Java Threads: ( => current thread )
  0x000000001d9fc800 JavaThread "ForkJoinPool.commonPool-worker-0" daemon [_thread_blocked, id=12044, stack(0x000000001bf30000,0x000000001c030000)]
  0x000000001c2e6800 JavaThread "ForkJoinPool.commonPool-worker-6" daemon [_thread_blocked, id=15908, stack(0x000000002d9b0000,0x000000002dab0000)]
  0x000000001c2ed000 JavaThread "ForkJoinPool.commonPool-worker-5" daemon [_thread_blocked, id=11712, stack(0x000000002d8b0000,0x000000002d9b0000)]
  0x0000000023304800 JavaThread "ForkJoinPool.commonPool-worker-4" daemon [_thread_blocked, id=17292, stack(0x000000002d3b0000,0x000000002d4b0000)]
  0x0000000023307800 JavaThread "ForkJoinPool.commonPool-worker-3" daemon [_thread_blocked, id=18700, stack(0x000000002ce90000,0x000000002cf90000)]
  0x0000000023306000 JavaThread "ForkJoinPool.commonPool-worker-2" daemon [_thread_blocked, id=20220, stack(0x000000002c590000,0x000000002c690000)]
  0x00000000230a1000 JavaThread "ForkJoinPool.commonPool-worker-1" daemon [_thread_blocked, id=12764, stack(0x00000000286a0000,0x00000000287a0000)]
  0x000000001f959000 JavaThread "WorkerExecutor Queue Thread 14" [_thread_blocked, id=3000, stack(0x000000002ec00000,0x000000002ed00000)]
  0x000000001f958000 JavaThread "WorkerExecutor Queue Thread 13" [_thread_blocked, id=5296, stack(0x000000002eb00000,0x000000002ec00000)]
  0x000000001f95b000 JavaThread "WorkerExecutor Queue Thread 12" [_thread_blocked, id=22928, stack(0x000000002ea00000,0x000000002eb00000)]
  0x000000001f95a800 JavaThread "WorkerExecutor Queue Thread 11" [_thread_blocked, id=21240, stack(0x000000002e900000,0x000000002ea00000)]
  0x000000001acb3000 JavaThread "WorkerExecutor Queue Thread 10" [_thread_blocked, id=20860, stack(0x000000002e800000,0x000000002e900000)]
  0x0000000023303800 JavaThread "WorkerExecutor Queue Thread 9" [_thread_blocked, id=4816, stack(0x000000002e700000,0x000000002e800000)]
  0x0000000023300800 JavaThread "Cache worker for Java compile cache (C:\Users\Dwayne Ewens\Documents\GitHub\Mobile-SDK-Android\Sample Code\.gradle\6.5-20200417220019+0000\javaCompile)" [_thread_blocked, id=8048, stack(0x000000002cb90000,0x000000002cc90000)]
  0x0000000023306800 JavaThread "Cache worker for Java compile cache (C:\opt\gradle-6.3-rc-4\caches\6.5-20200417220019+0000\javaCompile)" [_thread_blocked, id=12684, stack(0x000000002c790000,0x000000002c890000)]
  0x00000000230a1800 JavaThread "WorkerExecutor Queue Thread 4" [_thread_blocked, id=22476, stack(0x000000002c890000,0x000000002c990000)]
  0x00000000230a0000 JavaThread "WorkerExecutor Queue Thread 2" [_thread_blocked, id=1500, stack(0x000000002c690000,0x000000002c790000)]
  0x000000001acaf800 JavaThread "Cache worker for execution history cache (C:\Users\Dwayne Ewens\Documents\GitHub\Mobile-SDK-Android\Sample Code\.gradle\6.5-20200417220019+0000\executionHistory)" [_thread_blocked, id=14304, stack(0x000000002c290000,0x000000002c390000)]
  0x000000001acaf000 JavaThread "Execution worker for ':' Thread 7" [_thread_blocked, id=22204, stack(0x000000002c190000,0x000000002c290000)]
  0x000000001c2f1000 JavaThread "Execution worker for ':' Thread 6" [_thread_blocked, id=3820, stack(0x000000002c090000,0x000000002c190000)]
  0x000000001c2ec800 JavaThread "Execution worker for ':' Thread 5" [_thread_blocked, id=13284, stack(0x000000002bf90000,0x000000002c090000)]
  0x000000001c2ef800 JavaThread "Execution worker for ':' Thread 4" [_thread_blocked, id=5184, stack(0x000000002be90000,0x000000002bf90000)]
  0x000000001c2f0000 JavaThread "Execution worker for ':' Thread 3" [_thread_blocked, id=5020, stack(0x000000002bd90000,0x000000002be90000)]
  0x000000001c2ee800 JavaThread "Execution worker for ':' Thread 2" [_thread_blocked, id=6236, stack(0x000000002bc90000,0x000000002bd90000)]
  0x000000001c2f2800 JavaThread "Execution worker for ':'" [_thread_blocked, id=9912, stack(0x000000002bb90000,0x000000002bc90000)]
  0x0000000020fc2800 JavaThread "Cache worker for file content cache (C:\Users\Dwayne Ewens\Documents\GitHub\Mobile-SDK-Android\Sample Code\.gradle\6.5-20200417220019+0000\fileContent)" [_thread_blocked, id=14760, stack(0x00000000250f0000,0x00000000251f0000)]
  0x0000000020fc0800 JavaThread "Cache worker for Build Output Cleanup Cache (C:\Users\Dwayne Ewens\Documents\GitHub\Mobile-SDK-Android\Sample Code\.gradle\buildOutputCleanup)" [_thread_blocked, id=1808, stack(0x00000000245f0000,0x00000000246f0000)]
  0x0000000020fc3800 JavaThread "pool-23-thread-1" [_thread_blocked, id=13064, stack(0x00000000244f0000,0x00000000245f0000)]
  0x0000000020fc7800 JavaThread "Build operations Thread 8" [_thread_blocked, id=5028, stack(0x0000000027ed0000,0x0000000027fd0000)]
  0x0000000020fc6800 JavaThread "Build operations Thread 7" [_thread_blocked, id=23500, stack(0x0000000026c00000,0x0000000026d00000)]
  0x0000000020fc5000 JavaThread "Build operations Thread 6" [_thread_blocked, id=2108, stack(0x00000000264f0000,0x00000000265f0000)]
  0x0000000020fc4000 JavaThread "Build operations Thread 5" [_thread_blocked, id=7916, stack(0x0000000025450000,0x0000000025550000)]
  0x0000000020fc2000 JavaThread "Build operations Thread 4" [_thread_blocked, id=21824, stack(0x0000000025350000,0x0000000025450000)]
  0x0000000020fc6000 JavaThread "Build operations Thread 3" [_thread_blocked, id=16652, stack(0x0000000025250000,0x0000000025350000)]
  0x000000001f61c800 JavaThread "Build operations Thread 2" [_thread_blocked, id=14440, stack(0x0000000024df0000,0x0000000024ef0000)]
  0x000000001f618800 JavaThread "Build operations" [_thread_blocked, id=12076, stack(0x00000000246f0000,0x00000000247f0000)]
  0x000000001f61e800 JavaThread "Cache worker for cache directory md-rule (C:\opt\gradle-6.3-rc-4\caches\6.5-20200417220019+0000\md-rule)" [_thread_blocked, id=14716, stack(0x00000000220e0000,0x00000000221e0000)]
  0x000000001f61b000 JavaThread "Cache worker for cache directory md-supplier (C:\opt\gradle-6.3-rc-4\caches\6.5-20200417220019+0000\md-supplier)" [_thread_blocked, id=22536, stack(0x000000001fca0000,0x000000001fda0000)]
  0x000000001f61b800 JavaThread "Cache worker for checksums cache (C:\Users\Dwayne Ewens\Documents\GitHub\Mobile-SDK-Android\Sample Code\.gradle\checksums)" [_thread_blocked, id=6540, stack(0x000000001f9a0000,0x000000001faa0000)]
  0x000000001f61e000 JavaThread "Cache worker for file hash cache (C:\Users\Dwayne Ewens\Documents\GitHub\Mobile-SDK-Android\Sample Code\.gradle\6.5-20200417220019+0000\fileHashes)" [_thread_blocked, id=15876, stack(0x000000001e8d0000,0x000000001e9d0000)]
  0x000000001f611000 JavaThread "Thread-196" [_thread_blocked, id=1540, stack(0x000000001c030000,0x000000001c130000)]
  0x000000001f611800 JavaThread "Asynchronous log dispatcher for DefaultDaemonConnection: socket connection from /127.0.0.1:52806 to /127.0.0.1:53939" [_thread_blocked, id=16852, stack(0x000000001be30000,0x000000001bf30000)]
  0x000000001f610000 JavaThread "Daemon worker Thread 5" [_thread_blocked, id=11180, stack(0x000000001bc30000,0x000000001bd30000)]
  0x000000001f617000 JavaThread "Cancel handler" [_thread_blocked, id=20152, stack(0x000000001bb30000,0x000000001bc30000)]
  0x000000001f616800 JavaThread "Handler for socket connection from /127.0.0.1:52806 to /127.0.0.1:53939" [_thread_in_native, id=15268, stack(0x000000001b830000,0x000000001b930000)]
  0x000000001f615800 JavaThread "Daemon Thread 5" [_thread_blocked, id=14368, stack(0x000000001b730000,0x000000001b830000)]
  0x000000001f8d2800 JavaThread "Memory manager" [_thread_blocked, id=20300, stack(0x0000000000ee0000,0x0000000000fe0000)]
  0x000000001c2e4000 JavaThread "Cache worker for file content cache (C:\opt\gradle-6.3-rc-4\caches\6.5-20200417220019+0000\fileContent)" [_thread_blocked, id=14264, stack(0x0000000022450000,0x0000000022550000)]
  0x000000001acae000 JavaThread "Cache worker for execution history cache (C:\opt\gradle-6.3-rc-4\caches\6.5-20200417220019+0000\executionHistory)" [_thread_blocked, id=10068, stack(0x00000000211e0000,0x00000000212e0000)]
  0x000000001acb0800 JavaThread "File watcher consumer" daemon [_thread_blocked, id=23360, stack(0x000000001d600000,0x000000001d700000)]
  0x000000001acad800 JavaThread "Cache worker for file hash cache (C:\opt\gradle-6.3-rc-4\caches\6.5-20200417220019+0000\fileHashes)" [_thread_blocked, id=11212, stack(0x000000001d500000,0x000000001d600000)]
  0x000000001acb1000 JavaThread "File lock request listener" [_thread_in_native, id=1780, stack(0x000000001d400000,0x000000001d500000)]
  0x000000001acb2000 JavaThread "Cache worker for journal cache (C:\opt\gradle-6.3-rc-4\caches\journal-1)" [_thread_blocked, id=14944, stack(0x000000001d300000,0x000000001d400000)]
  0x0000000019f79800 JavaThread "Daemon periodic checks" [_thread_blocked, id=17284, stack(0x000000001b630000,0x000000001b730000)]
  0x000000001a115000 JavaThread "Incoming local TCP Connector on port 52806" [_thread_in_native, id=13752, stack(0x000000001b3e0000,0x000000001b4e0000)]
  0x000000001968b000 JavaThread "Daemon health stats" [_thread_blocked, id=19560, stack(0x000000001ada0000,0x000000001aea0000)]
  0x0000000018792000 JavaThread "Service Thread" daemon [_thread_blocked, id=10040, stack(0x00000000193d0000,0x00000000194d0000)]
  0x0000000018707000 JavaThread "C1 CompilerThread3" daemon [_thread_blocked, id=17820, stack(0x00000000192d0000,0x00000000193d0000)]
  0x0000000018703000 JavaThread "C2 CompilerThread2" daemon [_thread_in_native, id=17712, stack(0x00000000191d0000,0x00000000192d0000)]
  0x0000000018702000 JavaThread "C2 CompilerThread1" daemon [_thread_blocked, id=4236, stack(0x00000000190d0000,0x00000000191d0000)]
=>0x00000000186ff000 JavaThread "C2 CompilerThread0" daemon [_thread_in_native, id=19216, stack(0x0000000018fd0000,0x00000000190d0000)]
  0x00000000186f8000 JavaThread "Attach Listener" daemon [_thread_blocked, id=19232, stack(0x0000000018ed0000,0x0000000018fd0000)]
  0x00000000186f7000 JavaThread "Signal Dispatcher" daemon [_thread_blocked, id=20588, stack(0x0000000018dd0000,0x0000000018ed0000)]
  0x00000000186f1000 JavaThread "Finalizer" daemon [_thread_blocked, id=14348, stack(0x0000000018bd0000,0x0000000018cd0000)]
  0x00000000186f0800 JavaThread "Reference Handler" daemon [_thread_blocked, id=14156, stack(0x0000000018ad0000,0x0000000018bd0000)]
  0x0000000002a52800 JavaThread "main" [_thread_blocked, id=17240, stack(0x0000000002950000,0x0000000002a50000)]

Other Threads:
  0x0000000016909800 VMThread [stack: 0x00000000185d0000,0x00000000186d0000] [id=23092]
  0x00000000187bd800 WatcherThread [stack: 0x00000000194d0000,0x00000000195d0000] [id=21456]

VM state:at safepoint (normal execution)

VM Mutex/Monitor currently owned by a thread:  ([mutex/lock_event])
[0x000000000294dca0] Threads_lock - owner thread: 0x0000000016909800
[0x000000000294d6a0] Heap_lock - owner thread: 0x0000000023306000

OutOfMemory and StackOverflow Exception counts:
OutOfMemoryError java_heap_errors=2

heap address: 0x00000000a0000000, size: 1536 MB, Compressed Oops mode: 32-bit
Narrow klass base: 0x0000000000000000, Narrow klass shift: 3
Compressed class space size: 1073741824 Address: 0x0000000100000000

Heap:
 PSYoungGen      total 224256K, used 223790K [0x00000000e0000000, 0x00000000fb580000, 0x0000000100000000)
  eden space 182784K, 99% used [0x00000000e0000000,0x00000000eb257b50,0x00000000eb280000)
  from space 41472K, 99% used [0x00000000eb280000,0x00000000edab3d30,0x00000000edb00000)
  to   space 131072K, 8% used [0x00000000f3580000,0x00000000f40b40a0,0x00000000fb580000)
 ParOldGen       total 1048576K, used 738206K [0x00000000a0000000, 0x00000000e0000000, 0x00000000e0000000)
  object space 1048576K, 70% used [0x00000000a0000000,0x00000000cd0e7ad8,0x00000000e0000000)
 Metaspace       used 133328K, capacity 141922K, committed 142424K, reserved 1173504K
  class space    used 16815K, capacity 18243K, committed 18520K, reserved 1048576K

Card table byte_map: [0x0000000011f10000,0x0000000012220000] byte_map_base: 0x0000000011a10000

Marking Bits: (ParMarkBitMap*) 0x0000000059ddaf90
 Begin Bits: [0x0000000012c20000, 0x0000000014420000)
 End Bits:   [0x0000000014420000, 0x0000000015c20000)

Polling page: 0x0000000002850000

CodeCache: size=245760Kb used=123866Kb max_used=124365Kb free=121893Kb
 bounds [0x0000000002b50000, 0x000000000a570000, 0x0000000011b50000]
 total_blobs=31560 nmethods=30560 adapters=906
 compilation: enabled

Compilation events (10 events):
Event: 8223.123 Thread 0x0000000018707000 42359   !   3       java.nio.Bits::reserveMemory (155 bytes)
Event: 8223.125 Thread 0x0000000018707000 nmethod 42359 0x0000000008578fd0 code [0x0000000008579260, 0x0000000008579fb8]
Event: 8223.128 Thread 0x0000000018707000 42360       3       sun.misc.VM::isDirectMemoryPageAligned (4 bytes)
Event: 8223.129 Thread 0x0000000018707000 nmethod 42360 0x0000000009860ad0 code [0x0000000009860c20, 0x0000000009860d70]
Event: 8223.132 Thread 0x0000000018702000 nmethod 42358 0x000000000a534d10 code [0x000000000a534fa0, 0x000000000a535cd0]
Event: 8223.152 Thread 0x0000000018707000 42361       3       java.nio.Bits::copyFromArray (70 bytes)
Event: 8223.153 Thread 0x0000000018707000 nmethod 42361 0x0000000009861010 code [0x0000000009861180, 0x00000000098614e8]
Event: 8223.161 Thread 0x0000000018707000 42362       3       java.nio.Bits::pageSize (20 bytes)
Event: 8223.161 Thread 0x0000000018707000 nmethod 42362 0x000000000a03b710 code [0x000000000a03b880, 0x000000000a03bb28]
Event: 8223.162 Thread 0x0000000018707000 42363       3       sun.misc.Unsafe::setMemory (10 bytes)

GC Heap History (10 events):
Event: 8214.166 GC heap after
Heap after GC invocations=982 (full 841):
 PSYoungGen      total 279552K, used 88034K [0x00000000e0000000, 0x00000000f8f00000, 0x0000000100000000)
  eden space 191488K, 0% used [0x00000000e0000000,0x00000000e0000000,0x00000000ebb00000)
  from space 88064K, 99% used [0x00000000ebb00000,0x00000000f10f8aa8,0x00000000f1100000)
  to   space 107520K, 0% used [0x00000000f2600000,0x00000000f2600000,0x00000000f8f00000)
 ParOldGen       total 1048576K, used 737269K [0x00000000a0000000, 0x00000000e0000000, 0x00000000e0000000)
  object space 1048576K, 70% used [0x00000000a0000000,0x00000000ccffd738,0x00000000e0000000)
 Metaspace       used 131550K, capacity 139868K, committed 140120K, reserved 1171456K
  class space    used 16613K, capacity 18014K, committed 18264K, reserved 1048576K
}
Event: 8216.668 GC heap before
{Heap before GC invocations=983 (full 841):
 PSYoungGen      total 279552K, used 279522K [0x00000000e0000000, 0x00000000f8f00000, 0x0000000100000000)
  eden space 191488K, 100% used [0x00000000e0000000,0x00000000ebb00000,0x00000000ebb00000)
  from space 88064K, 99% used [0x00000000ebb00000,0x00000000f10f8aa8,0x00000000f1100000)
  to   space 107520K, 0% used [0x00000000f2600000,0x00000000f2600000,0x00000000f8f00000)
 ParOldGen       total 1048576K, used 737269K [0x00000000a0000000, 0x00000000e0000000, 0x00000000e0000000)
  object space 1048576K, 70% used [0x00000000a0000000,0x00000000ccffd738,0x00000000e0000000)
 Metaspace       used 132255K, capacity 140640K, committed 141016K, reserved 1171456K
  class space    used 16679K, capacity 18104K, committed 18392K, reserved 1048576K
Event: 8216.733 GC heap after
Heap after GC invocations=983 (full 841):
 PSYoungGen      total 301056K, used 61203K [0x00000000e0000000, 0x00000000f8f00000, 0x0000000100000000)
  eden space 193536K, 0% used [0x00000000e0000000,0x00000000e0000000,0x00000000ebd00000)
  from space 107520K, 56% used [0x00000000f2600000,0x00000000f61c4f98,0x00000000f8f00000)
  to   space 107520K, 0% used [0x00000000ebd00000,0x00000000ebd00000,0x00000000f2600000)
 ParOldGen       total 1048576K, used 737349K [0x00000000a0000000, 0x00000000e0000000, 0x00000000e0000000)
  object space 1048576K, 70% used [0x00000000a0000000,0x00000000cd011738,0x00000000e0000000)
 Metaspace       used 132255K, capacity 140640K, committed 141016K, reserved 1171456K
  class space    used 16679K, capacity 18104K, committed 18392K, reserved 1048576K
}
Event: 8218.825 GC heap before
{Heap before GC invocations=984 (full 841):
 PSYoungGen      total 301056K, used 254739K [0x00000000e0000000, 0x00000000f8f00000, 0x0000000100000000)
  eden space 193536K, 100% used [0x00000000e0000000,0x00000000ebd00000,0x00000000ebd00000)
  from space 107520K, 56% used [0x00000000f2600000,0x00000000f61c4f98,0x00000000f8f00000)
  to   space 107520K, 0% used [0x00000000ebd00000,0x00000000ebd00000,0x00000000f2600000)
 ParOldGen       total 1048576K, used 737349K [0x00000000a0000000, 0x00000000e0000000, 0x00000000e0000000)
  object space 1048576K, 70% used [0x00000000a0000000,0x00000000cd011738,0x00000000e0000000)
 Metaspace       used 132522K, capacity 140960K, committed 141272K, reserved 1171456K
  class space    used 16713K, capacity 18138K, committed 18392K, reserved 1048576K
Event: 8219.002 GC heap after
Heap after GC invocations=984 (full 841):
 PSYoungGen      total 301056K, used 104895K [0x00000000e0000000, 0x00000000fb000000, 0x0000000100000000)
  eden space 193536K, 0% used [0x00000000e0000000,0x00000000e0000000,0x00000000ebd00000)
  from space 107520K, 97% used [0x00000000ebd00000,0x00000000f236fdd8,0x00000000f2600000)
  to   space 123392K, 0% used [0x00000000f3780000,0x00000000f3780000,0x00000000fb000000)
 ParOldGen       total 1048576K, used 737357K [0x00000000a0000000, 0x00000000e0000000, 0x00000000e0000000)
  object space 1048576K, 70% used [0x00000000a0000000,0x00000000cd013738,0x00000000e0000000)
 Metaspace       used 132522K, capacity 140960K, committed 141272K, reserved 1171456K
  class space    used 16713K, capacity 18138K, committed 18392K, reserved 1048576K
}
Event: 8219.565 GC heap before
{Heap before GC invocations=985 (full 841):
 PSYoungGen      total 301056K, used 298431K [0x00000000e0000000, 0x00000000fb000000, 0x0000000100000000)
  eden space 193536K, 100% used [0x00000000e0000000,0x00000000ebd00000,0x00000000ebd00000)
  from space 107520K, 97% used [0x00000000ebd00000,0x00000000f236fdd8,0x00000000f2600000)
  to   space 123392K, 0% used [0x00000000f3780000,0x00000000f3780000,0x00000000fb000000)
 ParOldGen       total 1048576K, used 737357K [0x00000000a0000000, 0x00000000e0000000, 0x00000000e0000000)
  object space 1048576K, 70% used [0x00000000a0000000,0x00000000cd013738,0x00000000e0000000)
 Metaspace       used 132523K, capacity 140960K, committed 141272K, reserved 1171456K
  class space    used 16713K, capacity 18138K, committed 18392K, reserved 1048576K
Event: 8219.691 GC heap after
Heap after GC invocations=985 (full 841):
 PSYoungGen      total 306176K, used 105133K [0x00000000e0000000, 0x00000000fca80000, 0x0000000100000000)
  eden space 182784K, 0% used [0x00000000e0000000,0x00000000e0000000,0x00000000eb280000)
  from space 123392K, 85% used [0x00000000f3780000,0x00000000f9e2b780,0x00000000fb000000)
  to   space 136192K, 0% used [0x00000000eb280000,0x00000000eb280000,0x00000000f3780000)
 ParOldGen       total 1048576K, used 737365K [0x00000000a0000000, 0x00000000e0000000, 0x00000000e0000000)
  object space 1048576K, 70% used [0x00000000a0000000,0x00000000cd015738,0x00000000e0000000)
 Metaspace       used 132523K, capacity 140960K, committed 141272K, reserved 1171456K
  class space    used 16713K, capacity 18138K, committed 18392K, reserved 1048576K
}
Event: 8220.745 GC heap before
{Heap before GC invocations=986 (full 841):
 PSYoungGen      total 306176K, used 287917K [0x00000000e0000000, 0x00000000fca80000, 0x0000000100000000)
  eden space 182784K, 100% used [0x00000000e0000000,0x00000000eb280000,0x00000000eb280000)
  from space 123392K, 85% used [0x00000000f3780000,0x00000000f9e2b780,0x00000000fb000000)
  to   space 136192K, 0% used [0x00000000eb280000,0x00000000eb280000,0x00000000f3780000)
 ParOldGen       total 1048576K, used 737365K [0x00000000a0000000, 0x00000000e0000000, 0x00000000e0000000)
  object space 1048576K, 70% used [0x00000000a0000000,0x00000000cd015738,0x00000000e0000000)
 Metaspace       used 132602K, capacity 140960K, committed 141272K, reserved 1171456K
  class space    used 16718K, capacity 18138K, committed 18392K, reserved 1048576K
Event: 8220.787 GC heap after
Heap after GC invocations=986 (full 841):
 PSYoungGen      total 224256K, used 41167K [0x00000000e0000000, 0x00000000fb580000, 0x0000000100000000)
  eden space 182784K, 0% used [0x00000000e0000000,0x00000000e0000000,0x00000000eb280000)
  from space 41472K, 99% used [0x00000000eb280000,0x00000000edab3d30,0x00000000edb00000)
  to   space 131072K, 0% used [0x00000000f3580000,0x00000000f3580000,0x00000000fb580000)
 ParOldGen       total 1048576K, used 737373K [0x00000000a0000000, 0x00000000e0000000, 0x00000000e0000000)
  object space 1048576K, 70% used [0x00000000a0000000,0x00000000cd017738,0x00000000e0000000)
 Metaspace       used 132602K, capacity 140960K, committed 141272K, reserved 1171456K
  class space    used 16718K, capacity 18138K, committed 18392K, reserved 1048576K
}
Event: 8223.163 GC heap before
{Heap before GC invocations=987 (full 841):
 PSYoungGen      total 224256K, used 223790K [0x00000000e0000000, 0x00000000fb580000, 0x0000000100000000)
  eden space 182784K, 99% used [0x00000000e0000000,0x00000000eb257b50,0x00000000eb280000)
  from space 41472K, 99% used [0x00000000eb280000,0x00000000edab3d30,0x00000000edb00000)
  to   space 131072K, 0% used [0x00000000f3580000,0x00000000f3580000,0x00000000fb580000)
 ParOldGen       total 1048576K, used 738206K [0x00000000a0000000, 0x00000000e0000000, 0x00000000e0000000)
  object space 1048576K, 70% used [0x00000000a0000000,0x00000000cd0e7ad8,0x00000000e0000000)
 Metaspace       used 133328K, capacity 141922K, committed 142424K, reserved 1173504K
  class space    used 16815K, capacity 18243K, committed 18520K, reserved 1048576K

Deoptimization events (10 events):
Event: 8222.301 Thread 0x000000001c2e6800 Uncommon trap: reason=bimorphic action=maybe_recompile pc=0x0000000009c7fee8 method=java.util.concurrent.ForkJoinTask$AdaptedCallable.exec()Z @ 5
Event: 8222.301 Thread 0x00000000230a1000 Uncommon trap: reason=bimorphic action=maybe_recompile pc=0x0000000009c73c14 method=java.util.concurrent.ForkJoinTask$AdaptedCallable.exec()Z @ 5
Event: 8222.301 Thread 0x0000000023307800 Uncommon trap: reason=bimorphic action=maybe_recompile pc=0x0000000009ca1cc0 method=java.util.concurrent.ForkJoinTask$AdaptedCallable.exec()Z @ 5
Event: 8222.301 Thread 0x0000000023304800 Uncommon trap: reason=bimorphic action=maybe_recompile pc=0x0000000009ca1cc0 method=java.util.concurrent.ForkJoinTask$AdaptedCallable.exec()Z @ 5
Event: 8222.305 Thread 0x00000000230a1000 Uncommon trap: reason=unstable_if action=reinterpret pc=0x0000000006675730 method=java.nio.Bits.copyToArray(JLjava/lang/Object;JJJ)V @ 19
Event: 8222.321 Thread 0x000000001c2e6800 Uncommon trap: reason=unstable_if action=reinterpret pc=0x0000000007f9d234 method=java.nio.Bits.copyToArray(JLjava/lang/Object;JJJ)V @ 19
Event: 8222.322 Thread 0x0000000023303800 Uncommon trap: reason=bimorphic action=maybe_recompile pc=0x000000000a0419d4 method=com.google.common.collect.TransformedIterator.next()Ljava/lang/Object; @ 10
Event: 8222.322 Thread 0x0000000023303800 Uncommon trap: reason=bimorphic action=maybe_recompile pc=0x000000000a0419d4 method=com.google.common.collect.TransformedIterator.next()Ljava/lang/Object; @ 10
Event: 8222.684 Thread 0x0000000023303800 Uncommon trap: reason=class_check action=maybe_recompile pc=0x0000000005537490 method=java.io.BufferedWriter.flush()V @ 15
Event: 8222.910 Thread 0x000000001c2e6800 Uncommon trap: reason=unstable_if action=reinterpret pc=0x0000000003e9c5b8 method=java.nio.Bits.copyFromArray(Ljava/lang/Object;JJJJ)V @ 18

Classes redefined (0 events):
No events

Internal exceptions (10 events):
Event: 8220.040 Thread 0x000000001f95b000 Implicit null exception at 0x0000000003cf0f43 to 0x0000000003cf1835
Event: 8220.040 Thread 0x000000001f95b000 Implicit null exception at 0x0000000003051f1a to 0x0000000003051f6d
Event: 8220.459 Thread 0x000000001f95b000 Implicit null exception at 0x0000000003b83dde to 0x0000000003b83f61
Event: 8220.788 Thread 0x000000001f95b000 Implicit null exception at 0x00000000089cfbc3 to 0x00000000089cfc39
Event: 8220.883 Thread 0x000000001f95b000 Implicit null exception at 0x00000000090c8c0c to 0x00000000090c8edd
Event: 8222.266 Thread 0x0000000023303800 Exception <a 'sun/nio/fs/WindowsException'> (0x00000000e4bd1d10) thrown at [C:\jenkins\workspace\8-2-build-windows-amd64-cygwin\jdk8u251\737\hotspot\src\share\vm\prims\jni.cpp, line 710]
Event: 8222.267 Thread 0x0000000023303800 Exception <a 'sun/nio/fs/WindowsException'> (0x00000000e4bd2678) thrown at [C:\jenkins\workspace\8-2-build-windows-amd64-cygwin\jdk8u251\737\hotspot\src\share\vm\prims\jni.cpp, line 710]
Event: 8222.277 Thread 0x0000000023303800 Exception <a 'java/lang/NoSuchMethodError': java.lang.Object.lambda$static$0(Lcom/android/apksig/util/RunnablesProvider;)V> (0x00000000e4c3cdd0) thrown at [C:\jenkins\workspace\8-2-build-windows-amd64-cygwin\jdk8u251\737\hotspot\src\share\vm\interpreter\l
Event: 8223.122 Thread 0x000000001d9fc800 Exception <a 'java/lang/OutOfMemoryError'> (0x00000000e9054368) thrown at [C:\jenkins\workspace\8-2-build-windows-amd64-cygwin\jdk8u251\737\hotspot\src\share\vm\prims\unsafe.cpp, line 618]
Event: 8223.123 Thread 0x0000000023304800 Exception <a 'java/lang/OutOfMemoryError'> (0x00000000e919e918) thrown at [C:\jenkins\workspace\8-2-build-windows-amd64-cygwin\jdk8u251\737\hotspot\src\share\vm\prims\unsafe.cpp, line 618]

Events (10 events):
Event: 8222.684 Thread 0x0000000023303800 DEOPT PACKING pc=0x0000000005537490 sp=0x000000002e7fddd0
Event: 8222.684 Thread 0x0000000023303800 DEOPT UNPACKING pc=0x0000000002b9583b sp=0x000000002e7fdda8 mode 2
Event: 8222.757 Thread 0x0000000023307800 DEOPT PACKING pc=0x0000000009a3ff73 sp=0x000000002cf8f550
Event: 8222.757 Thread 0x0000000023307800 DEOPT UNPACKING pc=0x0000000002b97890 sp=0x000000002cf8f240 mode 0
Event: 8222.910 Thread 0x000000001c2e6800 Uncommon trap: trap_request=0xffffff65 fr.pc=0x0000000003e9c5b8
Event: 8222.910 Thread 0x000000001c2e6800 DEOPT PACKING pc=0x0000000003e9c5b8 sp=0x000000002daae930
Event: 8222.910 Thread 0x000000001c2e6800 DEOPT UNPACKING pc=0x0000000002b9583b sp=0x000000002daae8a0 mode 2
Event: 8223.159 Executing VM operation: ParallelGCFailedAllocation
Event: 8223.160 Executing VM operation: ParallelGCFailedAllocation done
Event: 8223.162 Executing VM operation: ParallelGCSystemGC


Dynamic libraries:
0x00007ff77fbc0000 - 0x00007ff77fbf7000 	C:\Program Files\Java\jdk1.8.0_251\bin\java.exe
0x00007ffe01110000 - 0x00007ffe01309000 	C:\WINDOWS\SYSTEM32\ntdll.dll
0x00007ffe002b0000 - 0x00007ffe0036c000 	C:\WINDOWS\System32\KERNEL32.DLL
0x00007ffdfee00000 - 0x00007ffdff0e1000 	C:\WINDOWS\System32\KERNELBASE.dll
0x00007ffdfbe10000 - 0x00007ffdfbea2000 	C:\WINDOWS\SYSTEM32\apphelp.dll
0x00007ffe00020000 - 0x00007ffe000cc000 	C:\WINDOWS\System32\ADVAPI32.dll
0x00007ffe001e0000 - 0x00007ffe00282000 	C:\WINDOWS\System32\msvcrt.dll
0x00007ffe000d0000 - 0x00007ffe0016b000 	C:\WINDOWS\System32\sechost.dll
0x00007ffe00370000 - 0x00007ffe0048d000 	C:\WINDOWS\System32\RPCRT4.dll
0x00007ffe00bd0000 - 0x00007ffe00d71000 	C:\WINDOWS\System32\USER32.dll
0x00007ffdff0f0000 - 0x00007ffdff116000 	C:\WINDOWS\System32\win32u.dll
0x00007ffe00ba0000 - 0x00007ffe00bcb000 	C:\WINDOWS\System32\GDI32.dll
0x00007ffdfec60000 - 0x00007ffdfed6b000 	C:\WINDOWS\System32\gdi32full.dll
0x00007ffdfebc0000 - 0x00007ffdfec5c000 	C:\WINDOWS\System32\msvcp_win.dll
0x00007ffdfe820000 - 0x00007ffdfe925000 	C:\WINDOWS\System32\ucrtbase.dll
0x00007ffde1d30000 - 0x00007ffde1fc5000 	C:\WINDOWS\WinSxS\amd64_microsoft.windows.common-controls_6595b64144ccf1df_6.0.19613.1000_none_6d9931b592293f71\COMCTL32.dll
0x00007ffe00b70000 - 0x00007ffe00b9f000 	C:\WINDOWS\System32\IMM32.DLL
0x0000000059e60000 - 0x0000000059f32000 	C:\Program Files\Java\jdk1.8.0_251\jre\bin\msvcr100.dll
0x00000000595b0000 - 0x0000000059e5b000 	C:\Program Files\Java\jdk1.8.0_251\jre\bin\server\jvm.dll
0x00007ffdff170000 - 0x00007ffdff178000 	C:\WINDOWS\System32\PSAPI.DLL
0x00007ffddeaa0000 - 0x00007ffddeaa9000 	C:\WINDOWS\SYSTEM32\WSOCK32.dll
0x00007ffdd0bc0000 - 0x00007ffdd0be7000 	C:\WINDOWS\SYSTEM32\WINMM.dll
0x00007ffdf6ec0000 - 0x00007ffdf6eca000 	C:\WINDOWS\SYSTEM32\VERSION.dll
0x00007ffe006f0000 - 0x00007ffe0075f000 	C:\WINDOWS\System32\WS2_32.dll
0x00007ffdf38f0000 - 0x00007ffdf38ff000 	C:\Program Files\Java\jdk1.8.0_251\jre\bin\verify.dll
0x00007ffddf4a0000 - 0x00007ffddf4c9000 	C:\Program Files\Java\jdk1.8.0_251\jre\bin\java.dll
0x00007ffde2950000 - 0x00007ffde2966000 	C:\Program Files\Java\jdk1.8.0_251\jre\bin\zip.dll
0x00007ffdff180000 - 0x00007ffdff8b4000 	C:\WINDOWS\System32\SHELL32.dll
0x00007ffdfc9c0000 - 0x00007ffdfd184000 	C:\WINDOWS\SYSTEM32\windows.storage.dll
0x00007ffe00810000 - 0x00007ffe00b61000 	C:\WINDOWS\System32\combase.dll
0x00007ffe00760000 - 0x00007ffe0080c000 	C:\WINDOWS\System32\SHCORE.dll
0x00007ffe00fe0000 - 0x00007ffe01035000 	C:\WINDOWS\System32\shlwapi.dll
0x00007ffdfe760000 - 0x00007ffdfe77f000 	C:\WINDOWS\SYSTEM32\profapi.dll
0x00007ffde1d10000 - 0x00007ffde1d2a000 	C:\Program Files\Java\jdk1.8.0_251\jre\bin\net.dll
0x00007ffdfdf80000 - 0x00007ffdfdfe7000 	C:\WINDOWS\system32\mswsock.dll
0x00007ffddf930000 - 0x00007ffddf942000 	C:\Program Files\Java\jdk1.8.0_251\jre\bin\nio.dll
0x00007ffde1bf0000 - 0x00007ffde1c17000 	C:\opt\gradle-6.3-rc-4\native\481b90ef2c2b5ab96622bab5346fdaaafe5c91895d4d4de1c4fe4b2e89a8011f\windows-amd64\native-platform.dll
0x00007ffdf34d0000 - 0x00007ffdf34dd000 	C:\Program Files\Java\jdk1.8.0_251\jre\bin\management.dll
0x00007ffdfe200000 - 0x00007ffdfe218000 	C:\WINDOWS\SYSTEM32\CRYPTSP.dll
0x00007ffdfd8d0000 - 0x00007ffdfd904000 	C:\WINDOWS\system32\rsaenh.dll
0x00007ffdfe720000 - 0x00007ffdfe74d000 	C:\WINDOWS\SYSTEM32\USERENV.dll
0x00007ffdfed70000 - 0x00007ffdfed97000 	C:\WINDOWS\System32\bcrypt.dll
0x00007ffdfeb40000 - 0x00007ffdfebbe000 	C:\WINDOWS\System32\bcryptprimitives.dll
0x00007ffdfe130000 - 0x00007ffdfe13c000 	C:\WINDOWS\SYSTEM32\CRYPTBASE.dll
0x00007ffdfdc60000 - 0x00007ffdfdc8d000 	C:\WINDOWS\SYSTEM32\IPHLPAPI.DLL
0x00007ffe00170000 - 0x00007ffe00179000 	C:\WINDOWS\System32\NSI.dll
0x00007ffdf8a30000 - 0x00007ffdf8a47000 	C:\WINDOWS\SYSTEM32\dhcpcsvc6.DLL
0x00007ffdf8670000 - 0x00007ffdf868d000 	C:\WINDOWS\SYSTEM32\dhcpcsvc.DLL
0x00007ffdfdca0000 - 0x00007ffdfdd6c000 	C:\WINDOWS\SYSTEM32\DNSAPI.dll
0x00007ffddf470000 - 0x00007ffddf494000 	C:\Program Files\Java\jdk1.8.0_251\jre\bin\sunec.dll
0x00007ffddc180000 - 0x00007ffddc197000 	C:\WINDOWS\system32\napinsp.dll
0x00007ffddc130000 - 0x00007ffddc14b000 	C:\WINDOWS\system32\pnrpnsp.dll
0x00007ffddbaf0000 - 0x00007ffddbb02000 	C:\WINDOWS\System32\winrnr.dll
0x00007ffdf8ef0000 - 0x00007ffdf8f0d000 	C:\WINDOWS\system32\NLAapi.dll
0x00007ffdf9dd0000 - 0x00007ffdf9de5000 	C:\WINDOWS\system32\wshbth.dll
0x00007ffdf8a50000 - 0x00007ffdf8ad0000 	C:\WINDOWS\System32\fwpuclnt.dll
0x00007ffdf6dd0000 - 0x00007ffdf6dda000 	C:\Windows\System32\rasadhlp.dll
0x00007ffdf3070000 - 0x00007ffdf307c000 	C:\Program Files\Java\jdk1.8.0_251\jre\bin\sunmscapi.dll
0x00007ffdfe9e0000 - 0x00007ffdfeb37000 	C:\WINDOWS\System32\CRYPT32.dll
0x00007ffdfe300000 - 0x00007ffdfe328000 	C:\WINDOWS\SYSTEM32\ncrypt.dll
0x00007ffdfe2c0000 - 0x00007ffdfe2f7000 	C:\WINDOWS\SYSTEM32\NTASN1.dll
0x00007ffdfc3b0000 - 0x00007ffdfc3e3000 	C:\WINDOWS\SYSTEM32\ntmarta.dll

VM Arguments:
jvm_args: -Xmx1536m -Dfile.encoding=windows-1252 -Djava.net.preferIPv4Stack=true -Duser.country=US -Duser.language=en -Duser.variant 
java_command: org.gradle.launcher.daemon.bootstrap.GradleDaemon 6.5-20200417220019+0000
java_class_path (initial): C:\opt\gradle-6.3-rc-4\wrapper\dists\gradle-6.5-20200417220019+0000-all\4p5zrs3nro7sgpzph9om6wd28\gradle-6.5-20200417220019+0000\lib\gradle-launcher-6.5.jar
Launcher Type: SUN_STANDARD

Environment Variables:
JAVA_HOME=C:\Program Files\Java\jdk1.8.0_251
PATH=C:\Program Files\Python39\Scripts\;C:\Program Files\Python39\;C:\Program Files (x86)\Common Files\Oracle\Java\javapath;C:\WINDOWS\system32;C:\WINDOWS;C:\WINDOWS\System32\Wbem;C:\WINDOWS\System32\WindowsPowerShell\v1.0\;C:\WINDOWS\System32\OpenSSH\;C:\Program Files\Git\cmd;C:\Program Files (x86)\Yarn\bin\;C:\ProgramData\chocolatey\bin;C:\Program Files\nodejs\;C:\Program Files (x86)\Windows Kits\10\Windows Performance Toolkit\;C:\Program Files\Docker\Docker\resources\bin;C:\Program Files\Java\jdk-14.0.1\bin;C:\Program Files\Java\jdk1.8.0_251\bin;C:\Users\Dwayne Ewens\AppData\Local\Microsoft\WindowsApps;C:\Users\Dwayne Ewens\AppData\Local\GitHubDesktop\bin;C:\Users\Dwayne Ewens\AppData\Local\Yarn\bin;C:\Users\Dwayne Ewens\AppData\Roaming\npm;C:\Users\Dwayne Ewens\AppData\Local\Programs\Microsoft VS Code\bin;;C:\Program Files\JetBrains\IntelliJ IDEA Community Edition 2019.3.1\bin;C:\Users\Dwayne Ewens\.dotnet\tools;%USERPROFILE%\AppData\Local\Microsoft\WindowsApps
USERNAME=Dwayne Ewens
OS=Windows_NT
PROCESSOR_IDENTIFIER=Intel64 Family 6 Model 142 Stepping 10, GenuineIntel



---------------  S Y S T E M  ---------------

OS: Windows 10.0 , 64 bit Build 19613 (10.0.19613.1000)

CPU:total 8 (initial active 8) (4 cores per cpu, 2 threads per core) family 6 model 142 stepping 10, cmov, cx8, fxsr, mmx, sse, sse2, sse3, ssse3, sse4.1, sse4.2, popcnt, avx, avx2, aes, clmul, erms, rtm, 3dnowpref, lzcnt, ht, tsc, tscinvbit, bmi1, bmi2, adx

Memory: 4k page, physical 8308080k(658340k free), swap 10263920k(4524k free)

vm_info: Java HotSpot(TM) 64-Bit Server VM (25.251-b08) for windows-amd64 JRE (1.8.0_251-b08), built on Mar 12 2020 06:31:49 by "" with MS VC++ 10.0 (VS2010)

time: Sun Apr 26 19:20:36 2020
timezone: Central Daylight Time
elapsed time: 8223 seconds (0d 2h 17m 3s)

