#
# There is insufficient memory for the Java Runtime Environment to continue.
# Native memory allocation (malloc) failed to allocate 65888 bytes for Chunk::new
# Possible reasons:
#   The system is out of physical RAM or swap space
#   The process is running with CompressedOops enabled, and the Java Heap may be blocking the growth of the native heap
# Possible solutions:
#   Reduce memory load on the system
#   Increase physical memory or swap space
#   Check if swap backing store is full
#   Decrease Java heap size (-Xmx/-Xms)
#   Decrease number of Java threads
#   Decrease Java thread stack sizes (-Xss)
#   Set larger code cache with -XX:ReservedCodeCacheSize=
#   JVM is running with Unscaled Compressed Oops mode in which the Java heap is
#     placed in the first 4GB address space. The Java Heap base address is the
#     maximum limit for the native heap growth. Please use -XX:HeapBaseMinAddress
#     to set the Java Heap base and to place the Java Heap above 4GB virtual address.
# This output file may be truncated or incomplete.
#
#  Out of Memory Error (allocation.cpp:389), pid=8964, tid=0x0000000000004f2c
#
# JRE version: Java(TM) SE Runtime Environment (8.0_251-b08) (build 1.8.0_251-b08)
# Java VM: Java HotSpot(TM) 64-Bit Server VM (25.251-b08 mixed mode windows-amd64 compressed oops)
# Failed to write core dump. Minidumps are not enabled by default on client versions of Windows
#

---------------  T H R E A D  ---------------

Current thread (0x00000000155fc800):  JavaThread "C2 CompilerThread2" daemon [_thread_in_native, id=20268, stack(0x00000000160c0000,0x00000000161c0000)]

Stack: [0x00000000160c0000,0x00000000161c0000]
[error occurred during error reporting (printing stack bounds), id 0xc0000005]

Native frames: (J=compiled Java code, j=interpreted, Vv=VM code, C=native code)


Current CompileTask:
C2: 399040 1599       4       org.gradle.internal.logging.console.BuildStatusRenderer::onOutput (350 bytes)


---------------  P R O C E S S  ---------------

Java Threads: ( => current thread )
  0x0000000016d49800 JavaThread "Forward input" [_thread_blocked, id=22480, stack(0x00000000186d0000,0x00000000187d0000)]
  0x0000000016e2f800 JavaThread "DisconnectableInputStream source reader" daemon [_thread_in_native, id=11332, stack(0x00000000185d0000,0x00000000186d0000)]
  0x0000000016e83000 JavaThread "pool-1-thread-1" [_thread_in_native, id=16256, stack(0x0000000017c90000,0x0000000017d90000)]
  0x000000001565b000 JavaThread "Service Thread" daemon [_thread_blocked, id=13120, stack(0x00000000162c0000,0x00000000163c0000)]
  0x000000001560b800 JavaThread "C1 CompilerThread3" daemon [_thread_blocked, id=21428, stack(0x00000000161c0000,0x00000000162c0000)]
=>0x00000000155fc800 JavaThread "C2 CompilerThread2" daemon [_thread_in_native, id=20268, stack(0x00000000160c0000,0x00000000161c0000)]
  0x00000000155fc000 JavaThread "C2 CompilerThread1" daemon [_thread_blocked, id=12884, stack(0x0000000015fc0000,0x00000000160c0000)]
  0x00000000155f3000 JavaThread "C2 CompilerThread0" daemon [_thread_blocked, id=10452, stack(0x0000000015ec0000,0x0000000015fc0000)]
  0x00000000155f2000 JavaThread "Attach Listener" daemon [_thread_blocked, id=21928, stack(0x0000000015dc0000,0x0000000015ec0000)]
  0x00000000155f1000 JavaThread "Signal Dispatcher" daemon [_thread_blocked, id=19196, stack(0x0000000015cc0000,0x0000000015dc0000)]
  0x00000000137be000 JavaThread "Finalizer" daemon [_thread_blocked, id=9184, stack(0x0000000015ac0000,0x0000000015bc0000)]
  0x00000000155e0800 JavaThread "Reference Handler" daemon [_thread_blocked, id=12948, stack(0x00000000159c0000,0x0000000015ac0000)]
  0x0000000002e12800 JavaThread "main" [_thread_in_native, id=16892, stack(0x0000000002c90000,0x0000000002d90000)]

Other Threads:
  0x00000000137b9800 VMThread [stack: 0x00000000154c0000,0x00000000155c0000] [id=19044]
  0x000000001565d800 WatcherThread [stack: 0x00000000163c0000,0x00000000164c0000] [id=12780]

VM state:not at safepoint (normal execution)

VM Mutex/Monitor currently owned by a thread: None

heap address: 0x00000000fc000000, size: 64 MB, Compressed Oops mode: 32-bit
Narrow klass base: 0x0000000000000000, Narrow klass shift: 3
Compressed class space size: 1073741824 Address: 0x0000000100000000

Heap:
 PSYoungGen      total 18944K, used 16145K [0x00000000feb00000, 0x0000000100000000, 0x0000000100000000)
  eden space 16384K, 83% used [0x00000000feb00000,0x00000000ff84c550,0x00000000ffb00000)
  from space 2560K, 98% used [0x00000000ffd80000,0x00000000ffff8020,0x0000000100000000)
  to   space 2560K, 0% used [0x00000000ffb00000,0x00000000ffb00000,0x00000000ffd80000)
 ParOldGen       total 44032K, used 4005K [0x00000000fc000000, 0x00000000feb00000, 0x00000000feb00000)
  object space 44032K, 9% used [0x00000000fc000000,0x00000000fc3e9728,0x00000000feb00000)
 Metaspace       used 12456K, capacity 12726K, committed 13056K, reserved 1060864K
  class space    used 1602K, capacity 1731K, committed 1792K, reserved 1048576K

Card table byte_map: [0x0000000001490000,0x00000000014c0000] byte_map_base: 0x0000000000cb0000

Marking Bits: (ParMarkBitMap*) 0x0000000059ddaf90
 Begin Bits: [0x0000000012bd0000, 0x0000000012cd0000)
 End Bits:   [0x0000000012cd0000, 0x0000000012dd0000)

Polling page: 0x0000000000f10000

CodeCache: size=245760Kb used=5155Kb max_used=5246Kb free=240604Kb
 bounds [0x0000000003010000, 0x0000000003540000, 0x0000000012010000]
 total_blobs=1879 nmethods=1494 adapters=297
 compilation: enabled

Compilation events (10 events):
Event: 393.844 Thread 0x000000001560b800 1595       3       org.gradle.internal.logging.console.MultiLineBuildProgressArea::parkCursor (26 bytes)
Event: 393.844 Thread 0x000000001560b800 nmethod 1595 0x00000000032cab90 code [0x00000000032cad20, 0x00000000032cb0d0]
Event: 393.845 Thread 0x000000001560b800 1596       3       org.gradle.internal.logging.console.MultiLineBuildProgressArea::redraw (203 bytes)
Event: 393.848 Thread 0x000000001560b800 nmethod 1596 0x0000000003294410 code [0x0000000003294740, 0x0000000003295f48]
Event: 393.848 Thread 0x000000001560b800 1597       3       org.gradle.internal.logging.console.MultiLineBuildProgressArea::getHeight (10 bytes)
Event: 393.848 Thread 0x000000001560b800 nmethod 1597 0x00000000031bc590 code [0x00000000031bc700, 0x00000000031bc928]
Event: 393.939 Thread 0x00000000155fc000 nmethod 1592 0x00000000032c5d90 code [0x00000000032c6000, 0x00000000032c7638]
Event: 395.103 Thread 0x00000000155f3000 1598       4       java.util.LinkedHashMap$LinkedValueIterator::next (8 bytes)
Event: 395.105 Thread 0x00000000155f3000 nmethod 1598 0x0000000003533d90 code [0x0000000003533ec0, 0x0000000003533f98]
Event: 398.900 Thread 0x00000000155fc800 1599       4       org.gradle.internal.logging.console.BuildStatusRenderer::onOutput (350 bytes)

GC Heap History (8 events):
Event: 0.778 GC heap before
{Heap before GC invocations=1 (full 0):
 PSYoungGen      total 18944K, used 16384K [0x00000000feb00000, 0x0000000100000000, 0x0000000100000000)
  eden space 16384K, 100% used [0x00000000feb00000,0x00000000ffb00000,0x00000000ffb00000)
  from space 2560K, 0% used [0x00000000ffd80000,0x00000000ffd80000,0x0000000100000000)
  to   space 2560K, 0% used [0x00000000ffb00000,0x00000000ffb00000,0x00000000ffd80000)
 ParOldGen       total 44032K, used 0K [0x00000000fc000000, 0x00000000feb00000, 0x00000000feb00000)
  object space 44032K, 0% used [0x00000000fc000000,0x00000000fc000000,0x00000000feb00000)
 Metaspace       used 5915K, capacity 6174K, committed 6528K, reserved 1056768K
  class space    used 700K, capacity 781K, committed 896K, reserved 1048576K
Event: 0.781 GC heap after
Heap after GC invocations=1 (full 0):
 PSYoungGen      total 18944K, used 2308K [0x00000000feb00000, 0x0000000100000000, 0x0000000100000000)
  eden space 16384K, 0% used [0x00000000feb00000,0x00000000feb00000,0x00000000ffb00000)
  from space 2560K, 90% used [0x00000000ffb00000,0x00000000ffd41010,0x00000000ffd80000)
  to   space 2560K, 0% used [0x00000000ffd80000,0x00000000ffd80000,0x0000000100000000)
 ParOldGen       total 44032K, used 8K [0x00000000fc000000, 0x00000000feb00000, 0x00000000feb00000)
  object space 44032K, 0% used [0x00000000fc000000,0x00000000fc002000,0x00000000feb00000)
 Metaspace       used 5915K, capacity 6174K, committed 6528K, reserved 1056768K
  class space    used 700K, capacity 781K, committed 896K, reserved 1048576K
}
Event: 1.171 GC heap before
{Heap before GC invocations=2 (full 0):
 PSYoungGen      total 18944K, used 18692K [0x00000000feb00000, 0x0000000100000000, 0x0000000100000000)
  eden space 16384K, 100% used [0x00000000feb00000,0x00000000ffb00000,0x00000000ffb00000)
  from space 2560K, 90% used [0x00000000ffb00000,0x00000000ffd41010,0x00000000ffd80000)
  to   space 2560K, 0% used [0x00000000ffd80000,0x00000000ffd80000,0x0000000100000000)
 ParOldGen       total 44032K, used 8K [0x00000000fc000000, 0x00000000feb00000, 0x00000000feb00000)
  object space 44032K, 0% used [0x00000000fc000000,0x00000000fc002000,0x00000000feb00000)
 Metaspace       used 9042K, capacity 9284K, committed 9472K, reserved 1056768K
  class space    used 1146K, capacity 1246K, committed 1280K, reserved 1048576K
Event: 1.175 GC heap after
Heap after GC invocations=2 (full 0):
 PSYoungGen      total 18944K, used 2528K [0x00000000feb00000, 0x0000000100000000, 0x0000000100000000)
  eden space 16384K, 0% used [0x00000000feb00000,0x00000000feb00000,0x00000000ffb00000)
  from space 2560K, 98% used [0x00000000ffd80000,0x00000000ffff8020,0x0000000100000000)
  to   space 2560K, 0% used [0x00000000ffb00000,0x00000000ffb00000,0x00000000ffd80000)
 ParOldGen       total 44032K, used 1405K [0x00000000fc000000, 0x00000000feb00000, 0x00000000feb00000)
  object space 44032K, 3% used [0x00000000fc000000,0x00000000fc15f410,0x00000000feb00000)
 Metaspace       used 9042K, capacity 9284K, committed 9472K, reserved 1056768K
  class space    used 1146K, capacity 1246K, committed 1280K, reserved 1048576K
}
Event: 2.846 GC heap before
{Heap before GC invocations=3 (full 0):
 PSYoungGen      total 18944K, used 18912K [0x00000000feb00000, 0x0000000100000000, 0x0000000100000000)
  eden space 16384K, 100% used [0x00000000feb00000,0x00000000ffb00000,0x00000000ffb00000)
  from space 2560K, 98% used [0x00000000ffd80000,0x00000000ffff8020,0x0000000100000000)
  to   space 2560K, 0% used [0x00000000ffb00000,0x00000000ffb00000,0x00000000ffd80000)
 ParOldGen       total 44032K, used 1405K [0x00000000fc000000, 0x00000000feb00000, 0x00000000feb00000)
  object space 44032K, 3% used [0x00000000fc000000,0x00000000fc15f410,0x00000000feb00000)
 Metaspace       used 11001K, capacity 11340K, committed 11648K, reserved 1058816K
  class space    used 1451K, capacity 1568K, committed 1664K, reserved 1048576K
Event: 2.854 GC heap after
Heap after GC invocations=3 (full 0):
 PSYoungGen      total 18944K, used 2528K [0x00000000feb00000, 0x0000000100000000, 0x0000000100000000)
  eden space 16384K, 0% used [0x00000000feb00000,0x00000000feb00000,0x00000000ffb00000)
  from space 2560K, 98% used [0x00000000ffb00000,0x00000000ffd78020,0x00000000ffd80000)
  to   space 2560K, 0% used [0x00000000ffd80000,0x00000000ffd80000,0x0000000100000000)
 ParOldGen       total 44032K, used 3402K [0x00000000fc000000, 0x00000000feb00000, 0x00000000feb00000)
  object space 44032K, 7% used [0x00000000fc000000,0x00000000fc3528d8,0x00000000feb00000)
 Metaspace       used 11001K, capacity 11340K, committed 11648K, reserved 1058816K
  class space    used 1451K, capacity 1568K, committed 1664K, reserved 1048576K
}
Event: 91.754 GC heap before
{Heap before GC invocations=4 (full 0):
 PSYoungGen      total 18944K, used 18912K [0x00000000feb00000, 0x0000000100000000, 0x0000000100000000)
  eden space 16384K, 100% used [0x00000000feb00000,0x00000000ffb00000,0x00000000ffb00000)
  from space 2560K, 98% used [0x00000000ffb00000,0x00000000ffd78020,0x00000000ffd80000)
  to   space 2560K, 0% used [0x00000000ffd80000,0x00000000ffd80000,0x0000000100000000)
 ParOldGen       total 44032K, used 3402K [0x00000000fc000000, 0x00000000feb00000, 0x00000000feb00000)
  object space 44032K, 7% used [0x00000000fc000000,0x00000000fc3528d8,0x00000000feb00000)
 Metaspace       used 12405K, capacity 12694K, committed 13056K, reserved 1060864K
  class space    used 1596K, capacity 1699K, committed 1792K, reserved 1048576K
Event: 91.757 GC heap after
Heap after GC invocations=4 (full 0):
 PSYoungGen      total 18944K, used 2528K [0x00000000feb00000, 0x0000000100000000, 0x0000000100000000)
  eden space 16384K, 0% used [0x00000000feb00000,0x00000000feb00000,0x00000000ffb00000)
  from space 2560K, 98% used [0x00000000ffd80000,0x00000000ffff8020,0x0000000100000000)
  to   space 2560K, 0% used [0x00000000ffb00000,0x00000000ffb00000,0x00000000ffd80000)
 ParOldGen       total 44032K, used 4005K [0x00000000fc000000, 0x00000000feb00000, 0x00000000feb00000)
  object space 44032K, 9% used [0x00000000fc000000,0x00000000fc3e9728,0x00000000feb00000)
 Metaspace       used 12405K, capacity 12694K, committed 13056K, reserved 1060864K
  class space    used 1596K, capacity 1699K, committed 1792K, reserved 1048576K
}

Deoptimization events (10 events):
Event: 390.683 Thread 0x0000000002e12800 Uncommon trap: reason=class_check action=maybe_recompile pc=0x00000000034e4f30 method=org.gradle.internal.logging.sink.OutputEventTransformer.onOutput(Lorg/gradle/internal/logging/events/OutputEvent;)V @ 287
Event: 390.698 Thread 0x0000000016e83000 Uncommon trap: reason=unstable_if action=reinterpret pc=0x00000000034d1750 method=org.gradle.internal.logging.sink.GroupingProgressLogEventGenerator.onOutput(Lorg/gradle/internal/logging/events/OutputEvent;)V @ 22
Event: 391.650 Thread 0x0000000016e83000 Uncommon trap: reason=unstable_if action=reinterpret pc=0x00000000034b4c54 method=org.gradle.internal.operations.OperationIdentifier.equals(Ljava/lang/Object;)Z @ 2
Event: 391.652 Thread 0x0000000016e83000 Uncommon trap: reason=unstable_if action=reinterpret pc=0x00000000034ef0d8 method=org.gradle.internal.logging.console.MultiLineBuildProgressArea.redraw(Lorg/gradle/internal/logging/console/AnsiContext;)V @ 25
Event: 391.746 Thread 0x0000000002e12800 Uncommon trap: reason=unstable_if action=reinterpret pc=0x00000000034d6090 method=com.esotericsoftware.kryo.io.Input.readUtf8(I)V @ 79
Event: 391.748 Thread 0x0000000002e12800 Uncommon trap: reason=unstable_if action=reinterpret pc=0x0000000003491e58 method=com.esotericsoftware.kryo.io.Input.readUtf8(I)V @ 79
Event: 392.119 Thread 0x0000000016e83000 Uncommon trap: reason=class_check action=maybe_recompile pc=0x00000000034f0f0c method=java.util.AbstractList.equals(Ljava/lang/Object;)Z @ 94
Event: 392.936 Thread 0x0000000016e83000 Uncommon trap: reason=class_check action=maybe_recompile pc=0x00000000034f0f0c method=java.util.AbstractList.equals(Ljava/lang/Object;)Z @ 94
Event: 393.050 Thread 0x0000000016e83000 Uncommon trap: reason=class_check action=maybe_recompile pc=0x00000000034f0f0c method=java.util.AbstractList.equals(Ljava/lang/Object;)Z @ 94
Event: 393.051 Thread 0x0000000016e83000 Uncommon trap: reason=class_check action=maybe_recompile pc=0x00000000034f0f0c method=java.util.AbstractList.equals(Ljava/lang/Object;)Z @ 94

Classes redefined (0 events):
No events

Internal exceptions (10 events):
Event: 1.239 Thread 0x0000000002e12800 Exception <a 'java/lang/ArrayIndexOutOfBoundsException'> (0x00000000fefe5af8) thrown at [C:\jenkins\workspace\8-2-build-windows-amd64-cygwin\jdk8u251\737\hotspot\src\share\vm\runtime\sharedRuntime.cpp, line 605]
Event: 1.245 Thread 0x0000000002e12800 Exception <a 'java/lang/ArrayIndexOutOfBoundsException'> (0x00000000ff05b290) thrown at [C:\jenkins\workspace\8-2-build-windows-amd64-cygwin\jdk8u251\737\hotspot\src\share\vm\runtime\sharedRuntime.cpp, line 605]
Event: 1.246 Thread 0x0000000002e12800 Exception <a 'java/lang/ArrayIndexOutOfBoundsException'> (0x00000000ff05c4d8) thrown at [C:\jenkins\workspace\8-2-build-windows-amd64-cygwin\jdk8u251\737\hotspot\src\share\vm\runtime\sharedRuntime.cpp, line 605]
Event: 1.246 Thread 0x0000000002e12800 Exception <a 'java/lang/ArrayIndexOutOfBoundsException'> (0x00000000ff05fc48) thrown at [C:\jenkins\workspace\8-2-build-windows-amd64-cygwin\jdk8u251\737\hotspot\src\share\vm\runtime\sharedRuntime.cpp, line 605]
Event: 1.246 Thread 0x0000000002e12800 Exception <a 'java/lang/ArrayIndexOutOfBoundsException'> (0x00000000ff061be0) thrown at [C:\jenkins\workspace\8-2-build-windows-amd64-cygwin\jdk8u251\737\hotspot\src\share\vm\runtime\sharedRuntime.cpp, line 605]
Event: 1.246 Thread 0x0000000002e12800 Exception <a 'java/lang/ArrayIndexOutOfBoundsException'> (0x00000000ff062cc0) thrown at [C:\jenkins\workspace\8-2-build-windows-amd64-cygwin\jdk8u251\737\hotspot\src\share\vm\runtime\sharedRuntime.cpp, line 605]
Event: 1.246 Thread 0x0000000002e12800 Exception <a 'java/lang/ArrayIndexOutOfBoundsException'> (0x00000000ff065448) thrown at [C:\jenkins\workspace\8-2-build-windows-amd64-cygwin\jdk8u251\737\hotspot\src\share\vm\runtime\sharedRuntime.cpp, line 605]
Event: 1.246 Thread 0x0000000002e12800 Exception <a 'java/lang/ArrayIndexOutOfBoundsException'> (0x00000000ff067d70) thrown at [C:\jenkins\workspace\8-2-build-windows-amd64-cygwin\jdk8u251\737\hotspot\src\share\vm\runtime\sharedRuntime.cpp, line 605]
Event: 318.405 Thread 0x0000000016e83000 Implicit null exception at 0x00000000034f66e4 to 0x00000000034f94bb
Event: 318.407 Thread 0x0000000016e83000 Implicit null exception at 0x00000000034da17d to 0x00000000034da2d5

Events (10 events):
Event: 392.119 Thread 0x0000000016e83000 DEOPT UNPACKING pc=0x000000000305583b sp=0x0000000017d8e438 mode 2
Event: 392.936 Thread 0x0000000016e83000 Uncommon trap: trap_request=0xffffffde fr.pc=0x00000000034f0f0c
Event: 392.936 Thread 0x0000000016e83000 DEOPT PACKING pc=0x00000000034f0f0c sp=0x0000000017d8e490
Event: 392.936 Thread 0x0000000016e83000 DEOPT UNPACKING pc=0x000000000305583b sp=0x0000000017d8e438 mode 2
Event: 393.050 Thread 0x0000000016e83000 Uncommon trap: trap_request=0xffffffde fr.pc=0x00000000034f0f0c
Event: 393.050 Thread 0x0000000016e83000 DEOPT PACKING pc=0x00000000034f0f0c sp=0x0000000017d8e490
Event: 393.050 Thread 0x0000000016e83000 DEOPT UNPACKING pc=0x000000000305583b sp=0x0000000017d8e438 mode 2
Event: 393.051 Thread 0x0000000016e83000 Uncommon trap: trap_request=0xffffffde fr.pc=0x00000000034f0f0c
Event: 393.051 Thread 0x0000000016e83000 DEOPT PACKING pc=0x00000000034f0f0c sp=0x0000000017d8e490
Event: 393.051 Thread 0x0000000016e83000 DEOPT UNPACKING pc=0x000000000305583b sp=0x0000000017d8e438 mode 2


Dynamic libraries:
0x00007ff77fbc0000 - 0x00007ff77fbf7000 	C:\Program Files\Java\jdk1.8.0_251\bin\java.exe
0x00007ffe01110000 - 0x00007ffe01309000 	C:\WINDOWS\SYSTEM32\ntdll.dll
0x00007ffe002b0000 - 0x00007ffe0036c000 	C:\WINDOWS\System32\KERNEL32.DLL
0x00007ffdfee00000 - 0x00007ffdff0e1000 	C:\WINDOWS\System32\KERNELBASE.dll
0x00007ffdfbe10000 - 0x00007ffdfbea2000 	C:\WINDOWS\SYSTEM32\apphelp.dll
0x00007ffe00020000 - 0x00007ffe000cc000 	C:\WINDOWS\System32\ADVAPI32.dll
0x00007ffe001e0000 - 0x00007ffe00282000 	C:\WINDOWS\System32\msvcrt.dll
0x00007ffe000d0000 - 0x00007ffe0016b000 	C:\WINDOWS\System32\sechost.dll
0x00007ffe00370000 - 0x00007ffe0048d000 	C:\WINDOWS\System32\RPCRT4.dll
0x00007ffe00bd0000 - 0x00007ffe00d71000 	C:\WINDOWS\System32\USER32.dll
0x00007ffdff0f0000 - 0x00007ffdff116000 	C:\WINDOWS\System32\win32u.dll
0x00007ffe00ba0000 - 0x00007ffe00bcb000 	C:\WINDOWS\System32\GDI32.dll
0x00007ffdfec60000 - 0x00007ffdfed6b000 	C:\WINDOWS\System32\gdi32full.dll
0x00007ffdfebc0000 - 0x00007ffdfec5c000 	C:\WINDOWS\System32\msvcp_win.dll
0x00007ffdfe820000 - 0x00007ffdfe925000 	C:\WINDOWS\System32\ucrtbase.dll
0x00007ffde1d30000 - 0x00007ffde1fc5000 	C:\WINDOWS\WinSxS\amd64_microsoft.windows.common-controls_6595b64144ccf1df_6.0.19613.1000_none_6d9931b592293f71\COMCTL32.dll
0x00007ffe00b70000 - 0x00007ffe00b9f000 	C:\WINDOWS\System32\IMM32.DLL
0x0000000059e60000 - 0x0000000059f32000 	C:\Program Files\Java\jdk1.8.0_251\jre\bin\msvcr100.dll
0x00000000595b0000 - 0x0000000059e5b000 	C:\Program Files\Java\jdk1.8.0_251\jre\bin\server\jvm.dll
0x00007ffdff170000 - 0x00007ffdff178000 	C:\WINDOWS\System32\PSAPI.DLL
0x00007ffdd0bc0000 - 0x00007ffdd0be7000 	C:\WINDOWS\SYSTEM32\WINMM.dll
0x00007ffddeaa0000 - 0x00007ffddeaa9000 	C:\WINDOWS\SYSTEM32\WSOCK32.dll
0x00007ffdf6ec0000 - 0x00007ffdf6eca000 	C:\WINDOWS\SYSTEM32\VERSION.dll
0x00007ffe006f0000 - 0x00007ffe0075f000 	C:\WINDOWS\System32\WS2_32.dll
0x00007ffdf38f0000 - 0x00007ffdf38ff000 	C:\Program Files\Java\jdk1.8.0_251\jre\bin\verify.dll
0x00007ffddf4a0000 - 0x00007ffddf4c9000 	C:\Program Files\Java\jdk1.8.0_251\jre\bin\java.dll
0x00007ffde2950000 - 0x00007ffde2966000 	C:\Program Files\Java\jdk1.8.0_251\jre\bin\zip.dll
0x00007ffdff180000 - 0x00007ffdff8b4000 	C:\WINDOWS\System32\SHELL32.dll
0x00007ffdfc9c0000 - 0x00007ffdfd184000 	C:\WINDOWS\SYSTEM32\windows.storage.dll
0x00007ffe00810000 - 0x00007ffe00b61000 	C:\WINDOWS\System32\combase.dll
0x00007ffe00760000 - 0x00007ffe0080c000 	C:\WINDOWS\System32\SHCORE.dll
0x00007ffe00fe0000 - 0x00007ffe01035000 	C:\WINDOWS\System32\shlwapi.dll
0x00007ffdfe760000 - 0x00007ffdfe77f000 	C:\WINDOWS\SYSTEM32\profapi.dll
0x00007ffde1d10000 - 0x00007ffde1d2a000 	C:\Program Files\Java\jdk1.8.0_251\jre\bin\net.dll
0x00007ffdfdf80000 - 0x00007ffdfdfe7000 	C:\WINDOWS\system32\mswsock.dll
0x00007ffddf930000 - 0x00007ffddf942000 	C:\Program Files\Java\jdk1.8.0_251\jre\bin\nio.dll
0x00007ffdeeb20000 - 0x00007ffdeeb47000 	C:\Users\Dwayne Ewens\.gradle\native\481b90ef2c2b5ab96622bab5346fdaaafe5c91895d4d4de1c4fe4b2e89a8011f\windows-amd64\native-platform.dll
0x00007ffdf8b30000 - 0x00007ffdf8b3a000 	C:\Users\Dwayne Ewens\.gradle\native\jansi\1.18\windows64\jansi.dll
0x00007ffdf34d0000 - 0x00007ffdf34dd000 	C:\Program Files\Java\jdk1.8.0_251\jre\bin\management.dll
0x00007ffdfe200000 - 0x00007ffdfe218000 	C:\WINDOWS\SYSTEM32\CRYPTSP.dll
0x00007ffdfd8d0000 - 0x00007ffdfd904000 	C:\WINDOWS\system32\rsaenh.dll
0x00007ffdfe720000 - 0x00007ffdfe74d000 	C:\WINDOWS\SYSTEM32\USERENV.dll
0x00007ffdfed70000 - 0x00007ffdfed97000 	C:\WINDOWS\System32\bcrypt.dll
0x00007ffdfeb40000 - 0x00007ffdfebbe000 	C:\WINDOWS\System32\bcryptprimitives.dll
0x00007ffdfe130000 - 0x00007ffdfe13c000 	C:\WINDOWS\SYSTEM32\CRYPTBASE.dll
0x00007ffdfdc60000 - 0x00007ffdfdc8d000 	C:\WINDOWS\SYSTEM32\IPHLPAPI.DLL
0x00007ffe00170000 - 0x00007ffe00179000 	C:\WINDOWS\System32\NSI.dll
0x00007ffdf8a30000 - 0x00007ffdf8a47000 	C:\WINDOWS\SYSTEM32\dhcpcsvc6.DLL
0x00007ffdf8670000 - 0x00007ffdf868d000 	C:\WINDOWS\SYSTEM32\dhcpcsvc.DLL
0x00007ffdfdca0000 - 0x00007ffdfdd6c000 	C:\WINDOWS\SYSTEM32\DNSAPI.dll

VM Arguments:
jvm_args: -Xmx64m -Xms64m -Dorg.gradle.appname=gradlew 
java_command: org.gradle.wrapper.GradleWrapperMain task test
java_class_path (initial): C:\Users\Dwayne Ewens\Documents\GitHub\Mobile-SDK-Android\Sample Code\\gradle\wrapper\gradle-wrapper.jar
Launcher Type: SUN_STANDARD

Environment Variables:
JAVA_HOME=C:\Program Files\Java\jdk1.8.0_251
CLASSPATH=C:\Users\Dwayne Ewens\Documents\GitHub\Mobile-SDK-Android\Sample Code\\gradle\wrapper\gradle-wrapper.jar
PATH=C:\Program Files\Python39\Scripts\;C:\Program Files\Python39\;C:\Program Files (x86)\Common Files\Oracle\Java\javapath;C:\WINDOWS\system32;C:\WINDOWS;C:\WINDOWS\System32\Wbem;C:\WINDOWS\System32\WindowsPowerShell\v1.0\;C:\WINDOWS\System32\OpenSSH\;C:\Program Files\Git\cmd;C:\Program Files (x86)\Yarn\bin\;C:\ProgramData\chocolatey\bin;C:\Program Files\nodejs\;C:\Program Files (x86)\Windows Kits\10\Windows Performance Toolkit\;C:\Program Files\Docker\Docker\resources\bin;C:\Program Files\Java\jdk-14.0.1\bin;C:\Program Files\Java\jdk1.8.0_251\bin;C:\Users\Dwayne Ewens\AppData\Local\Microsoft\WindowsApps;C:\Users\Dwayne Ewens\AppData\Local\GitHubDesktop\bin;C:\Users\Dwayne Ewens\AppData\Local\Yarn\bin;C:\Users\Dwayne Ewens\AppData\Roaming\npm;C:\Users\Dwayne Ewens\AppData\Local\Programs\Microsoft VS Code\bin;;C:\Program Files\JetBrains\IntelliJ IDEA Community Edition 2019.3.1\bin;C:\Users\Dwayne Ewens\.dotnet\tools;%USERPROFILE%\AppData\Local\Microsoft\WindowsApps
USERNAME=Dwayne Ewens
OS=Windows_NT
PROCESSOR_IDENTIFIER=Intel64 Family 6 Model 142 Stepping 10, GenuineIntel



---------------  S Y S T E M  ---------------

OS: Windows 10.0 , 64 bit Build 19613 (10.0.19613.1000)

CPU:total 8 (initial active 8) (4 cores per cpu, 2 threads per core) family 6 model 142 stepping 10, cmov, cx8, fxsr, mmx, sse, sse2, sse3, ssse3, sse4.1, sse4.2, popcnt, avx, avx2, aes, clmul, erms, rtm, 3dnowpref, lzcnt, ht, tsc, tscinvbit, bmi1, bmi2, adx

Memory: 4k page, physical 8308080k(696304k free), swap 10263920k(6528k free)

vm_info: Java HotSpot(TM) 64-Bit Server VM (25.251-b08) for windows-amd64 JRE (1.8.0_251-b08), built on Mar 12 2020 06:31:49 by "" with MS VC++ 10.0 (VS2010)

time: Sun Apr 26 19:19:12 2020
timezone: Central Daylight Time
elapsed time: 399 seconds (0d 0h 6m 39s)

