#
# There is insufficient memory for the Java Runtime Environment to continue.
# Native memory allocation (malloc) failed to allocate 32744 bytes for ChunkPool::allocate
# Possible reasons:
#   The system is out of physical RAM or swap space
#   The process is running with CompressedOops enabled, and the Java Heap may be blocking the growth of the native heap
# Possible solutions:
#   Reduce memory load on the system
#   Increase physical memory or swap space
#   Check if swap backing store is full
#   Decrease Java heap size (-Xmx/-Xms)
#   Decrease number of Java threads
#   Decrease Java thread stack sizes (-Xss)
#   Set larger code cache with -XX:ReservedCodeCacheSize=
#   JVM is running with Unscaled Compressed Oops mode in which the Java heap is
#     placed in the first 4GB address space. The Java Heap base address is the
#     maximum limit for the native heap growth. Please use -XX:HeapBaseMinAddress
#     to set the Java Heap base and to place the Java Heap above 4GB virtual address.
# This output file may be truncated or incomplete.
#
#  Out of Memory Error (allocation.cpp:272), pid=6904, tid=0x0000000000003268
#
# JRE version: Java(TM) SE Runtime Environment (8.0_251-b08) (build 1.8.0_251-b08)
# Java VM: Java HotSpot(TM) 64-Bit Server VM (25.251-b08 mixed mode windows-amd64 compressed oops)
# Failed to write core dump. Minidumps are not enabled by default on client versions of Windows
#

---------------  T H R E A D  ---------------

Current thread (0x0000000002e32800):  JavaThread "main" [_thread_in_vm, id=12904, stack(0x0000000002d20000,0x0000000002e20000)]

Stack: [0x0000000002d20000,0x0000000002e20000]
[error occurred during error reporting (printing stack bounds), id 0xc0000005]

Native frames: (J=compiled Java code, j=interpreted, Vv=VM code, C=native code)

Java frames: (J=compiled Java code, j=interpreted, Vv=VM code)
v  blob 0x0000000002f757ba
J 1283 C2 org.gradle.internal.logging.sink.OutputEventTransformer.onOutput(Lorg/gradle/internal/logging/events/OutputEvent;)V (399 bytes) @ 0x0000000003385654 [0x0000000003382960+0x2cf4]
J 1266 C2 org.gradle.internal.logging.sink.OutputEventListenerManager$1.onOutput(Lorg/gradle/internal/logging/events/OutputEvent;)V (33 bytes) @ 0x000000000335e0dc [0x000000000335df80+0x15c]
j  org.gradle.internal.logging.slf4j.OutputEventListenerBackedLogger.log(Lorg/gradle/api/logging/LogLevel;Ljava/lang/Throwable;Ljava/lang/String;Lorg/gradle/internal/operations/OperationIdentifier;)V+40
j  org.gradle.internal.logging.slf4j.OutputEventListenerBackedLogger.log(Lorg/gradle/api/logging/LogLevel;Ljava/lang/Throwable;Ljava/lang/String;)V+10
j  org.gradle.internal.logging.slf4j.OutputEventListenerBackedLogger.error(Ljava/lang/String;)V+13
j  org.gradle.launcher.daemon.client.DaemonClient.handleDaemonDisappearance(Lorg/gradle/launcher/daemon/protocol/Build;Lorg/gradle/launcher/daemon/diagnostics/DaemonDiagnostics;)Lorg/gradle/launcher/daemon/protocol/Result;+18
j  org.gradle.launcher.daemon.client.DaemonClient.monitorBuild(Lorg/gradle/launcher/daemon/protocol/Build;Lorg/gradle/launcher/daemon/diagnostics/DaemonDiagnostics;Lorg/gradle/internal/remote/internal/Connection;Lorg/gradle/initialization/BuildCancellationToken;Lorg/gradle/initialization/BuildEventConsumer;)Ljava/lang/Object;+111
j  org.gradle.launcher.daemon.client.DaemonClient.executeBuild(Lorg/gradle/launcher/daemon/protocol/Build;Lorg/gradle/launcher/daemon/client/DaemonClientConnection;Lorg/gradle/initialization/BuildCancellationToken;Lorg/gradle/initialization/BuildEventConsumer;)Lorg/gradle/launcher/exec/BuildActionResult;+115
j  org.gradle.launcher.daemon.client.DaemonClient.execute(Lorg/gradle/internal/invocation/BuildAction;Lorg/gradle/initialization/BuildRequestContext;Lorg/gradle/launcher/exec/BuildActionParameters;Lorg/gradle/internal/service/ServiceRegistry;)Lorg/gradle/launcher/exec/BuildActionResult;+156
j  org.gradle.launcher.daemon.client.DaemonClient.execute(Lorg/gradle/internal/invocation/BuildAction;Lorg/gradle/initialization/BuildRequestContext;Ljava/lang/Object;Lorg/gradle/internal/service/ServiceRegistry;)Lorg/gradle/launcher/exec/BuildActionResult;+9
j  org.gradle.launcher.cli.RunBuildAction.run()V+78
j  org.gradle.internal.Actions$RunnableActionAdapter.execute(Ljava/lang/Object;)V+4
j  org.gradle.launcher.cli.DefaultCommandLineActionFactory$ParseAndBuildAction.execute(Lorg/gradle/launcher/bootstrap/ExecutionListener;)V+124
j  org.gradle.launcher.cli.DefaultCommandLineActionFactory$ParseAndBuildAction.execute(Ljava/lang/Object;)V+5
j  org.gradle.launcher.cli.DebugLoggerWarningAction.execute(Lorg/gradle/launcher/bootstrap/ExecutionListener;)V+9
j  org.gradle.launcher.cli.DebugLoggerWarningAction.execute(Ljava/lang/Object;)V+5
j  org.gradle.launcher.cli.WelcomeMessageAction.execute(Lorg/gradle/launcher/bootstrap/ExecutionListener;)V+211
j  org.gradle.launcher.cli.WelcomeMessageAction.execute(Ljava/lang/Object;)V+5
j  org.gradle.launcher.cli.NativeServicesInitializingAction.execute(Lorg/gradle/launcher/bootstrap/ExecutionListener;)V+33
j  org.gradle.launcher.cli.NativeServicesInitializingAction.execute(Ljava/lang/Object;)V+5
j  org.gradle.launcher.cli.ExceptionReportingAction.execute(Lorg/gradle/launcher/bootstrap/ExecutionListener;)V+5
j  org.gradle.launcher.cli.ExceptionReportingAction.execute(Ljava/lang/Object;)V+5
j  org.gradle.launcher.cli.DefaultCommandLineActionFactory$WithLogging.execute(Lorg/gradle/launcher/bootstrap/ExecutionListener;)V+349
j  org.gradle.launcher.Main.doAction([Ljava/lang/String;Lorg/gradle/launcher/bootstrap/ExecutionListener;)V+14
j  org.gradle.launcher.bootstrap.EntryPoint.run([Ljava/lang/String;)V+12
v  ~StubRoutines::call_stub
j  sun.reflect.NativeMethodAccessorImpl.invoke0(Ljava/lang/reflect/Method;Ljava/lang/Object;[Ljava/lang/Object;)Ljava/lang/Object;+0
j  sun.reflect.NativeMethodAccessorImpl.invoke(Ljava/lang/Object;[Ljava/lang/Object;)Ljava/lang/Object;+100
j  sun.reflect.DelegatingMethodAccessorImpl.invoke(Ljava/lang/Object;[Ljava/lang/Object;)Ljava/lang/Object;+6
j  java.lang.reflect.Method.invoke(Ljava/lang/Object;[Ljava/lang/Object;)Ljava/lang/Object;+56
j  org.gradle.launcher.bootstrap.ProcessBootstrap.runNoExit(Ljava/lang/String;[Ljava/lang/String;)V+161
j  org.gradle.launcher.bootstrap.ProcessBootstrap.run(Ljava/lang/String;[Ljava/lang/String;)V+3
j  org.gradle.launcher.GradleMain.main([Ljava/lang/String;)V+36
v  ~StubRoutines::call_stub
j  sun.reflect.NativeMethodAccessorImpl.invoke0(Ljava/lang/reflect/Method;Ljava/lang/Object;[Ljava/lang/Object;)Ljava/lang/Object;+0
j  sun.reflect.NativeMethodAccessorImpl.invoke(Ljava/lang/Object;[Ljava/lang/Object;)Ljava/lang/Object;+100
j  sun.reflect.DelegatingMethodAccessorImpl.invoke(Ljava/lang/Object;[Ljava/lang/Object;)Ljava/lang/Object;+6
j  java.lang.reflect.Method.invoke(Ljava/lang/Object;[Ljava/lang/Object;)Ljava/lang/Object;+56
j  org.gradle.wrapper.BootstrapMainStarter.start([Ljava/lang/String;Ljava/io/File;)V+105
j  org.gradle.wrapper.WrapperExecutor.execute([Ljava/lang/String;Lorg/gradle/wrapper/Install;Lorg/gradle/wrapper/BootstrapMainStarter;)V+14
j  org.gradle.wrapper.GradleWrapperMain.main([Ljava/lang/String;)V+187
v  ~StubRoutines::call_stub

---------------  P R O C E S S  ---------------

Java Threads: ( => current thread )
  0x0000000015606000 JavaThread "Forward input" [_thread_blocked, id=10756, stack(0x0000000018420000,0x0000000018520000)]
  0x000000001674f800 JavaThread "DisconnectableInputStream source reader" daemon [_thread_in_native, id=6472, stack(0x0000000018320000,0x0000000018420000)]
  0x0000000016bb4800 JavaThread "pool-1-thread-1" [_thread_blocked, id=10500, stack(0x0000000017be0000,0x0000000017ce0000)]
  0x000000001559d000 JavaThread "Service Thread" daemon [_thread_blocked, id=18272, stack(0x0000000016200000,0x0000000016300000)]
  0x000000001550f800 JavaThread "C1 CompilerThread3" daemon [_thread_blocked, id=4052, stack(0x0000000016100000,0x0000000016200000)]
  0x000000001550c800 JavaThread "C2 CompilerThread2" daemon [_thread_blocked, id=10452, stack(0x0000000016000000,0x0000000016100000)]
  0x000000001550b800 JavaThread "C2 CompilerThread1" daemon [_thread_blocked, id=22220, stack(0x0000000015f00000,0x0000000016000000)]
  0x0000000015503000 JavaThread "C2 CompilerThread0" daemon [_thread_in_native, id=22464, stack(0x0000000015e00000,0x0000000015f00000)]
  0x0000000015502000 JavaThread "Attach Listener" daemon [_thread_blocked, id=2336, stack(0x0000000015d00000,0x0000000015e00000)]
  0x0000000015500000 JavaThread "Signal Dispatcher" daemon [_thread_blocked, id=19000, stack(0x0000000015c00000,0x0000000015d00000)]
  0x00000000154f1800 JavaThread "Finalizer" daemon [_thread_blocked, id=4436, stack(0x00000000159d0000,0x0000000015ad0000)]
  0x00000000154f0800 JavaThread "Reference Handler" daemon [_thread_blocked, id=13496, stack(0x00000000158d0000,0x00000000159d0000)]
=>0x0000000002e32800 JavaThread "main" [_thread_in_vm, id=12904, stack(0x0000000002d20000,0x0000000002e20000)]

Other Threads:
  0x00000000136fa000 VMThread [stack: 0x00000000153d0000,0x00000000154d0000] [id=9108]
  0x00000000155af000 WatcherThread [stack: 0x0000000016300000,0x0000000016400000] [id=20000]

VM state:not at safepoint (normal execution)

VM Mutex/Monitor currently owned by a thread: None

heap address: 0x00000000fc000000, size: 64 MB, Compressed Oops mode: 32-bit
Narrow klass base: 0x0000000000000000, Narrow klass shift: 3
Compressed class space size: 1073741824 Address: 0x0000000100000000

Heap:
 PSYoungGen      total 18944K, used 10504K [0x00000000feb00000, 0x0000000100000000, 0x0000000100000000)
  eden space 16384K, 48% used [0x00000000feb00000,0x00000000ff2c6398,0x00000000ffb00000)
  from space 2560K, 99% used [0x00000000ffb00000,0x00000000ffd7c010,0x00000000ffd80000)
  to   space 2560K, 0% used [0x00000000ffd80000,0x00000000ffd80000,0x0000000100000000)
 ParOldGen       total 44032K, used 3110K [0x00000000fc000000, 0x00000000feb00000, 0x00000000feb00000)
  object space 44032K, 7% used [0x00000000fc000000,0x00000000fc309928,0x00000000feb00000)
 Metaspace       used 11851K, capacity 12110K, committed 12416K, reserved 1060864K
  class space    used 1541K, capacity 1633K, committed 1664K, reserved 1048576K

Card table byte_map: [0x00000000014f0000,0x0000000001520000] byte_map_base: 0x0000000000d10000

Marking Bits: (ParMarkBitMap*) 0x0000000059ddaf90
 Begin Bits: [0x0000000012af0000, 0x0000000012bf0000)
 End Bits:   [0x0000000012bf0000, 0x0000000012cf0000)

Polling page: 0x00000000014c0000

CodeCache: size=245760Kb used=4816Kb max_used=4816Kb free=240943Kb
 bounds [0x0000000002f30000, 0x00000000033f0000, 0x0000000011f30000]
 total_blobs=1824 nmethods=1441 adapters=295
 compilation: enabled

Compilation events (10 events):
Event: 44.475 Thread 0x000000001550f800 nmethod 1437 0x00000000033e0290 code [0x00000000033e0400, 0x00000000033e0710]
Event: 44.475 Thread 0x000000001550f800 1438       3       org.gradle.util.internal.LimitedDescription::append (33 bytes)
Event: 44.475 Thread 0x000000001550f800 nmethod 1438 0x00000000033e0850 code [0x00000000033e0a60, 0x00000000033e11e8]
Event: 44.475 Thread 0x000000001550f800 1439       3       java.util.LinkedList::add (32 bytes)
Event: 44.476 Thread 0x000000001550f800 nmethod 1439 0x00000000033e1610 code [0x00000000033e17e0, 0x00000000033e1ce8]
Event: 44.476 Thread 0x000000001550f800 1440       3       java.util.LinkedList::linkBefore (63 bytes)
Event: 44.476 Thread 0x000000001550f800 nmethod 1440 0x00000000033e1f10 code [0x00000000033e2080, 0x00000000033e23d0]
Event: 44.476 Thread 0x000000001550f800 1435       3       sun.nio.cs.SingleByte::access$000 (10 bytes)
Event: 44.476 Thread 0x000000001550f800 nmethod 1435 0x00000000033e2550 code [0x00000000033e26e0, 0x00000000033e2b98]
Event: 44.476 Thread 0x000000001550f800 1441 %     3       sun.nio.cs.SingleByte$Decoder::decodeArrayLoop @ 88 (154 bytes)

GC Heap History (6 events):
Event: 0.461 GC heap before
{Heap before GC invocations=1 (full 0):
 PSYoungGen      total 18944K, used 16384K [0x00000000feb00000, 0x0000000100000000, 0x0000000100000000)
  eden space 16384K, 100% used [0x00000000feb00000,0x00000000ffb00000,0x00000000ffb00000)
  from space 2560K, 0% used [0x00000000ffd80000,0x00000000ffd80000,0x0000000100000000)
  to   space 2560K, 0% used [0x00000000ffb00000,0x00000000ffb00000,0x00000000ffd80000)
 ParOldGen       total 44032K, used 0K [0x00000000fc000000, 0x00000000feb00000, 0x00000000feb00000)
  object space 44032K, 0% used [0x00000000fc000000,0x00000000fc000000,0x00000000feb00000)
 Metaspace       used 5902K, capacity 6110K, committed 6272K, reserved 1056768K
  class space    used 700K, capacity 781K, committed 896K, reserved 1048576K
Event: 0.465 GC heap after
Heap after GC invocations=1 (full 0):
 PSYoungGen      total 18944K, used 2321K [0x00000000feb00000, 0x0000000100000000, 0x0000000100000000)
  eden space 16384K, 0% used [0x00000000feb00000,0x00000000feb00000,0x00000000ffb00000)
  from space 2560K, 90% used [0x00000000ffb00000,0x00000000ffd447a8,0x00000000ffd80000)
  to   space 2560K, 0% used [0x00000000ffd80000,0x00000000ffd80000,0x0000000100000000)
 ParOldGen       total 44032K, used 16K [0x00000000fc000000, 0x00000000feb00000, 0x00000000feb00000)
  object space 44032K, 0% used [0x00000000fc000000,0x00000000fc004000,0x00000000feb00000)
 Metaspace       used 5902K, capacity 6110K, committed 6272K, reserved 1056768K
  class space    used 700K, capacity 781K, committed 896K, reserved 1048576K
}
Event: 0.716 GC heap before
{Heap before GC invocations=2 (full 0):
 PSYoungGen      total 18944K, used 18705K [0x00000000feb00000, 0x0000000100000000, 0x0000000100000000)
  eden space 16384K, 100% used [0x00000000feb00000,0x00000000ffb00000,0x00000000ffb00000)
  from space 2560K, 90% used [0x00000000ffb00000,0x00000000ffd447a8,0x00000000ffd80000)
  to   space 2560K, 0% used [0x00000000ffd80000,0x00000000ffd80000,0x0000000100000000)
 ParOldGen       total 44032K, used 16K [0x00000000fc000000, 0x00000000feb00000, 0x00000000feb00000)
  object space 44032K, 0% used [0x00000000fc000000,0x00000000fc004000,0x00000000feb00000)
 Metaspace       used 8949K, capacity 9220K, committed 9472K, reserved 1056768K
  class space    used 1152K, capacity 1246K, committed 1280K, reserved 1048576K
Event: 0.720 GC heap after
Heap after GC invocations=2 (full 0):
 PSYoungGen      total 18944K, used 2544K [0x00000000feb00000, 0x0000000100000000, 0x0000000100000000)
  eden space 16384K, 0% used [0x00000000feb00000,0x00000000feb00000,0x00000000ffb00000)
  from space 2560K, 99% used [0x00000000ffd80000,0x00000000ffffc010,0x0000000100000000)
  to   space 2560K, 0% used [0x00000000ffb00000,0x00000000ffb00000,0x00000000ffd80000)
 ParOldGen       total 44032K, used 1382K [0x00000000fc000000, 0x00000000feb00000, 0x00000000feb00000)
  object space 44032K, 3% used [0x00000000fc000000,0x00000000fc159be0,0x00000000feb00000)
 Metaspace       used 8949K, capacity 9220K, committed 9472K, reserved 1056768K
  class space    used 1152K, capacity 1246K, committed 1280K, reserved 1048576K
}
Event: 12.677 GC heap before
{Heap before GC invocations=3 (full 0):
 PSYoungGen      total 18944K, used 18928K [0x00000000feb00000, 0x0000000100000000, 0x0000000100000000)
  eden space 16384K, 100% used [0x00000000feb00000,0x00000000ffb00000,0x00000000ffb00000)
  from space 2560K, 99% used [0x00000000ffd80000,0x00000000ffffc010,0x0000000100000000)
  to   space 2560K, 0% used [0x00000000ffb00000,0x00000000ffb00000,0x00000000ffd80000)
 ParOldGen       total 44032K, used 1382K [0x00000000fc000000, 0x00000000feb00000, 0x00000000feb00000)
  object space 44032K, 3% used [0x00000000fc000000,0x00000000fc159be0,0x00000000feb00000)
 Metaspace       used 11728K, capacity 11982K, committed 12160K, reserved 1060864K
  class space    used 1539K, capacity 1633K, committed 1664K, reserved 1048576K
Event: 12.682 GC heap after
Heap after GC invocations=3 (full 0):
 PSYoungGen      total 18944K, used 2544K [0x00000000feb00000, 0x0000000100000000, 0x0000000100000000)
  eden space 16384K, 0% used [0x00000000feb00000,0x00000000feb00000,0x00000000ffb00000)
  from space 2560K, 99% used [0x00000000ffb00000,0x00000000ffd7c010,0x00000000ffd80000)
  to   space 2560K, 0% used [0x00000000ffd80000,0x00000000ffd80000,0x0000000100000000)
 ParOldGen       total 44032K, used 3110K [0x00000000fc000000, 0x00000000feb00000, 0x00000000feb00000)
  object space 44032K, 7% used [0x00000000fc000000,0x00000000fc309928,0x00000000feb00000)
 Metaspace       used 11728K, capacity 11982K, committed 12160K, reserved 1060864K
  class space    used 1539K, capacity 1633K, committed 1664K, reserved 1048576K
}

Deoptimization events (10 events):
Event: 0.784 Thread 0x0000000002e32800 Uncommon trap: reason=unstable_if action=reinterpret pc=0x00000000031d58c8 method=java.util.HashMap.getNode(ILjava/lang/Object;)Ljava/util/HashMap$Node; @ 129
Event: 0.784 Thread 0x0000000002e32800 Uncommon trap: reason=bimorphic action=maybe_recompile pc=0x000000000322e9ec method=java.util.HashMap.putVal(ILjava/lang/Object;Ljava/lang/Object;ZZ)Ljava/lang/Object; @ 203
Event: 28.102 Thread 0x0000000002e32800 Uncommon trap: reason=unstable_if action=reinterpret pc=0x00000000033668cc method=com.esotericsoftware.kryo.io.Input.readUtf8(I)V @ 79
Event: 29.285 Thread 0x0000000002e32800 Uncommon trap: reason=unstable_if action=reinterpret pc=0x000000000333283c method=com.esotericsoftware.kryo.io.Input.readUtf8(I)V @ 79
Event: 44.466 Thread 0x0000000002e32800 Uncommon trap: reason=unstable_if action=reinterpret pc=0x0000000003374f70 method=com.esotericsoftware.kryo.io.Input.require(I)I @ 180
Event: 44.469 Thread 0x0000000002e32800 Uncommon trap: reason=class_check action=maybe_recompile pc=0x0000000003385654 method=org.gradle.internal.logging.sink.OutputEventTransformer.onOutput(Lorg/gradle/internal/logging/events/OutputEvent;)V @ 328
Event: 44.471 Thread 0x0000000016bb4800 Uncommon trap: reason=class_check action=maybe_recompile pc=0x000000000336d27c method=org.gradle.internal.logging.sink.GroupingProgressLogEventGenerator.onOutput(Lorg/gradle/internal/logging/events/OutputEvent;)V @ 27
Event: 44.471 Thread 0x0000000016bb4800 Uncommon trap: reason=unstable_if action=reinterpret pc=0x000000000332728c method=org.gradle.internal.logging.text.AbstractLineChoppingStyledTextOutput$2.execute(Lorg/gradle/internal/logging/text/AbstractLineChoppingStyledTextOutput$StateContext;)V @ 30
Event: 44.471 Thread 0x0000000016bb4800 Uncommon trap: reason=unstable_if action=reinterpret pc=0x0000000003322dac method=org.gradle.internal.logging.text.AbstractLineChoppingStyledTextOutput$2.execute(Lorg/gradle/internal/logging/text/AbstractLineChoppingStyledTextOutput$StateContext;)V @ 30
Event: 44.471 Thread 0x0000000016bb4800 Uncommon trap: reason=unstable_if action=reinterpret pc=0x0000000003323598 method=org.gradle.internal.logging.text.AbstractLineChoppingStyledTextOutput$2.execute(Lorg/gradle/internal/logging/text/AbstractLineChoppingStyledTextOutput$StateContext;)V @ 30

Classes redefined (0 events):
No events

Internal exceptions (10 events):
Event: 0.752 Thread 0x0000000002e32800 Exception <a 'java/lang/ArrayIndexOutOfBoundsException'> (0x00000000fede3b58) thrown at [C:\jenkins\workspace\8-2-build-windows-amd64-cygwin\jdk8u251\737\hotspot\src\share\vm\runtime\sharedRuntime.cpp, line 605]
Event: 0.752 Thread 0x0000000002e32800 Exception <a 'java/lang/ArrayIndexOutOfBoundsException'> (0x00000000fede83e0) thrown at [C:\jenkins\workspace\8-2-build-windows-amd64-cygwin\jdk8u251\737\hotspot\src\share\vm\runtime\sharedRuntime.cpp, line 605]
Event: 0.756 Thread 0x0000000002e32800 Exception <a 'java/lang/ArrayIndexOutOfBoundsException'> (0x00000000fee5e320) thrown at [C:\jenkins\workspace\8-2-build-windows-amd64-cygwin\jdk8u251\737\hotspot\src\share\vm\runtime\sharedRuntime.cpp, line 605]
Event: 0.756 Thread 0x0000000002e32800 Exception <a 'java/lang/ArrayIndexOutOfBoundsException'> (0x00000000fee5f570) thrown at [C:\jenkins\workspace\8-2-build-windows-amd64-cygwin\jdk8u251\737\hotspot\src\share\vm\runtime\sharedRuntime.cpp, line 605]
Event: 0.756 Thread 0x0000000002e32800 Exception <a 'java/lang/ArrayIndexOutOfBoundsException'> (0x00000000fee62030) thrown at [C:\jenkins\workspace\8-2-build-windows-amd64-cygwin\jdk8u251\737\hotspot\src\share\vm\runtime\sharedRuntime.cpp, line 605]
Event: 0.756 Thread 0x0000000002e32800 Exception <a 'java/lang/ArrayIndexOutOfBoundsException'> (0x00000000fee63bb0) thrown at [C:\jenkins\workspace\8-2-build-windows-amd64-cygwin\jdk8u251\737\hotspot\src\share\vm\runtime\sharedRuntime.cpp, line 605]
Event: 0.756 Thread 0x0000000002e32800 Exception <a 'java/lang/ArrayIndexOutOfBoundsException'> (0x00000000fee65890) thrown at [C:\jenkins\workspace\8-2-build-windows-amd64-cygwin\jdk8u251\737\hotspot\src\share\vm\runtime\sharedRuntime.cpp, line 605]
Event: 0.756 Thread 0x0000000002e32800 Exception <a 'java/lang/ArrayIndexOutOfBoundsException'> (0x00000000fee69198) thrown at [C:\jenkins\workspace\8-2-build-windows-amd64-cygwin\jdk8u251\737\hotspot\src\share\vm\runtime\sharedRuntime.cpp, line 605]
Event: 0.756 Thread 0x0000000002e32800 Exception <a 'java/lang/ArrayIndexOutOfBoundsException'> (0x00000000fee6ab28) thrown at [C:\jenkins\workspace\8-2-build-windows-amd64-cygwin\jdk8u251\737\hotspot\src\share\vm\runtime\sharedRuntime.cpp, line 605]
Event: 44.466 Thread 0x0000000002e32800 Exception <a 'java/io/IOException'> (0x00000000ff1dcb60) thrown at [C:\jenkins\workspace\8-2-build-windows-amd64-cygwin\jdk8u251\737\hotspot\src\share\vm\prims\jni.cpp, line 710]

Events (10 events):
Event: 44.471 Thread 0x0000000016bb4800 Uncommon trap: trap_request=0xffffff65 fr.pc=0x000000000332728c
Event: 44.471 Thread 0x0000000016bb4800 DEOPT PACKING pc=0x000000000332728c sp=0x0000000017cde9a0
Event: 44.471 Thread 0x0000000016bb4800 DEOPT UNPACKING pc=0x0000000002f7583b sp=0x0000000017cde828 mode 2
Event: 44.471 Thread 0x0000000016bb4800 Uncommon trap: trap_request=0xffffff65 fr.pc=0x0000000003322dac
Event: 44.471 Thread 0x0000000016bb4800 DEOPT PACKING pc=0x0000000003322dac sp=0x0000000017cde610
Event: 44.471 Thread 0x0000000016bb4800 DEOPT UNPACKING pc=0x0000000002f7583b sp=0x0000000017cde508 mode 2
Event: 44.471 Thread 0x0000000016bb4800 Uncommon trap: trap_request=0xffffff65 fr.pc=0x0000000003323598
Event: 44.472 Thread 0x0000000016bb4800 DEOPT PACKING pc=0x0000000003323598 sp=0x0000000017cde8a0
Event: 44.472 Thread 0x0000000016bb4800 DEOPT UNPACKING pc=0x0000000002f7583b sp=0x0000000017cde848 mode 2
Event: 44.477 Thread 0x0000000002e32800 Uncommon trap: trap_request=0xffffffde fr.pc=0x0000000003385654


Dynamic libraries:
0x00007ff77fbc0000 - 0x00007ff77fbf7000 	C:\Program Files\Java\jdk1.8.0_251\bin\java.exe
0x00007ffe01110000 - 0x00007ffe01309000 	C:\WINDOWS\SYSTEM32\ntdll.dll
0x00007ffe002b0000 - 0x00007ffe0036c000 	C:\WINDOWS\System32\KERNEL32.DLL
0x00007ffdfee00000 - 0x00007ffdff0e1000 	C:\WINDOWS\System32\KERNELBASE.dll
0x00007ffdfbe10000 - 0x00007ffdfbea2000 	C:\WINDOWS\SYSTEM32\apphelp.dll
0x00007ffe00020000 - 0x00007ffe000cc000 	C:\WINDOWS\System32\ADVAPI32.dll
0x00007ffe001e0000 - 0x00007ffe00282000 	C:\WINDOWS\System32\msvcrt.dll
0x00007ffe000d0000 - 0x00007ffe0016b000 	C:\WINDOWS\System32\sechost.dll
0x00007ffe00370000 - 0x00007ffe0048d000 	C:\WINDOWS\System32\RPCRT4.dll
0x00007ffe00bd0000 - 0x00007ffe00d71000 	C:\WINDOWS\System32\USER32.dll
0x00007ffdff0f0000 - 0x00007ffdff116000 	C:\WINDOWS\System32\win32u.dll
0x00007ffe00ba0000 - 0x00007ffe00bcb000 	C:\WINDOWS\System32\GDI32.dll
0x00007ffdfec60000 - 0x00007ffdfed6b000 	C:\WINDOWS\System32\gdi32full.dll
0x00007ffdfebc0000 - 0x00007ffdfec5c000 	C:\WINDOWS\System32\msvcp_win.dll
0x00007ffdfe820000 - 0x00007ffdfe925000 	C:\WINDOWS\System32\ucrtbase.dll
0x00007ffde1d30000 - 0x00007ffde1fc5000 	C:\WINDOWS\WinSxS\amd64_microsoft.windows.common-controls_6595b64144ccf1df_6.0.19613.1000_none_6d9931b592293f71\COMCTL32.dll
0x00007ffe00b70000 - 0x00007ffe00b9f000 	C:\WINDOWS\System32\IMM32.DLL
0x0000000059e60000 - 0x0000000059f32000 	C:\Program Files\Java\jdk1.8.0_251\jre\bin\msvcr100.dll
0x00000000595b0000 - 0x0000000059e5b000 	C:\Program Files\Java\jdk1.8.0_251\jre\bin\server\jvm.dll
0x00007ffdff170000 - 0x00007ffdff178000 	C:\WINDOWS\System32\PSAPI.DLL
0x00007ffdf6ec0000 - 0x00007ffdf6eca000 	C:\WINDOWS\SYSTEM32\VERSION.dll
0x00007ffdd0bc0000 - 0x00007ffdd0be7000 	C:\WINDOWS\SYSTEM32\WINMM.dll
0x00007ffddeaa0000 - 0x00007ffddeaa9000 	C:\WINDOWS\SYSTEM32\WSOCK32.dll
0x00007ffe006f0000 - 0x00007ffe0075f000 	C:\WINDOWS\System32\WS2_32.dll
0x00007ffdf34d0000 - 0x00007ffdf34df000 	C:\Program Files\Java\jdk1.8.0_251\jre\bin\verify.dll
0x00007ffde0070000 - 0x00007ffde0099000 	C:\Program Files\Java\jdk1.8.0_251\jre\bin\java.dll
0x00007ffde5100000 - 0x00007ffde5116000 	C:\Program Files\Java\jdk1.8.0_251\jre\bin\zip.dll
0x00007ffdff180000 - 0x00007ffdff8b4000 	C:\WINDOWS\System32\SHELL32.dll
0x00007ffdfc9c0000 - 0x00007ffdfd184000 	C:\WINDOWS\SYSTEM32\windows.storage.dll
0x00007ffe00810000 - 0x00007ffe00b61000 	C:\WINDOWS\System32\combase.dll
0x00007ffe00760000 - 0x00007ffe0080c000 	C:\WINDOWS\System32\SHCORE.dll
0x00007ffe00fe0000 - 0x00007ffe01035000 	C:\WINDOWS\System32\shlwapi.dll
0x00007ffdfe760000 - 0x00007ffdfe77f000 	C:\WINDOWS\SYSTEM32\profapi.dll
0x00007ffde4a70000 - 0x00007ffde4a8a000 	C:\Program Files\Java\jdk1.8.0_251\jre\bin\net.dll
0x00007ffdfdf80000 - 0x00007ffdfdfe7000 	C:\WINDOWS\system32\mswsock.dll
0x00007ffde4250000 - 0x00007ffde4262000 	C:\Program Files\Java\jdk1.8.0_251\jre\bin\nio.dll
0x00007ffde6190000 - 0x00007ffde61b7000 	C:\Users\Dwayne Ewens\.gradle\native\481b90ef2c2b5ab96622bab5346fdaaafe5c91895d4d4de1c4fe4b2e89a8011f\windows-amd64\native-platform.dll
0x00007ffdef060000 - 0x00007ffdef06a000 	C:\Users\Dwayne Ewens\.gradle\native\jansi\1.18\windows64\jansi.dll
0x00007ffdf3070000 - 0x00007ffdf307d000 	C:\Program Files\Java\jdk1.8.0_251\jre\bin\management.dll
0x00007ffdfe200000 - 0x00007ffdfe218000 	C:\WINDOWS\SYSTEM32\CRYPTSP.dll
0x00007ffdfd8d0000 - 0x00007ffdfd904000 	C:\WINDOWS\system32\rsaenh.dll
0x00007ffdfe720000 - 0x00007ffdfe74d000 	C:\WINDOWS\SYSTEM32\USERENV.dll
0x00007ffdfed70000 - 0x00007ffdfed97000 	C:\WINDOWS\System32\bcrypt.dll
0x00007ffdfeb40000 - 0x00007ffdfebbe000 	C:\WINDOWS\System32\bcryptprimitives.dll
0x00007ffdfe130000 - 0x00007ffdfe13c000 	C:\WINDOWS\SYSTEM32\CRYPTBASE.dll
0x00007ffdfdc60000 - 0x00007ffdfdc8d000 	C:\WINDOWS\SYSTEM32\IPHLPAPI.DLL
0x00007ffe00170000 - 0x00007ffe00179000 	C:\WINDOWS\System32\NSI.dll
0x00007ffdf8a30000 - 0x00007ffdf8a47000 	C:\WINDOWS\SYSTEM32\dhcpcsvc6.DLL
0x00007ffdf8670000 - 0x00007ffdf868d000 	C:\WINDOWS\SYSTEM32\dhcpcsvc.DLL
0x00007ffdfdca0000 - 0x00007ffdfdd6c000 	C:\WINDOWS\SYSTEM32\DNSAPI.dll

VM Arguments:
jvm_args: -Xmx64m -Xms64m -Dorg.gradle.appname=gradlew 
java_command: org.gradle.wrapper.GradleWrapperMain task installDebug
java_class_path (initial): C:\Users\Dwayne Ewens\Documents\GitHub\Mobile-SDK-Android\Sample Code\\gradle\wrapper\gradle-wrapper.jar
Launcher Type: SUN_STANDARD

Environment Variables:
JAVA_HOME=C:\Program Files\Java\jdk1.8.0_251
CLASSPATH=C:\Users\Dwayne Ewens\Documents\GitHub\Mobile-SDK-Android\Sample Code\\gradle\wrapper\gradle-wrapper.jar
PATH=C:\Program Files\Python39\Scripts\;C:\Program Files\Python39\;C:\Program Files (x86)\Common Files\Oracle\Java\javapath;C:\WINDOWS\system32;C:\WINDOWS;C:\WINDOWS\System32\Wbem;C:\WINDOWS\System32\WindowsPowerShell\v1.0\;C:\WINDOWS\System32\OpenSSH\;C:\Program Files\Git\cmd;C:\Program Files (x86)\Yarn\bin\;C:\ProgramData\chocolatey\bin;C:\Program Files\nodejs\;C:\Program Files (x86)\Windows Kits\10\Windows Performance Toolkit\;C:\Program Files\Docker\Docker\resources\bin;C:\Program Files\Java\jdk-14.0.1\bin;C:\Program Files\Java\jdk1.8.0_251\bin;C:\Users\Dwayne Ewens\AppData\Local\Microsoft\WindowsApps;C:\Users\Dwayne Ewens\AppData\Local\GitHubDesktop\bin;C:\Users\Dwayne Ewens\AppData\Local\Yarn\bin;C:\Users\Dwayne Ewens\AppData\Roaming\npm;C:\Users\Dwayne Ewens\AppData\Local\Programs\Microsoft VS Code\bin;;C:\Program Files\JetBrains\IntelliJ IDEA Community Edition 2019.3.1\bin;C:\Users\Dwayne Ewens\.dotnet\tools;%USERPROFILE%\AppData\Local\Microsoft\WindowsApps
USERNAME=Dwayne Ewens
OS=Windows_NT
PROCESSOR_IDENTIFIER=Intel64 Family 6 Model 142 Stepping 10, GenuineIntel



---------------  S Y S T E M  ---------------

OS: Windows 10.0 , 64 bit Build 19613 (10.0.19613.1000)

CPU:total 8 (initial active 8) (4 cores per cpu, 2 threads per core) family 6 model 142 stepping 10, cmov, cx8, fxsr, mmx, sse, sse2, sse3, ssse3, sse4.1, sse4.2, popcnt, avx, avx2, aes, clmul, erms, rtm, 3dnowpref, lzcnt, ht, tsc, tscinvbit, bmi1, bmi2, adx

Memory: 4k page, physical 8308080k(1392552k free), swap 10263920k(57044k free)

vm_info: Java HotSpot(TM) 64-Bit Server VM (25.251-b08) for windows-amd64 JRE (1.8.0_251-b08), built on Mar 12 2020 06:31:49 by "" with MS VC++ 10.0 (VS2010)

time: Sun Apr 26 21:53:36 2020
timezone: Central Daylight Time
elapsed time: 44 seconds (0d 0h 0m 44s)

