#
# There is insufficient memory for the Java Runtime Environment to continue.
# Native memory allocation (malloc) failed to allocate 32744 bytes for ChunkPool::allocate
# Possible reasons:
#   The system is out of physical RAM or swap space
#   The process is running with CompressedOops enabled, and the Java Heap may be blocking the growth of the native heap
# Possible solutions:
#   Reduce memory load on the system
#   Increase physical memory or swap space
#   Check if swap backing store is full
#   Decrease Java heap size (-Xmx/-Xms)
#   Decrease number of Java threads
#   Decrease Java thread stack sizes (-Xss)
#   Set larger code cache with -XX:ReservedCodeCacheSize=
#   JVM is running with Unscaled Compressed Oops mode in which the Java heap is
#     placed in the first 4GB address space. The Java Heap base address is the
#     maximum limit for the native heap growth. Please use -XX:HeapBaseMinAddress
#     to set the Java Heap base and to place the Java Heap above 4GB virtual address.
# This output file may be truncated or incomplete.
#
#  Out of Memory Error (allocation.cpp:272), pid=19380, tid=0x0000000000001e28
#
# JRE version: Java(TM) SE Runtime Environment (8.0_241-b07) (build 1.8.0_241-b07)
# Java VM: Java HotSpot(TM) 64-Bit Server VM (25.241-b07 mixed mode windows-amd64 compressed oops)
# Failed to write core dump. Minidumps are not enabled by default on client versions of Windows
#

---------------  T H R E A D  ---------------

Current thread (0x0000000018a66000):  JavaThread "C2 CompilerThread0" daemon [_thread_in_native, id=7720, stack(0x0000000019360000,0x0000000019460000)]

Stack: [0x0000000019360000,0x0000000019460000]
[error occurred during error reporting (printing stack bounds), id 0xc0000005]

Native frames: (J=compiled Java code, j=interpreted, Vv=VM code, C=native code)


Current CompileTask:
C2:   5717 1540   !   4       java.net.URLClassLoader$1::run (63 bytes)


---------------  P R O C E S S  ---------------

Java Threads: ( => current thread )
  0x0000000018c71000 JavaThread "File lock release action executor" [_thread_blocked, id=12856, stack(0x000000001fc30000,0x000000001fd30000)]
  0x0000000018c70800 JavaThread "File watcher consumer" daemon [_thread_blocked, id=14600, stack(0x000000001d990000,0x000000001da90000)]
  0x0000000018c6f000 JavaThread "Cache worker for file hash cache (C:\Users\ewens\.gradle\caches\6.5-20200420220036+0000\fileHashes)" [_thread_blocked, id=4068, stack(0x000000001d890000,0x000000001d990000)]
  0x0000000018c6f800 JavaThread "File lock request listener" [_thread_in_native, id=20660, stack(0x000000001d790000,0x000000001d890000)]
  0x0000000018c75800 JavaThread "Cache worker for journal cache (C:\Users\ewens\.gradle\caches\journal-1)" [_thread_blocked, id=8388, stack(0x000000001d690000,0x000000001d790000)]
  0x0000000018c75000 JavaThread "Thread-9" [_thread_blocked, id=13856, stack(0x000000001c3c0000,0x000000001c4c0000)]
  0x0000000018c74000 JavaThread "Stdin handler" [_thread_blocked, id=11928, stack(0x000000001c2c0000,0x000000001c3c0000)]
  0x0000000018c73800 JavaThread "Asynchronous log dispatcher for DefaultDaemonConnection: socket connection from /127.0.0.1:60426 to /127.0.0.1:60427" [_thread_blocked, id=19784, stack(0x000000001c1c0000,0x000000001c2c0000)]
  0x0000000018c72800 JavaThread "Daemon worker" [_thread_in_vm, id=20324, stack(0x000000001bfc0000,0x000000001c0c0000)]
  0x000000001b0d8000 JavaThread "Cancel handler" [_thread_blocked, id=16440, stack(0x000000001bec0000,0x000000001bfc0000)]
  0x000000001b087800 JavaThread "Handler for socket connection from /127.0.0.1:60426 to /127.0.0.1:60427" [_thread_in_native, id=13612, stack(0x000000001bbc0000,0x000000001bcc0000)]
  0x000000001b072000 JavaThread "Daemon" [_thread_blocked, id=16868, stack(0x000000001bac0000,0x000000001bbc0000)]
  0x000000001b05f000 JavaThread "Daemon periodic checks" [_thread_blocked, id=6548, stack(0x000000001b9c0000,0x000000001bac0000)]
  0x000000001b019800 JavaThread "Incoming local TCP Connector on port 60426" [_thread_in_native, id=20380, stack(0x000000001b770000,0x000000001b870000)]
  0x000000001af18000 JavaThread "Daemon health stats" [_thread_blocked, id=17396, stack(0x000000001b130000,0x000000001b230000)]
  0x0000000018aff800 JavaThread "Service Thread" daemon [_thread_blocked, id=10424, stack(0x0000000019760000,0x0000000019860000)]
  0x0000000018abe800 JavaThread "C1 CompilerThread3" daemon [_thread_in_native, id=1832, stack(0x0000000019660000,0x0000000019760000)]
  0x0000000018a8f000 JavaThread "C2 CompilerThread2" daemon [_thread_in_native, id=8496, stack(0x0000000019560000,0x0000000019660000)]
  0x0000000018a68000 JavaThread "C2 CompilerThread1" daemon [_thread_in_native, id=18568, stack(0x0000000019460000,0x0000000019560000)]
=>0x0000000018a66000 JavaThread "C2 CompilerThread0" daemon [_thread_in_native, id=7720, stack(0x0000000019360000,0x0000000019460000)]
  0x0000000018a62000 JavaThread "Attach Listener" daemon [_thread_blocked, id=15668, stack(0x0000000019260000,0x0000000019360000)]
  0x0000000018a60800 JavaThread "Signal Dispatcher" daemon [_thread_blocked, id=11924, stack(0x0000000019160000,0x0000000019260000)]
  0x0000000018a51000 JavaThread "Finalizer" daemon [_thread_blocked, id=17448, stack(0x0000000018f30000,0x0000000019030000)]
  0x0000000018a50800 JavaThread "Reference Handler" daemon [_thread_blocked, id=12660, stack(0x0000000018e30000,0x0000000018f30000)]
  0x0000000002d92800 JavaThread "main" [_thread_blocked, id=1620, stack(0x0000000002c90000,0x0000000002d90000)]

Other Threads:
  0x0000000016c49000 VMThread [stack: 0x0000000018930000,0x0000000018a30000] [id=2424]
  0x0000000018b03000 WatcherThread [stack: 0x0000000019860000,0x0000000019960000] [id=18264]

VM state:not at safepoint (normal execution)

VM Mutex/Monitor currently owned by a thread: None

heap address: 0x00000000a0000000, size: 1536 MB, Compressed Oops mode: 32-bit
Narrow klass base: 0x0000000000000000, Narrow klass shift: 3
Compressed class space size: 1073741824 Address: 0x0000000100000000

Heap:
 PSYoungGen      total 141824K, used 58695K [0x00000000e0000000, 0x00000000e9500000, 0x0000000100000000)
  eden space 131072K, 38% used [0x00000000e0000000,0x00000000e30b4238,0x00000000e8000000)
  from space 10752K, 82% used [0x00000000e8a80000,0x00000000e931dab8,0x00000000e9500000)
  to   space 10752K, 0% used [0x00000000e8000000,0x00000000e8000000,0x00000000e8a80000)
 ParOldGen       total 175104K, used 24K [0x00000000a0000000, 0x00000000aab00000, 0x00000000e0000000)
  object space 175104K, 0% used [0x00000000a0000000,0x00000000a0006000,0x00000000aab00000)
 Metaspace       used 18074K, capacity 18592K, committed 18944K, reserved 1064960K
  class space    used 2544K, capacity 2736K, committed 2816K, reserved 1048576K

Card table byte_map: [0x0000000012250000,0x0000000012560000] byte_map_base: 0x0000000011d50000

Marking Bits: (ParMarkBitMap*) 0x00000000580dbe30
 Begin Bits: [0x0000000012f60000, 0x0000000014760000)
 End Bits:   [0x0000000014760000, 0x0000000015f60000)

Polling page: 0x0000000001570000

CodeCache: size=245760Kb used=5686Kb max_used=5700Kb free=240073Kb
 bounds [0x0000000002e90000, 0x0000000003430000, 0x0000000011e90000]
 total_blobs=2036 nmethods=1635 adapters=313
 compilation: enabled

Compilation events (10 events):
Event: 5.593 Thread 0x0000000018abe800 nmethod 1642 0x000000000341b3d0 code [0x000000000341b620, 0x000000000341c748]
Event: 5.601 Thread 0x0000000018abe800 1644       1       java.nio.channels.spi.AbstractInterruptibleChannel::isOpen (5 bytes)
Event: 5.601 Thread 0x0000000018abe800 nmethod 1644 0x0000000003419b50 code [0x0000000003419ca0, 0x0000000003419db0]
Event: 5.635 Thread 0x0000000018a8f000 nmethod 1633% 0x0000000003423610 code [0x0000000003423800, 0x0000000003424cf8]
Event: 5.635 Thread 0x0000000018a8f000 1643       4       java.lang.Class::getName (21 bytes)
Event: 5.636 Thread 0x0000000018a8f000 nmethod 1643 0x00000000034198d0 code [0x0000000003419a20, 0x0000000003419ac8]
Event: 5.648 Thread 0x0000000018abe800 1645       3       com.google.common.base.Preconditions::checkPositionIndex (8 bytes)
Event: 5.649 Thread 0x0000000018abe800 nmethod 1645 0x00000000034192d0 code [0x0000000003419460, 0x0000000003419758]
Event: 5.690 Thread 0x0000000018abe800 1646       3       java.lang.Class::privateGetDeclaredFields (67 bytes)
Event: 5.698 Thread 0x0000000018a8f000 1649       4       java.util.ArrayList$Itr::next (66 bytes)

GC Heap History (4 events):
Event: 2.763 GC heap before
{Heap before GC invocations=1 (full 0):
 PSYoungGen      total 76288K, used 65536K [0x00000000e0000000, 0x00000000e5500000, 0x0000000100000000)
  eden space 65536K, 100% used [0x00000000e0000000,0x00000000e4000000,0x00000000e4000000)
  from space 10752K, 0% used [0x00000000e4a80000,0x00000000e4a80000,0x00000000e5500000)
  to   space 10752K, 0% used [0x00000000e4000000,0x00000000e4000000,0x00000000e4a80000)
 ParOldGen       total 175104K, used 0K [0x00000000a0000000, 0x00000000aab00000, 0x00000000e0000000)
  object space 175104K, 0% used [0x00000000a0000000,0x00000000a0000000,0x00000000aab00000)
 Metaspace       used 7331K, capacity 7486K, committed 7680K, reserved 1056768K
  class space    used 921K, capacity 1005K, committed 1024K, reserved 1048576K
Event: 2.821 GC heap after
Heap after GC invocations=1 (full 0):
 PSYoungGen      total 76288K, used 5652K [0x00000000e0000000, 0x00000000e9500000, 0x0000000100000000)
  eden space 65536K, 0% used [0x00000000e0000000,0x00000000e0000000,0x00000000e4000000)
  from space 10752K, 52% used [0x00000000e4000000,0x00000000e4585080,0x00000000e4a80000)
  to   space 10752K, 0% used [0x00000000e8a80000,0x00000000e8a80000,0x00000000e9500000)
 ParOldGen       total 175104K, used 8K [0x00000000a0000000, 0x00000000aab00000, 0x00000000e0000000)
  object space 175104K, 0% used [0x00000000a0000000,0x00000000a0002000,0x00000000aab00000)
 Metaspace       used 7331K, capacity 7486K, committed 7680K, reserved 1056768K
  class space    used 921K, capacity 1005K, committed 1024K, reserved 1048576K
}
Event: 4.989 GC heap before
{Heap before GC invocations=2 (full 0):
 PSYoungGen      total 76288K, used 71188K [0x00000000e0000000, 0x00000000e9500000, 0x0000000100000000)
  eden space 65536K, 100% used [0x00000000e0000000,0x00000000e4000000,0x00000000e4000000)
  from space 10752K, 52% used [0x00000000e4000000,0x00000000e4585080,0x00000000e4a80000)
  to   space 10752K, 0% used [0x00000000e8a80000,0x00000000e8a80000,0x00000000e9500000)
 ParOldGen       total 175104K, used 8K [0x00000000a0000000, 0x00000000aab00000, 0x00000000e0000000)
  object space 175104K, 0% used [0x00000000a0000000,0x00000000a0002000,0x00000000aab00000)
 Metaspace       used 13928K, capacity 14366K, committed 14464K, reserved 1060864K
  class space    used 1971K, capacity 2117K, committed 2176K, reserved 1048576K
Event: 5.006 GC heap after
Heap after GC invocations=2 (full 0):
 PSYoungGen      total 141824K, used 8822K [0x00000000e0000000, 0x00000000e9500000, 0x0000000100000000)
  eden space 131072K, 0% used [0x00000000e0000000,0x00000000e0000000,0x00000000e8000000)
  from space 10752K, 82% used [0x00000000e8a80000,0x00000000e931dab8,0x00000000e9500000)
  to   space 10752K, 0% used [0x00000000e8000000,0x00000000e8000000,0x00000000e8a80000)
 ParOldGen       total 175104K, used 24K [0x00000000a0000000, 0x00000000aab00000, 0x00000000e0000000)
  object space 175104K, 0% used [0x00000000a0000000,0x00000000a0006000,0x00000000aab00000)
 Metaspace       used 13928K, capacity 14366K, committed 14464K, reserved 1060864K
  class space    used 1971K, capacity 2117K, committed 2176K, reserved 1048576K
}

Deoptimization events (10 events):
Event: 4.538 Thread 0x000000001b087800 Uncommon trap: reason=unstable_if action=reinterpret pc=0x00000000031c81d4 method=java.lang.String.substring(I)Ljava/lang/String; @ 35
Event: 4.621 Thread 0x0000000018c72800 Uncommon trap: reason=bimorphic action=maybe_recompile pc=0x0000000003175390 method=java.util.HashMap.putVal(ILjava/lang/Object;Ljava/lang/Object;ZZ)Ljava/lang/Object; @ 253
Event: 4.622 Thread 0x0000000018c72800 Uncommon trap: reason=bimorphic action=maybe_recompile pc=0x0000000003175390 method=java.util.HashMap.putVal(ILjava/lang/Object;Ljava/lang/Object;ZZ)Ljava/lang/Object; @ 253
Event: 4.622 Thread 0x0000000018c72800 Uncommon trap: reason=bimorphic action=maybe_recompile pc=0x0000000003175390 method=java.util.HashMap.putVal(ILjava/lang/Object;Ljava/lang/Object;ZZ)Ljava/lang/Object; @ 253
Event: 4.622 Thread 0x0000000018c72800 Uncommon trap: reason=bimorphic action=maybe_recompile pc=0x000000000317d69c method=java.util.HashMap.putVal(ILjava/lang/Object;Ljava/lang/Object;ZZ)Ljava/lang/Object; @ 253
Event: 5.012 Thread 0x0000000018c72800 Uncommon trap: reason=class_check action=maybe_recompile pc=0x00000000031ce958 method=java.util.regex.Matcher.match(II)Z @ 86
Event: 5.012 Thread 0x0000000018c72800 Uncommon trap: reason=class_check action=maybe_recompile pc=0x00000000031ce958 method=java.util.regex.Matcher.match(II)Z @ 86
Event: 5.013 Thread 0x0000000018c72800 Uncommon trap: reason=class_check action=maybe_recompile pc=0x00000000031ce958 method=java.util.regex.Matcher.match(II)Z @ 86
Event: 5.013 Thread 0x0000000018c72800 Uncommon trap: reason=class_check action=maybe_recompile pc=0x0000000003053e8c method=java.util.regex.Matcher.match(II)Z @ 86
Event: 5.172 Thread 0x0000000018c72800 Uncommon trap: reason=unstable_if action=reinterpret pc=0x00000000031cb0dc method=java.io.File.getName()Ljava/lang/String; @ 16

Classes redefined (0 events):
No events

Internal exceptions (10 events):
Event: 4.525 Thread 0x000000001b087800 Exception <a 'java/lang/NoSuchMethodError': <clinit>> (0x00000000e26539b0) thrown at [C:\ade\jenkins\workspace\8-2-build-windows-amd64-cygwin\jdk8u241\331\hotspot\src\share\vm\prims\jni.cpp, line 1614]
Event: 4.526 Thread 0x000000001b087800 Exception <a 'java/lang/NoSuchMethodError': <clinit>> (0x00000000e265c600) thrown at [C:\ade\jenkins\workspace\8-2-build-windows-amd64-cygwin\jdk8u241\331\hotspot\src\share\vm\prims\jni.cpp, line 1614]
Event: 4.533 Thread 0x000000001b087800 Exception <a 'java/lang/NoSuchMethodError': <clinit>> (0x00000000e2672fe8) thrown at [C:\ade\jenkins\workspace\8-2-build-windows-amd64-cygwin\jdk8u241\331\hotspot\src\share\vm\prims\jni.cpp, line 1614]
Event: 4.550 Thread 0x000000001b087800 Exception <a 'java/lang/NoSuchMethodError': <clinit>> (0x00000000e26e8150) thrown at [C:\ade\jenkins\workspace\8-2-build-windows-amd64-cygwin\jdk8u241\331\hotspot\src\share\vm\prims\jni.cpp, line 1614]
Event: 4.557 Thread 0x000000001b087800 Exception <a 'java/lang/NoSuchMethodError': <clinit>> (0x00000000e2715588) thrown at [C:\ade\jenkins\workspace\8-2-build-windows-amd64-cygwin\jdk8u241\331\hotspot\src\share\vm\prims\jni.cpp, line 1614]
Event: 4.568 Thread 0x000000001b087800 Exception <a 'java/lang/NoSuchMethodError': <clinit>> (0x00000000e27337e0) thrown at [C:\ade\jenkins\workspace\8-2-build-windows-amd64-cygwin\jdk8u241\331\hotspot\src\share\vm\prims\jni.cpp, line 1614]
Event: 5.217 Thread 0x0000000018c72800 Exception <a 'java/lang/NoSuchMethodError': java.lang.Object.lambda$and$0(Ljava/util/function/Predicate;Ljava/lang/Object;)Z> (0x00000000e0c93878) thrown at [C:\ade\jenkins\workspace\8-2-build-windows-amd64-cygwin\jdk8u241\331\hotspot\src\share\vm\interpr
Event: 5.222 Thread 0x0000000018c72800 Exception <a 'java/lang/IncompatibleClassChangeError': Found class java.lang.Object, but interface was expected> (0x00000000e0ca3b70) thrown at [C:\ade\jenkins\workspace\8-2-build-windows-amd64-cygwin\jdk8u241\331\hotspot\src\share\vm\interpreter\linkReso
Event: 5.224 Thread 0x0000000018c72800 Exception <a 'java/lang/NoSuchMethodError': java.lang.Object.lambda$or$2(Ljava/util/function/Predicate;Ljava/lang/Object;)Z> (0x00000000e0ca86c0) thrown at [C:\ade\jenkins\workspace\8-2-build-windows-amd64-cygwin\jdk8u241\331\hotspot\src\share\vm\interpre
Event: 5.508 Thread 0x0000000018c72800 Exception <a 'java/lang/NoSuchMethodError': java.lang.Object.lambda$static$0(Lorg/gradle/internal/state/ModelObject;)Ljava/lang/String;> (0x00000000e2651938) thrown at [C:\ade\jenkins\workspace\8-2-build-windows-amd64-cygwin\jdk8u241\331\hotspot\src\share

Events (10 events):
Event: 5.697 loading class sun/reflect/annotation/ExceptionProxy done
Event: 5.697 loading class sun/reflect/annotation/AnnotationTypeMismatchExceptionProxy done
Event: 5.697 loading class sun/reflect/annotation/AnnotationParser$1
Event: 5.698 loading class sun/reflect/annotation/AnnotationParser$1 done
Event: 5.698 loading class sun/reflect/annotation/AnnotationInvocationHandler
Event: 5.698 loading class sun/reflect/annotation/AnnotationInvocationHandler done
Event: 5.699 loading class java/lang/annotation/Target
Event: 5.699 loading class java/lang/annotation/Target done
Event: 5.701 loading class java/lang/annotation/ElementType
Event: 5.701 loading class java/lang/annotation/ElementType done


Dynamic libraries:
0x00007ff7dee10000 - 0x00007ff7dee47000 	C:\Program Files\Java\jdk1.8.0_241\bin\java.exe
0x00007ff9663d0000 - 0x00007ff9665c9000 	C:\WINDOWS\SYSTEM32\ntdll.dll
0x00007ff9645c0000 - 0x00007ff96467c000 	C:\WINDOWS\System32\KERNEL32.DLL
0x00007ff963d80000 - 0x00007ff96405f000 	C:\WINDOWS\System32\KERNELBASE.dll
0x00007ff960f00000 - 0x00007ff960f92000 	C:\WINDOWS\SYSTEM32\apphelp.dll
0x00007ff965770000 - 0x00007ff96581c000 	C:\WINDOWS\System32\ADVAPI32.dll
0x00007ff9662e0000 - 0x00007ff966382000 	C:\WINDOWS\System32\msvcrt.dll
0x00007ff964f30000 - 0x00007ff964fcb000 	C:\WINDOWS\System32\sechost.dll
0x00007ff9655f0000 - 0x00007ff96570d000 	C:\WINDOWS\System32\RPCRT4.dll
0x00007ff965060000 - 0x00007ff965202000 	C:\WINDOWS\System32\USER32.dll
0x00007ff9641f0000 - 0x00007ff964216000 	C:\WINDOWS\System32\win32u.dll
0x00007ff9647a0000 - 0x00007ff9647ca000 	C:\WINDOWS\System32\GDI32.dll
0x00007ff963c70000 - 0x00007ff963d7b000 	C:\WINDOWS\System32\gdi32full.dll
0x00007ff963af0000 - 0x00007ff963b8a000 	C:\WINDOWS\System32\msvcp_win.dll
0x00007ff964060000 - 0x00007ff964165000 	C:\WINDOWS\System32\ucrtbase.dll
0x00007ff933b90000 - 0x00007ff933e25000 	C:\WINDOWS\WinSxS\amd64_microsoft.windows.common-controls_6595b64144ccf1df_6.0.19608.1000_none_706a959b0f6f598f\COMCTL32.dll
0x00007ff9659a0000 - 0x00007ff9659cf000 	C:\WINDOWS\System32\IMM32.DLL
0x0000000058160000 - 0x0000000058232000 	C:\Program Files\Java\jdk1.8.0_241\jre\bin\msvcr100.dll
0x00000000578b0000 - 0x000000005815c000 	C:\Program Files\Java\jdk1.8.0_241\jre\bin\server\jvm.dll
0x00007ff964fd0000 - 0x00007ff964fd8000 	C:\WINDOWS\System32\PSAPI.DLL
0x00007ff94f9e0000 - 0x00007ff94f9e9000 	C:\WINDOWS\SYSTEM32\WSOCK32.dll
0x00007ff965570000 - 0x00007ff9655df000 	C:\WINDOWS\System32\WS2_32.dll
0x00007ff958ce0000 - 0x00007ff958d07000 	C:\WINDOWS\SYSTEM32\WINMM.dll
0x00007ff95bc20000 - 0x00007ff95bc2a000 	C:\WINDOWS\SYSTEM32\VERSION.dll
0x00007ff8f7570000 - 0x00007ff8f757f000 	C:\Program Files\Java\jdk1.8.0_241\jre\bin\verify.dll
0x00007ff8f5af0000 - 0x00007ff8f5b19000 	C:\Program Files\Java\jdk1.8.0_241\jre\bin\java.dll
0x00007ff8f7440000 - 0x00007ff8f7456000 	C:\Program Files\Java\jdk1.8.0_241\jre\bin\zip.dll
0x00007ff9659e0000 - 0x00007ff966114000 	C:\WINDOWS\System32\SHELL32.dll
0x00007ff961c90000 - 0x00007ff96243a000 	C:\WINDOWS\SYSTEM32\windows.storage.dll
0x00007ff965210000 - 0x00007ff965561000 	C:\WINDOWS\System32\combase.dll
0x00007ff963490000 - 0x00007ff9634b9000 	C:\WINDOWS\SYSTEM32\Wldp.dll
0x00007ff966120000 - 0x00007ff9661cc000 	C:\WINDOWS\System32\SHCORE.dll
0x00007ff964560000 - 0x00007ff9645b5000 	C:\WINDOWS\System32\shlwapi.dll
0x00007ff963a30000 - 0x00007ff963a4f000 	C:\WINDOWS\SYSTEM32\profapi.dll
0x00007ff8f5ad0000 - 0x00007ff8f5aea000 	C:\Program Files\Java\jdk1.8.0_241\jre\bin\net.dll
0x00007ff963250000 - 0x00007ff9632b7000 	C:\WINDOWS\system32\mswsock.dll
0x00007ff8f5ab0000 - 0x00007ff8f5ac2000 	C:\Program Files\Java\jdk1.8.0_241\jre\bin\nio.dll
0x00007ff92d500000 - 0x00007ff92d527000 	C:\Users\ewens\.gradle\native\481b90ef2c2b5ab96622bab5346fdaaafe5c91895d4d4de1c4fe4b2e89a8011f\windows-amd64\native-platform.dll
0x00007ff9610c0000 - 0x00007ff9610cd000 	C:\Program Files\Java\jdk1.8.0_241\jre\bin\management.dll
0x00007ff9637d0000 - 0x00007ff9637e8000 	C:\WINDOWS\SYSTEM32\CRYPTSP.dll
0x00007ff962ba0000 - 0x00007ff962bd4000 	C:\WINDOWS\system32\rsaenh.dll
0x00007ff964170000 - 0x00007ff964197000 	C:\WINDOWS\System32\bcrypt.dll
0x00007ff9639c0000 - 0x00007ff9639ed000 	C:\WINDOWS\SYSTEM32\USERENV.dll
0x00007ff963bf0000 - 0x00007ff963c6e000 	C:\WINDOWS\System32\bcryptprimitives.dll
0x00007ff963400000 - 0x00007ff96340c000 	C:\WINDOWS\SYSTEM32\CRYPTBASE.dll
0x00007ff962f30000 - 0x00007ff962f5d000 	C:\WINDOWS\SYSTEM32\IPHLPAPI.DLL
0x00007ff9659d0000 - 0x00007ff9659d9000 	C:\WINDOWS\System32\NSI.dll
0x00007ff95d040000 - 0x00007ff95d057000 	C:\WINDOWS\SYSTEM32\dhcpcsvc6.DLL
0x00007ff95d020000 - 0x00007ff95d03d000 	C:\WINDOWS\SYSTEM32\dhcpcsvc.DLL
0x00007ff962f70000 - 0x00007ff96303c000 	C:\WINDOWS\SYSTEM32\DNSAPI.dll

VM Arguments:
jvm_args: -Xmx1536m -Dfile.encoding=windows-1252 -Djava.net.preferIPv4Stack=true -Duser.country=US -Duser.language=en -Duser.variant 
java_command: org.gradle.launcher.daemon.bootstrap.GradleDaemon 6.5-20200420220036+0000
java_class_path (initial): C:\Users\ewens\.gradle\wrapper\dists\gradle-6.5-20200420220036+0000-all\6pah0wzcvn7nd2swheubg6njr\gradle-6.5-20200420220036+0000\lib\gradle-launcher-6.5.jar
Launcher Type: SUN_STANDARD

Environment Variables:
JAVA_HOME=C:\Program Files\Java\jdk1.8.0_241
PATH=C:\Program Files (x86)\Common Files\Oracle\Java\javapath;C:\Program Files\Microsoft MPI\Bin\;C:\Python27\;C:\Python27\Scripts;C:\app\ewens\product\18.0.0\dbhomeXE\bin;C:\WINDOWS\system32;C:\WINDOWS;C:\WINDOWS\System32\Wbem;C:\WINDOWS\System32\WindowsPowerShell\v1.0\;C:\WINDOWS\System32\OpenSSH\;C:\Program Files\Microsoft SQL Server\Client SDK\ODBC\170\Tools\Binn\;C:\Program Files (x86)\Microsoft SQL Server\150\Tools\Binn\;C:\Program Files\Microsoft SQL Server\150\Tools\Binn\;C:\Program Files\Microsoft SQL Server\150\DTS\Binn\;C:\Program Files\dotnet\;C:\Program Files\Microsoft SQL Server Migration Assistant for Oracle\bin\;C:\Program Files\nodejs\;C:\ProgramData\chocolatey\bin;C:\Program Files\Microsoft SQL Server\130\Tools\Binn\;C:\Program Files (x86)\Microsoft SQL Server\140\Tools\Binn\;C:\Program Files\Microsoft SQL Server\140\Tools\Binn\;C:\Program Files (x86)\Microsoft SQL Server\140\DTS\Binn\;C:\Program Files\Microsoft SQL Server\140\DTS\Binn\;C:\Program Files\Microsoft SQL Server\Client SDK\ODBC\130\Tools\Binn\;C:\Program Files (x86)\HP\Common\HPDestPlgIn\;C:\Program Files (x86)\HP\IdrsOCR_15.3.1129.0\;C:\Program Files\Docker\Docker\resources\bin;C:\ProgramData\DockerDesktop\version-bin;C:\Program Files\Git\cmd;C:\Program Files (x86)\Microsoft SQL Server\150\DTS\Binn\;C:\Users\ewens\AppData\Local\Microsoft\WindowsApps;C:\Users\ewens\AppData\Local\Programs\Microsoft VS Code\bin;C:\Users\ewens\AppData\Roaming\npm;C:\Users\ewens\AppData\Local\GitHubDesktop\bin;C:\Users\ewens\AppData\Local\Microsoft\WindowsApps;C:\Program Files (x86)\HP\Common\HPDestPlgIn\;;C:\Program Files\JetBrains\IntelliJ IDEA Community Edition 2020.1\bin;
USERNAME=ewens
OS=Windows_NT
PROCESSOR_IDENTIFIER=Intel64 Family 6 Model 58 Stepping 9, GenuineIntel



---------------  S Y S T E M  ---------------

OS: Windows 10.0 , 64 bit Build 19608 (10.0.19608.1000)

CPU:total 8 (initial active 8) (4 cores per cpu, 2 threads per core) family 6 model 58 stepping 9, cmov, cx8, fxsr, mmx, sse, sse2, sse3, ssse3, sse4.1, sse4.2, popcnt, avx, aes, clmul, erms, ht, tsc, tscinvbit, tscinv

Memory: 4k page, physical 16730656k(3577892k free), swap 19739168k(20160k free)

vm_info: Java HotSpot(TM) 64-Bit Server VM (25.241-b07) for windows-amd64 JRE (1.8.0_241-b07), built on Dec 11 2019 10:21:40 by "rejava" with MS VC++ 10.0 (VS2010)

time: Tue Apr 21 11:30:22 2020
timezone: Central Daylight Time
elapsed time: 5 seconds (0d 0h 0m 5s)

